#
# There is insufficient memory for the Java Runtime Environment to continue.
# Native memory allocation (malloc) failed to allocate 2930416 bytes for Chunk::new
# Possible reasons:
#   The system is out of physical RAM or swap space
#   The process is running with CompressedOops enabled, and the Java Heap may be blocking the growth of the native heap
# Possible solutions:
#   Reduce memory load on the system
#   Increase physical memory or swap space
#   Check if swap backing store is full
#   Decrease Java heap size (-Xmx/-Xms)
#   Decrease number of Java threads
#   Decrease Java thread stack sizes (-Xss)
#   Set larger code cache with -XX:ReservedCodeCacheSize=
#   JVM is running with Unscaled Compressed Oops mode in which the Java heap is
#     placed in the first 4GB address space. The Java Heap base address is the
#     maximum limit for the native heap growth. Please use -XX:HeapBaseMinAddress
#     to set the Java Heap base and to place the Java Heap above 4GB virtual address.
# This output file may be truncated or incomplete.
#
#  Out of Memory Error (arena.cpp:189), pid=12788, tid=2940
#
# JRE version: OpenJDK Runtime Environment Temurin-17.0.2+8 (17.0.2+8) (build 17.0.2+8)
# Java VM: OpenJDK 64-Bit Server VM Temurin-17.0.2+8 (17.0.2+8, mixed mode, tiered, compressed oops, compressed class ptrs, parallel gc, windows-amd64)
# No core dump will be written. Minidumps are not enabled by default on client versions of Windows
#

---------------  S U M M A R Y ------------

Command Line: --add-modules=ALL-SYSTEM --add-opens=java.base/java.util=ALL-UNNAMED --add-opens=java.base/java.lang=ALL-UNNAMED --add-opens=java.base/sun.nio.fs=ALL-UNNAMED -Declipse.application=org.eclipse.jdt.ls.core.id1 -Dosgi.bundles.defaultStartLevel=4 -Declipse.product=org.eclipse.jdt.ls.core.product -Djava.import.generatesMetadataFilesAtProjectRoot=false -Dfile.encoding=utf8 -DwatchParentProcess=false -XX:+UseParallelGC -XX:GCTimeRatio=4 -XX:AdaptiveSizePolicyWeight=90 -Dsun.zip.disableMemoryMapping=true -Xmx1G -Xms100m c:\Users\royst\.vscode\extensions\redhat.java-1.4.0\server\plugins\org.eclipse.equinox.launcher_1.6.400.v20210924-0641.jar -configuration c:\Users\royst\AppData\Roaming\Code\User\globalStorage\redhat.java\1.4.0\config_ss_win -data c:\Users\royst\AppData\Roaming\Code\User\workspaceStorage\cf0cd3ddf5c7265b3d7a65041989eda1\redhat.java\ss_ws

Host: AMD Ryzen 5 2500U with Radeon Vega Mobile Gfx  , 8 cores, 6G,  Windows 10 , 64 bit Build 19041 (10.0.19041.1566)
Time: Sat Mar 12 16:03:18 2022 India Standard Time elapsed time: 12.468134 seconds (0d 0h 0m 12s)

---------------  T H R E A D  ---------------

Current thread (0x00000141d61050e0):  JavaThread "C2 CompilerThread0" daemon [_thread_in_native, id=2940, stack(0x00000010cde00000,0x00000010cdf00000)]


Current CompileTask:
C2:  12468 3306   !   4       org.eclipse.osgi.internal.loader.classpath.ClasspathManager::findLocalClass (210 bytes)

Stack: [0x00000010cde00000,0x00000010cdf00000]
Native frames: (J=compiled Java code, j=interpreted, Vv=VM code, C=native code)
V  [jvm.dll+0x67564a]
V  [jvm.dll+0x82fc04]
V  [jvm.dll+0x8313ae]
V  [jvm.dll+0x831a13]
V  [jvm.dll+0x245235]
V  [jvm.dll+0xabd7b]
V  [jvm.dll+0xac30c]
V  [jvm.dll+0x3631f7]
V  [jvm.dll+0x1bb8e8]
V  [jvm.dll+0x218229]
V  [jvm.dll+0x2174f1]
V  [jvm.dll+0x1a3a8d]
V  [jvm.dll+0x226ef8]
V  [jvm.dll+0x22503c]
V  [jvm.dll+0x7e596b]
V  [jvm.dll+0x7dff2a]
V  [jvm.dll+0x6744d5]
C  [ucrtbase.dll+0x21bb2]
C  [KERNEL32.DLL+0x17034]
C  [ntdll.dll+0x52651]


---------------  P R O C E S S  ---------------

Threads class SMR info:
_java_thread_list=0x00000141d8078820, length=25, elements={
0x00000141bfd6f2a0, 0x00000141d3bf7420, 0x00000141d60d3dd0, 0x00000141bfe4a900,
0x00000141bfe4b680, 0x00000141bfe4e860, 0x00000141d60fd920, 0x00000141d61050e0,
0x00000141d6107da0, 0x00000141d3bf7f40, 0x00000141d6293a90, 0x00000141d6304650,
0x00000141d6b2fc90, 0x00000141d69436c0, 0x00000141d6c25e70, 0x00000141d6c445d0,
0x00000141d7bdb180, 0x00000141d7ca93a0, 0x00000141d7ca9870, 0x00000141d7ca8a00,
0x00000141d7ca9d40, 0x00000141d7caa210, 0x00000141d66bf470, 0x00000141d66ba2a0,
0x00000141d6774ec0
}

Java Threads: ( => current thread )
  0x00000141bfd6f2a0 JavaThread "main" [_thread_blocked, id=6396, stack(0x00000010cd500000,0x00000010cd600000)]
  0x00000141d3bf7420 JavaThread "Reference Handler" daemon [_thread_blocked, id=6416, stack(0x00000010cd800000,0x00000010cd900000)]
  0x00000141d60d3dd0 JavaThread "Finalizer" daemon [_thread_blocked, id=12560, stack(0x00000010cd900000,0x00000010cda00000)]
  0x00000141bfe4a900 JavaThread "Signal Dispatcher" daemon [_thread_blocked, id=7480, stack(0x00000010cda00000,0x00000010cdb00000)]
  0x00000141bfe4b680 JavaThread "Attach Listener" daemon [_thread_blocked, id=14036, stack(0x00000010cdb00000,0x00000010cdc00000)]
  0x00000141bfe4e860 JavaThread "Service Thread" daemon [_thread_blocked, id=13208, stack(0x00000010cdc00000,0x00000010cdd00000)]
  0x00000141d60fd920 JavaThread "Monitor Deflation Thread" daemon [_thread_blocked, id=11752, stack(0x00000010cdd00000,0x00000010cde00000)]
=>0x00000141d61050e0 JavaThread "C2 CompilerThread0" daemon [_thread_in_native, id=2940, stack(0x00000010cde00000,0x00000010cdf00000)]
  0x00000141d6107da0 JavaThread "C1 CompilerThread0" daemon [_thread_blocked, id=13348, stack(0x00000010cdf00000,0x00000010ce000000)]
  0x00000141d3bf7f40 JavaThread "Sweeper thread" daemon [_thread_blocked, id=5976, stack(0x00000010ce000000,0x00000010ce100000)]
  0x00000141d6293a90 JavaThread "Common-Cleaner" daemon [_thread_blocked, id=3068, stack(0x00000010ce100000,0x00000010ce200000)]
  0x00000141d6304650 JavaThread "Notification Thread" daemon [_thread_blocked, id=7148, stack(0x00000010ce200000,0x00000010ce300000)]
  0x00000141d6b2fc90 JavaThread "Active Thread: Equinox Container: ca127502-67e7-45c8-af64-14c4ef6c1367" [_thread_blocked, id=4560, stack(0x00000010ce500000,0x00000010ce600000)]
  0x00000141d69436c0 JavaThread "Framework Event Dispatcher: Equinox Container: ca127502-67e7-45c8-af64-14c4ef6c1367" daemon [_thread_blocked, id=1696, stack(0x00000010ce400000,0x00000010ce500000)]
  0x00000141d6c25e70 JavaThread "Start Level: Equinox Container: ca127502-67e7-45c8-af64-14c4ef6c1367" daemon [_thread_blocked, id=13436, stack(0x00000010ce600000,0x00000010ce700000)]
  0x00000141d6c445d0 JavaThread "SCR Component Actor" daemon [_thread_blocked, id=8352, stack(0x00000010ce700000,0x00000010ce800000)]
  0x00000141d7bdb180 JavaThread "Worker-JM" [_thread_blocked, id=11988, stack(0x00000010cef00000,0x00000010cf000000)]
  0x00000141d7ca93a0 JavaThread "Worker-0" [_thread_blocked, id=12104, stack(0x00000010cf000000,0x00000010cf100000)]
  0x00000141d7ca9870 JavaThread "Worker-1" [_thread_blocked, id=9284, stack(0x00000010cf100000,0x00000010cf200000)]
  0x00000141d7ca8a00 JavaThread "pool-1-thread-1" [_thread_in_native, id=12776, stack(0x00000010cf300000,0x00000010cf400000)]
  0x00000141d7ca9d40 JavaThread "Worker-2" [_thread_blocked, id=4048, stack(0x00000010cee00000,0x00000010cef00000)]
  0x00000141d7caa210 JavaThread "ForkJoinPool.commonPool-worker-1" daemon [_thread_blocked, id=11320, stack(0x00000010cf400000,0x00000010cf500000)]
  0x00000141d66bf470 JavaThread "ForkJoinPool.commonPool-worker-2" daemon [_thread_blocked, id=5504, stack(0x00000010cf500000,0x00000010cf600000)]
  0x00000141d66ba2a0 JavaThread "ForkJoinPool.commonPool-worker-3" daemon [_thread_blocked, id=8900, stack(0x00000010cf600000,0x00000010cf700000)]
  0x00000141d6774ec0 JavaThread "C2 CompilerThread1" daemon [_thread_blocked, id=3800, stack(0x00000010cf700000,0x00000010cf800000)]

Other Threads:
  0x00000141bfe49ac0 VMThread "VM Thread" [stack: 0x00000010cd700000,0x00000010cd800000] [id=9636]
  0x00000141d6322ce0 WatcherThread [stack: 0x00000010ce300000,0x00000010ce400000] [id=6600]
  0x00000141bfd874d0 GCTaskThread "GC Thread#0" [stack: 0x00000010cd600000,0x00000010cd700000] [id=14076]
  0x00000141d67b9200 GCTaskThread "GC Thread#1" [stack: 0x00000010ce800000,0x00000010ce900000] [id=10760]
  0x00000141d697cae0 GCTaskThread "GC Thread#2" [stack: 0x00000010ce900000,0x00000010cea00000] [id=11740]
  0x00000141d697d5a0 GCTaskThread "GC Thread#3" [stack: 0x00000010cea00000,0x00000010ceb00000] [id=2964]
  0x00000141d697e7d0 GCTaskThread "GC Thread#4" [stack: 0x00000010ceb00000,0x00000010cec00000] [id=6020]
  0x00000141d697ea80 GCTaskThread "GC Thread#5" [stack: 0x00000010cec00000,0x00000010ced00000] [id=2504]
  0x00000141d69ba190 GCTaskThread "GC Thread#6" [stack: 0x00000010ced00000,0x00000010cee00000] [id=2784]
  0x00000141d7cee6b0 GCTaskThread "GC Thread#7" [stack: 0x00000010cf200000,0x00000010cf300000] [id=12728]

Threads with active compile tasks:
C2 CompilerThread0    12644 3306   !   4       org.eclipse.osgi.internal.loader.classpath.ClasspathManager::findLocalClass (210 bytes)

VM state: not at safepoint (normal execution)

VM Mutex/Monitor currently owned by a thread: None

Heap address: 0x00000000c0000000, size: 1024 MB, Compressed Oops mode: 32-bit

CDS archive(s) not mapped
Compressed class space mapped at: 0x0000000100000000-0x0000000140000000, reserved size: 1073741824
Narrow klass base: 0x0000000000000000, Narrow klass shift: 3, Narrow klass range: 0x140000000

GC Precious Log:
 CPUs: 8 total, 8 available
 Memory: 7069M
 Large Page Support: Disabled
 NUMA Support: Disabled
 Compressed Oops: Enabled (32-bit)
 Alignments: Space 512K, Generation 512K, Heap 2M
 Heap Min Capacity: 100M
 Heap Initial Capacity: 100M
 Heap Max Capacity: 1G
 Pre-touch: Disabled
 Parallel Workers: 8

Heap:
 PSYoungGen      total 29696K, used 14869K [0x00000000eab00000, 0x00000000ed000000, 0x0000000100000000)
  eden space 23552K, 63% used [0x00000000eab00000,0x00000000eb985440,0x00000000ec200000)
  from space 6144K, 0% used [0x00000000ec380000,0x00000000ec380000,0x00000000ec980000)
  to   space 6656K, 0% used [0x00000000ec980000,0x00000000ec980000,0x00000000ed000000)
 ParOldGen       total 68608K, used 22028K [0x00000000c0000000, 0x00000000c4300000, 0x00000000eab00000)
  object space 68608K, 32% used [0x00000000c0000000,0x00000000c15833b8,0x00000000c4300000)
 Metaspace       used 40637K, committed 41280K, reserved 1089536K
  class space    used 4104K, committed 4416K, reserved 1048576K

Card table byte_map: [0x00000141bf750000,0x00000141bf960000] _byte_map_base: 0x00000141bf150000

Marking Bits: (ParMarkBitMap*) 0x00007ff88d313af0
 Begin Bits: [0x00000141d1a00000, 0x00000141d2a00000)
 End Bits:   [0x00000141d2a00000, 0x00000141d3a00000)

Polling page: 0x00000141bdd90000

Metaspace:

Usage:
  Non-class:     35.68 MB used.
      Class:      4.01 MB used.
       Both:     39.69 MB used.

Virtual space:
  Non-class space:       40.00 MB reserved,      36.00 MB ( 90%) committed,  5 nodes.
      Class space:        1.00 GB reserved,       4.31 MB ( <1%) committed,  1 nodes.
             Both:        1.04 GB reserved,      40.31 MB (  4%) committed. 

Chunk freelists:
   Non-Class:  3.36 MB
       Class:  3.67 MB
        Both:  7.03 MB

MaxMetaspaceSize: unlimited
CompressedClassSpaceSize: 1.00 GB
Initial GC threshold: 21.00 MB
Current GC threshold: 58.38 MB
CDS: off
MetaspaceReclaimPolicy: balanced
 - commit_granule_bytes: 65536.
 - commit_granule_words: 8192.
 - virtual_space_node_default_size: 1048576.
 - enlarge_chunks_in_place: 1.
 - new_chunks_are_fully_committed: 0.
 - uncommit_free_chunks: 1.
 - use_allocation_guard: 0.
 - handle_deallocations: 1.


Internal statistics:

num_allocs_failed_limit: 6.
num_arena_births: 222.
num_arena_deaths: 0.
num_vsnodes_births: 6.
num_vsnodes_deaths: 0.
num_space_committed: 645.
num_space_uncommitted: 0.
num_chunks_returned_to_freelist: 6.
num_chunks_taken_from_freelist: 1440.
num_chunk_merges: 6.
num_chunk_splits: 1019.
num_chunks_enlarged: 762.
num_purges: 0.
num_inconsistent_stats: 0.

CodeHeap 'non-profiled nmethods': size=120000Kb used=1489Kb max_used=1489Kb free=118510Kb
 bounds [0x00000141ca4d0000, 0x00000141ca740000, 0x00000141d1a00000]
CodeHeap 'profiled nmethods': size=120000Kb used=7632Kb max_used=7632Kb free=112367Kb
 bounds [0x00000141c2fa0000, 0x00000141c3720000, 0x00000141ca4d0000]
CodeHeap 'non-nmethods': size=5760Kb used=1282Kb max_used=1299Kb free=4477Kb
 bounds [0x00000141c2a00000, 0x00000141c2c70000, 0x00000141c2fa0000]
 total_blobs=4052 nmethods=3443 adapters=523
 compilation: enabled
              stopped_count=0, restarted_count=0
 full_count=0

Compilation events (20 events):
Event: 11.544 Thread 0x00000141d6107da0 nmethod 3449 0x00000141ca642390 code [0x00000141ca642520, 0x00000141ca6425f8]
Event: 11.544 Thread 0x00000141d6107da0 3450       1       org.eclipse.jdt.internal.compiler.lookup.BaseTypeBinding::constantPoolName (5 bytes)
Event: 11.544 Thread 0x00000141d6107da0 nmethod 3450 0x00000141ca642690 code [0x00000141ca642820, 0x00000141ca6428f8]
Event: 11.544 Thread 0x00000141d6107da0 3451       3       org.eclipse.jdt.internal.compiler.codegen.VerificationTypeInfo::<init> (11 bytes)
Event: 11.545 Thread 0x00000141d6107da0 nmethod 3451 0x00000141c3711e90 code [0x00000141c3712020, 0x00000141c3712188]
Event: 11.547 Thread 0x00000141d6774ec0 nmethod 3427 0x00000141ca642990 code [0x00000141ca642b40, 0x00000141ca6435d8]
Event: 11.548 Thread 0x00000141d6774ec0 3413       4       org.eclipse.jdt.internal.compiler.parser.Parser::ntAction (8 bytes)
Event: 11.549 Thread 0x00000141d6774ec0 nmethod 3413 0x00000141ca643990 code [0x00000141ca643b00, 0x00000141ca643b98]
Event: 11.553 Thread 0x00000141d6107da0 3452       3       java.io.StringWriter::append (6 bytes)
Event: 11.554 Thread 0x00000141d6107da0 nmethod 3452 0x00000141c3712290 code [0x00000141c3712480, 0x00000141c3712998]
Event: 11.554 Thread 0x00000141d6107da0 3453       3       java.io.StringWriter::append (10 bytes)
Event: 11.555 Thread 0x00000141d6107da0 nmethod 3453 0x00000141c3712b90 code [0x00000141c3712d60, 0x00000141c37131f8]
Event: 11.561 Thread 0x00000141d6107da0 3454       1       java.lang.reflect.AccessibleObject::isAccessible (5 bytes)
Event: 11.561 Thread 0x00000141d6107da0 nmethod 3454 0x00000141ca643c90 code [0x00000141ca643e20, 0x00000141ca643ef8]
Event: 11.567 Thread 0x00000141d6107da0 3455       3       java.lang.Module::getLayer (43 bytes)
Event: 11.567 Thread 0x00000141d6107da0 nmethod 3455 0x00000141c3713410 code [0x00000141c37135e0, 0x00000141c37139a8]
Event: 11.571 Thread 0x00000141d6774ec0 3456       4       org.eclipse.core.runtime.Path::computeHashCode (56 bytes)
Event: 11.573 Thread 0x00000141d6107da0 3457       3       java.lang.ThreadLocal$ThreadLocalMap$Entry::<init> (11 bytes)
Event: 11.573 Thread 0x00000141d6107da0 nmethod 3457 0x00000141c3713a90 code [0x00000141c3713c40, 0x00000141c3713f58]
Event: 11.585 Thread 0x00000141d6774ec0 nmethod 3456 0x00000141ca643f90 code [0x00000141ca644120, 0x00000141ca6444f8]

GC Heap History (20 events):
Event: 4.537 GC heap before
{Heap before GC invocations=2 (full 0):
 PSYoungGen      total 29696K, used 21079K [0x00000000eab00000, 0x00000000ecc00000, 0x0000000100000000)
  eden space 25600K, 66% used [0x00000000eab00000,0x00000000ebba7c70,0x00000000ec400000)
  from space 4096K, 98% used [0x00000000ec400000,0x00000000ec7ee1d0,0x00000000ec800000)
  to   space 4096K, 0% used [0x00000000ec800000,0x00000000ec800000,0x00000000ecc00000)
 ParOldGen       total 68608K, used 24K [0x00000000c0000000, 0x00000000c4300000, 0x00000000eab00000)
  object space 68608K, 0% used [0x00000000c0000000,0x00000000c0006000,0x00000000c4300000)
 Metaspace       used 21089K, committed 21504K, reserved 1073152K
  class space    used 2129K, committed 2368K, reserved 1048576K
}
Event: 4.545 GC heap after
{Heap after GC invocations=2 (full 0):
 PSYoungGen      total 29696K, used 4068K [0x00000000eab00000, 0x00000000ecc00000, 0x0000000100000000)
  eden space 25600K, 0% used [0x00000000eab00000,0x00000000eab00000,0x00000000ec400000)
  from space 4096K, 99% used [0x00000000ec800000,0x00000000ecbf91b0,0x00000000ecc00000)
  to   space 4096K, 0% used [0x00000000ec400000,0x00000000ec400000,0x00000000ec800000)
 ParOldGen       total 68608K, used 2736K [0x00000000c0000000, 0x00000000c4300000, 0x00000000eab00000)
  object space 68608K, 3% used [0x00000000c0000000,0x00000000c02ac258,0x00000000c4300000)
 Metaspace       used 21089K, committed 21504K, reserved 1073152K
  class space    used 2129K, committed 2368K, reserved 1048576K
}
Event: 4.545 GC heap before
{Heap before GC invocations=3 (full 1):
 PSYoungGen      total 29696K, used 4068K [0x00000000eab00000, 0x00000000ecc00000, 0x0000000100000000)
  eden space 25600K, 0% used [0x00000000eab00000,0x00000000eab00000,0x00000000ec400000)
  from space 4096K, 99% used [0x00000000ec800000,0x00000000ecbf91b0,0x00000000ecc00000)
  to   space 4096K, 0% used [0x00000000ec400000,0x00000000ec400000,0x00000000ec800000)
 ParOldGen       total 68608K, used 2736K [0x00000000c0000000, 0x00000000c4300000, 0x00000000eab00000)
  object space 68608K, 3% used [0x00000000c0000000,0x00000000c02ac258,0x00000000c4300000)
 Metaspace       used 21089K, committed 21504K, reserved 1073152K
  class space    used 2129K, committed 2368K, reserved 1048576K
}
Event: 4.567 GC heap after
{Heap after GC invocations=3 (full 1):
 PSYoungGen      total 29696K, used 0K [0x00000000eab00000, 0x00000000ecc00000, 0x0000000100000000)
  eden space 25600K, 0% used [0x00000000eab00000,0x00000000eab00000,0x00000000ec400000)
  from space 4096K, 0% used [0x00000000ec800000,0x00000000ec800000,0x00000000ecc00000)
  to   space 4096K, 0% used [0x00000000ec400000,0x00000000ec400000,0x00000000ec800000)
 ParOldGen       total 68608K, used 6680K [0x00000000c0000000, 0x00000000c4300000, 0x00000000eab00000)
  object space 68608K, 9% used [0x00000000c0000000,0x00000000c06862e0,0x00000000c4300000)
 Metaspace       used 21089K, committed 21504K, reserved 1073152K
  class space    used 2129K, committed 2368K, reserved 1048576K
}
Event: 6.684 GC heap before
{Heap before GC invocations=4 (full 1):
 PSYoungGen      total 29696K, used 25600K [0x00000000eab00000, 0x00000000ecc00000, 0x0000000100000000)
  eden space 25600K, 100% used [0x00000000eab00000,0x00000000ec400000,0x00000000ec400000)
  from space 4096K, 0% used [0x00000000ec800000,0x00000000ec800000,0x00000000ecc00000)
  to   space 4096K, 0% used [0x00000000ec400000,0x00000000ec400000,0x00000000ec800000)
 ParOldGen       total 68608K, used 6680K [0x00000000c0000000, 0x00000000c4300000, 0x00000000eab00000)
  object space 68608K, 9% used [0x00000000c0000000,0x00000000c06862e0,0x00000000c4300000)
 Metaspace       used 28540K, committed 29056K, reserved 1081344K
  class space    used 2853K, committed 3072K, reserved 1048576K
}
Event: 6.686 GC heap after
{Heap after GC invocations=4 (full 1):
 PSYoungGen      total 29696K, used 1624K [0x00000000eab00000, 0x00000000ecc00000, 0x0000000100000000)
  eden space 25600K, 0% used [0x00000000eab00000,0x00000000eab00000,0x00000000ec400000)
  from space 4096K, 39% used [0x00000000ec400000,0x00000000ec596040,0x00000000ec800000)
  to   space 4096K, 0% used [0x00000000ec800000,0x00000000ec800000,0x00000000ecc00000)
 ParOldGen       total 68608K, used 6688K [0x00000000c0000000, 0x00000000c4300000, 0x00000000eab00000)
  object space 68608K, 9% used [0x00000000c0000000,0x00000000c06882e0,0x00000000c4300000)
 Metaspace       used 28540K, committed 29056K, reserved 1081344K
  class space    used 2853K, committed 3072K, reserved 1048576K
}
Event: 7.665 GC heap before
{Heap before GC invocations=5 (full 1):
 PSYoungGen      total 29696K, used 27224K [0x00000000eab00000, 0x00000000ecc00000, 0x0000000100000000)
  eden space 25600K, 100% used [0x00000000eab00000,0x00000000ec400000,0x00000000ec400000)
  from space 4096K, 39% used [0x00000000ec400000,0x00000000ec596040,0x00000000ec800000)
  to   space 4096K, 0% used [0x00000000ec800000,0x00000000ec800000,0x00000000ecc00000)
 ParOldGen       total 68608K, used 6688K [0x00000000c0000000, 0x00000000c4300000, 0x00000000eab00000)
  object space 68608K, 9% used [0x00000000c0000000,0x00000000c06882e0,0x00000000c4300000)
 Metaspace       used 32462K, committed 33024K, reserved 1081344K
  class space    used 3294K, committed 3584K, reserved 1048576K
}
Event: 7.671 GC heap after
{Heap after GC invocations=5 (full 1):
 PSYoungGen      total 29696K, used 4073K [0x00000000eab00000, 0x00000000ecc00000, 0x0000000100000000)
  eden space 25600K, 0% used [0x00000000eab00000,0x00000000eab00000,0x00000000ec400000)
  from space 4096K, 99% used [0x00000000ec800000,0x00000000ecbfa440,0x00000000ecc00000)
  to   space 4096K, 0% used [0x00000000ec400000,0x00000000ec400000,0x00000000ec800000)
 ParOldGen       total 68608K, used 6792K [0x00000000c0000000, 0x00000000c4300000, 0x00000000eab00000)
  object space 68608K, 9% used [0x00000000c0000000,0x00000000c06a22e0,0x00000000c4300000)
 Metaspace       used 32462K, committed 33024K, reserved 1081344K
  class space    used 3294K, committed 3584K, reserved 1048576K
}
Event: 8.006 GC heap before
{Heap before GC invocations=6 (full 1):
 PSYoungGen      total 29696K, used 29673K [0x00000000eab00000, 0x00000000ecc00000, 0x0000000100000000)
  eden space 25600K, 100% used [0x00000000eab00000,0x00000000ec400000,0x00000000ec400000)
  from space 4096K, 99% used [0x00000000ec800000,0x00000000ecbfa440,0x00000000ecc00000)
  to   space 4096K, 0% used [0x00000000ec400000,0x00000000ec400000,0x00000000ec800000)
 ParOldGen       total 68608K, used 6792K [0x00000000c0000000, 0x00000000c4300000, 0x00000000eab00000)
  object space 68608K, 9% used [0x00000000c0000000,0x00000000c06a22e0,0x00000000c4300000)
 Metaspace       used 32657K, committed 33280K, reserved 1081344K
  class space    used 3312K, committed 3648K, reserved 1048576K
}
Event: 8.015 GC heap after
{Heap after GC invocations=6 (full 1):
 PSYoungGen      total 29184K, used 4071K [0x00000000eab00000, 0x00000000ed180000, 0x0000000100000000)
  eden space 25088K, 0% used [0x00000000eab00000,0x00000000eab00000,0x00000000ec380000)
  from space 4096K, 99% used [0x00000000ec400000,0x00000000ec7f9fc0,0x00000000ec800000)
  to   space 7168K, 0% used [0x00000000eca80000,0x00000000eca80000,0x00000000ed180000)
 ParOldGen       total 68608K, used 9213K [0x00000000c0000000, 0x00000000c4300000, 0x00000000eab00000)
  object space 68608K, 13% used [0x00000000c0000000,0x00000000c08ff678,0x00000000c4300000)
 Metaspace       used 32657K, committed 33280K, reserved 1081344K
  class space    used 3312K, committed 3648K, reserved 1048576K
}
Event: 8.239 GC heap before
{Heap before GC invocations=7 (full 1):
 PSYoungGen      total 29184K, used 29159K [0x00000000eab00000, 0x00000000ed180000, 0x0000000100000000)
  eden space 25088K, 100% used [0x00000000eab00000,0x00000000ec380000,0x00000000ec380000)
  from space 4096K, 99% used [0x00000000ec400000,0x00000000ec7f9fc0,0x00000000ec800000)
  to   space 7168K, 0% used [0x00000000eca80000,0x00000000eca80000,0x00000000ed180000)
 ParOldGen       total 68608K, used 9213K [0x00000000c0000000, 0x00000000c4300000, 0x00000000eab00000)
  object space 68608K, 13% used [0x00000000c0000000,0x00000000c08ff678,0x00000000c4300000)
 Metaspace       used 32703K, committed 33280K, reserved 1081344K
  class space    used 3323K, committed 3648K, reserved 1048576K
}
Event: 8.248 GC heap after
{Heap after GC invocations=7 (full 1):
 PSYoungGen      total 31744K, used 7139K [0x00000000eab00000, 0x00000000ed200000, 0x0000000100000000)
  eden space 24576K, 0% used [0x00000000eab00000,0x00000000eab00000,0x00000000ec300000)
  from space 7168K, 99% used [0x00000000eca80000,0x00000000ed178d80,0x00000000ed180000)
  to   space 7680K, 0% used [0x00000000ec300000,0x00000000ec300000,0x00000000eca80000)
 ParOldGen       total 68608K, used 9245K [0x00000000c0000000, 0x00000000c4300000, 0x00000000eab00000)
  object space 68608K, 13% used [0x00000000c0000000,0x00000000c0907678,0x00000000c4300000)
 Metaspace       used 32703K, committed 33280K, reserved 1081344K
  class space    used 3323K, committed 3648K, reserved 1048576K
}
Event: 8.366 GC heap before
{Heap before GC invocations=8 (full 1):
 PSYoungGen      total 31744K, used 31715K [0x00000000eab00000, 0x00000000ed200000, 0x0000000100000000)
  eden space 24576K, 100% used [0x00000000eab00000,0x00000000ec300000,0x00000000ec300000)
  from space 7168K, 99% used [0x00000000eca80000,0x00000000ed178d80,0x00000000ed180000)
  to   space 7680K, 0% used [0x00000000ec300000,0x00000000ec300000,0x00000000eca80000)
 ParOldGen       total 68608K, used 9245K [0x00000000c0000000, 0x00000000c4300000, 0x00000000eab00000)
  object space 68608K, 13% used [0x00000000c0000000,0x00000000c0907678,0x00000000c4300000)
 Metaspace       used 32703K, committed 33280K, reserved 1081344K
  class space    used 3323K, committed 3648K, reserved 1048576K
}
Event: 8.376 GC heap after
{Heap after GC invocations=8 (full 1):
 PSYoungGen      total 31744K, used 7671K [0x00000000eab00000, 0x00000000ed780000, 0x0000000100000000)
  eden space 24064K, 0% used [0x00000000eab00000,0x00000000eab00000,0x00000000ec280000)
  from space 7680K, 99% used [0x00000000ec300000,0x00000000eca7dfb0,0x00000000eca80000)
  to   space 10752K, 0% used [0x00000000ecd00000,0x00000000ecd00000,0x00000000ed780000)
 ParOldGen       total 68608K, used 11413K [0x00000000c0000000, 0x00000000c4300000, 0x00000000eab00000)
  object space 68608K, 16% used [0x00000000c0000000,0x00000000c0b25560,0x00000000c4300000)
 Metaspace       used 32703K, committed 33280K, reserved 1081344K
  class space    used 3323K, committed 3648K, reserved 1048576K
}
Event: 9.105 GC heap before
{Heap before GC invocations=9 (full 1):
 PSYoungGen      total 31744K, used 31724K [0x00000000eab00000, 0x00000000ed780000, 0x0000000100000000)
  eden space 24064K, 99% used [0x00000000eab00000,0x00000000ec27d420,0x00000000ec280000)
  from space 7680K, 99% used [0x00000000ec300000,0x00000000eca7dfb0,0x00000000eca80000)
  to   space 10752K, 0% used [0x00000000ecd00000,0x00000000ecd00000,0x00000000ed780000)
 ParOldGen       total 68608K, used 11413K [0x00000000c0000000, 0x00000000c4300000, 0x00000000eab00000)
  object space 68608K, 16% used [0x00000000c0000000,0x00000000c0b25560,0x00000000c4300000)
 Metaspace       used 34002K, committed 34560K, reserved 1081344K
  class space    used 3440K, committed 3712K, reserved 1048576K
}
Event: 9.118 GC heap after
{Heap after GC invocations=9 (full 1):
 PSYoungGen      total 32256K, used 8524K [0x00000000eab00000, 0x00000000ed580000, 0x0000000100000000)
  eden space 23552K, 0% used [0x00000000eab00000,0x00000000eab00000,0x00000000ec200000)
  from space 8704K, 97% used [0x00000000ecd00000,0x00000000ed5532c8,0x00000000ed580000)
  to   space 9216K, 0% used [0x00000000ec380000,0x00000000ec380000,0x00000000ecc80000)
 ParOldGen       total 68608K, used 13721K [0x00000000c0000000, 0x00000000c4300000, 0x00000000eab00000)
  object space 68608K, 20% used [0x00000000c0000000,0x00000000c0d66710,0x00000000c4300000)
 Metaspace       used 34002K, committed 34560K, reserved 1081344K
  class space    used 3440K, committed 3712K, reserved 1048576K
}
Event: 9.831 GC heap before
{Heap before GC invocations=10 (full 1):
 PSYoungGen      total 32256K, used 12651K [0x00000000eab00000, 0x00000000ed580000, 0x0000000100000000)
  eden space 23552K, 17% used [0x00000000eab00000,0x00000000eaf07a48,0x00000000ec200000)
  from space 8704K, 97% used [0x00000000ecd00000,0x00000000ed5532c8,0x00000000ed580000)
  to   space 9216K, 0% used [0x00000000ec380000,0x00000000ec380000,0x00000000ecc80000)
 ParOldGen       total 68608K, used 13721K [0x00000000c0000000, 0x00000000c4300000, 0x00000000eab00000)
  object space 68608K, 20% used [0x00000000c0000000,0x00000000c0d66710,0x00000000c4300000)
 Metaspace       used 35288K, committed 35840K, reserved 1089536K
  class space    used 3602K, committed 3904K, reserved 1048576K
}
Event: 9.842 GC heap after
{Heap after GC invocations=10 (full 1):
 PSYoungGen      total 29696K, used 6035K [0x00000000eab00000, 0x00000000ed000000, 0x0000000100000000)
  eden space 23552K, 0% used [0x00000000eab00000,0x00000000eab00000,0x00000000ec200000)
  from space 6144K, 98% used [0x00000000ec380000,0x00000000ec964f10,0x00000000ec980000)
  to   space 6656K, 0% used [0x00000000ec980000,0x00000000ec980000,0x00000000ed000000)
 ParOldGen       total 68608K, used 16725K [0x00000000c0000000, 0x00000000c4300000, 0x00000000eab00000)
  object space 68608K, 24% used [0x00000000c0000000,0x00000000c1055608,0x00000000c4300000)
 Metaspace       used 35288K, committed 35840K, reserved 1089536K
  class space    used 3602K, committed 3904K, reserved 1048576K
}
Event: 9.842 GC heap before
{Heap before GC invocations=11 (full 2):
 PSYoungGen      total 29696K, used 6035K [0x00000000eab00000, 0x00000000ed000000, 0x0000000100000000)
  eden space 23552K, 0% used [0x00000000eab00000,0x00000000eab00000,0x00000000ec200000)
  from space 6144K, 98% used [0x00000000ec380000,0x00000000ec964f10,0x00000000ec980000)
  to   space 6656K, 0% used [0x00000000ec980000,0x00000000ec980000,0x00000000ed000000)
 ParOldGen       total 68608K, used 16725K [0x00000000c0000000, 0x00000000c4300000, 0x00000000eab00000)
  object space 68608K, 24% used [0x00000000c0000000,0x00000000c1055608,0x00000000c4300000)
 Metaspace       used 35288K, committed 35840K, reserved 1089536K
  class space    used 3602K, committed 3904K, reserved 1048576K
}
Event: 9.915 GC heap after
{Heap after GC invocations=11 (full 2):
 PSYoungGen      total 29696K, used 0K [0x00000000eab00000, 0x00000000ed000000, 0x0000000100000000)
  eden space 23552K, 0% used [0x00000000eab00000,0x00000000eab00000,0x00000000ec200000)
  from space 6144K, 0% used [0x00000000ec380000,0x00000000ec380000,0x00000000ec980000)
  to   space 6656K, 0% used [0x00000000ec980000,0x00000000ec980000,0x00000000ed000000)
 ParOldGen       total 68608K, used 22028K [0x00000000c0000000, 0x00000000c4300000, 0x00000000eab00000)
  object space 68608K, 32% used [0x00000000c0000000,0x00000000c15833b8,0x00000000c4300000)
 Metaspace       used 35288K, committed 35840K, reserved 1089536K
  class space    used 3602K, committed 3904K, reserved 1048576K
}

Deoptimization events (20 events):
Event: 10.775 Thread 0x00000141d7ca8a00 Uncommon trap: trap_request=0xffffff45 fr.pc=0x00000141ca631e14 relative=0x0000000000002214
Event: 10.776 Thread 0x00000141d7ca8a00 Uncommon trap: reason=unstable_if action=reinterpret pc=0x00000141ca631e14 method=org.eclipse.jdt.internal.core.JavaModelCache.getInfo(Lorg/eclipse/jdt/core/IJavaElement;)Ljava/lang/Object; @ 6 c2
Event: 10.776 Thread 0x00000141d7ca8a00 DEOPT PACKING pc=0x00000141ca631e14 sp=0x00000010cf3fcbb0
Event: 10.776 Thread 0x00000141d7ca8a00 DEOPT UNPACKING pc=0x00000141c2a520a3 sp=0x00000010cf3fcb20 mode 2
Event: 10.777 Thread 0x00000141d7ca8a00 Uncommon trap: trap_request=0xffffff45 fr.pc=0x00000141ca635c84 relative=0x00000000000019e4
Event: 10.777 Thread 0x00000141d7ca8a00 Uncommon trap: reason=unstable_if action=reinterpret pc=0x00000141ca635c84 method=org.eclipse.jdt.internal.core.JavaModelCache.getInfo(Lorg/eclipse/jdt/core/IJavaElement;)Ljava/lang/Object; @ 6 c2
Event: 10.777 Thread 0x00000141d7ca8a00 DEOPT PACKING pc=0x00000141ca635c84 sp=0x00000010cf3fce00
Event: 10.777 Thread 0x00000141d7ca8a00 DEOPT UNPACKING pc=0x00000141c2a520a3 sp=0x00000010cf3fcdd8 mode 2
Event: 10.803 Thread 0x00000141d7ca8a00 Uncommon trap: trap_request=0xffffff6e fr.pc=0x00000141ca5e004c relative=0x00000000000003ac
Event: 10.803 Thread 0x00000141d7ca8a00 Uncommon trap: reason=loop_limit_check action=maybe_recompile pc=0x00000141ca5e004c method=org.eclipse.jdt.internal.compiler.classfmt.ClassFileStruct.utf8At(II)[C @ 143 c2
Event: 10.803 Thread 0x00000141d7ca8a00 DEOPT PACKING pc=0x00000141ca5e004c sp=0x00000010cf3fc540
Event: 10.803 Thread 0x00000141d7ca8a00 DEOPT UNPACKING pc=0x00000141c2a520a3 sp=0x00000010cf3fc4d8 mode 2
Event: 11.178 Thread 0x00000141d7ca8a00 Uncommon trap: trap_request=0xffffff45 fr.pc=0x00000141ca62c4b0 relative=0x00000000000000b0
Event: 11.178 Thread 0x00000141d7ca8a00 Uncommon trap: reason=unstable_if action=reinterpret pc=0x00000141ca62c4b0 method=java.util.Hashtable$Enumerator.nextElement()Ljava/lang/Object; @ 87 c2
Event: 11.178 Thread 0x00000141d7ca8a00 DEOPT PACKING pc=0x00000141ca62c4b0 sp=0x00000010cf3fd9e0
Event: 11.178 Thread 0x00000141d7ca8a00 DEOPT UNPACKING pc=0x00000141c2a520a3 sp=0x00000010cf3fd908 mode 2
Event: 11.307 Thread 0x00000141d7ca93a0 Uncommon trap: trap_request=0xffffff45 fr.pc=0x00000141ca61dd0c relative=0x000000000000008c
Event: 11.307 Thread 0x00000141d7ca93a0 Uncommon trap: reason=unstable_if action=reinterpret pc=0x00000141ca61dd0c method=java.util.Hashtable$Enumerator.nextElement()Ljava/lang/Object; @ 87 c2
Event: 11.307 Thread 0x00000141d7ca93a0 DEOPT PACKING pc=0x00000141ca61dd0c sp=0x00000010cf0fed30
Event: 11.307 Thread 0x00000141d7ca93a0 DEOPT UNPACKING pc=0x00000141c2a520a3 sp=0x00000010cf0fecb0 mode 2

Classes unloaded (0 events):
No events

Classes redefined (0 events):
No events

Internal exceptions (20 events):
Event: 6.576 Thread 0x00000141bfd6f2a0 Exception <a 'java/lang/NoSuchMethodError'{0x00000000ec20b220}: 'void java.lang.invoke.DirectMethodHandle$Holder.invokeStatic(java.lang.Object, java.lang.Object, java.lang.Object, java.lang.Object)'> (0x00000000ec20b220) 
thrown [e:\jenkins\tmp\workspace\build\src\src\hotspot\share\interpreter\linkResolver.cpp, line 766]
Event: 6.825 Thread 0x00000141bfd6f2a0 Exception <a 'java/lang/NoSuchMethodError'{0x00000000eac4d1c0}: 'java.lang.Object java.lang.invoke.DirectMethodHandle$Holder.newInvokeSpecial(java.lang.Object, java.lang.Object, java.lang.Object, java.lang.Object, java.lang.Object)'> (0x00000000eac4d1c0) 
thrown [e:\jenkins\tmp\workspace\build\src\src\hotspot\share\interpreter\linkResolver.cpp, line 766]
Event: 6.986 Thread 0x00000141d7ca8a00 Exception <a 'java/io/FileNotFoundException'{0x00000000eae84368}> (0x00000000eae84368) 
thrown [e:\jenkins\tmp\workspace\build\src\src\hotspot\share\prims\jni.cpp, line 516]
Event: 7.270 Thread 0x00000141d7ca9870 Exception <a 'java/lang/NoSuchMethodError'{0x00000000eb326d98}: 'java.lang.Object java.lang.invoke.Invokers$Holder.invoke_MT(java.lang.Object, java.lang.Object, java.lang.Object)'> (0x00000000eb326d98) 
thrown [e:\jenkins\tmp\workspace\build\src\src\hotspot\share\interpreter\linkResolver.cpp, line 766]
Event: 7.702 Thread 0x00000141d7ca9870 Exception <a 'java/io/FileNotFoundException'{0x00000000eae31d28}> (0x00000000eae31d28) 
thrown [e:\jenkins\tmp\workspace\build\src\src\hotspot\share\prims\jni.cpp, line 516]
Event: 7.704 Thread 0x00000141d7ca9870 Exception <a 'java/io/FileNotFoundException'{0x00000000eae33bd8}> (0x00000000eae33bd8) 
thrown [e:\jenkins\tmp\workspace\build\src\src\hotspot\share\prims\jni.cpp, line 516]
Event: 7.706 Thread 0x00000141d7ca9870 Exception <a 'java/lang/NoSuchMethodError'{0x00000000eae3b5d0}: 'void java.lang.invoke.DirectMethodHandle$Holder.invokeStaticInit(java.lang.Object, java.lang.Object, java.lang.Object)'> (0x00000000eae3b5d0) 
thrown [e:\jenkins\tmp\workspace\build\src\src\hotspot\share\interpreter\linkResolver.cpp, line 766]
Event: 8.764 Thread 0x00000141d7ca8a00 Exception <a 'java/lang/NoSuchMethodError'{0x00000000ec0327b8}: 'java.lang.Object java.lang.invoke.DirectMethodHandle$Holder.invokeInterface(java.lang.Object, java.lang.Object, java.lang.Object)'> (0x00000000ec0327b8) 
thrown [e:\jenkins\tmp\workspace\build\src\src\hotspot\share\interpreter\linkResolver.cpp, line 766]
Event: 10.192 Thread 0x00000141d7ca8a00 Exception <a 'sun/nio/fs/WindowsException'{0x00000000ead55908}> (0x00000000ead55908) 
thrown [e:\jenkins\tmp\workspace\build\src\src\hotspot\share\prims\jni.cpp, line 516]
Event: 10.222 Thread 0x00000141d7ca8a00 Exception <a 'sun/nio/fs/WindowsException'{0x00000000ead89400}> (0x00000000ead89400) 
thrown [e:\jenkins\tmp\workspace\build\src\src\hotspot\share\prims\jni.cpp, line 516]
Event: 10.689 Thread 0x00000141d7ca8a00 Exception <a 'java/lang/NoSuchMethodError'{0x00000000eb137e80}: 'int java.lang.invoke.DirectMethodHandle$Holder.invokeSpecial(java.lang.Object, java.lang.Object, java.lang.Object)'> (0x00000000eb137e80) 
thrown [e:\jenkins\tmp\workspace\build\src\src\hotspot\share\interpreter\linkResolver.cpp, line 766]
Event: 10.712 Thread 0x00000141d7ca8a00 Exception <a 'java/lang/NoSuchMethodError'{0x00000000eb16d410}: 'int java.lang.invoke.DirectMethodHandle$Holder.invokeStatic(java.lang.Object, java.lang.Object, java.lang.Object, int)'> (0x00000000eb16d410) 
thrown [e:\jenkins\tmp\workspace\build\src\src\hotspot\share\interpreter\linkResolver.cpp, line 766]
Event: 10.762 Thread 0x00000141d7ca8a00 Exception <a 'java/lang/NoSuchMethodError'{0x00000000eb1ef2e0}: 'int java.lang.invoke.DirectMethodHandle$Holder.invokeVirtual(java.lang.Object, java.lang.Object, java.lang.Object)'> (0x00000000eb1ef2e0) 
thrown [e:\jenkins\tmp\workspace\build\src\src\hotspot\share\interpreter\linkResolver.cpp, line 766]
Event: 11.020 Thread 0x00000141d7ca8a00 Exception <a 'java/io/FileNotFoundException'{0x00000000eb381b80}> (0x00000000eb381b80) 
thrown [e:\jenkins\tmp\workspace\build\src\src\hotspot\share\prims\jni.cpp, line 516]
Event: 11.056 Thread 0x00000141d7ca8a00 Exception <a 'java/lang/NoSuchMethodError'{0x00000000eb3b0b30}: 'java.lang.Object java.lang.invoke.DirectMethodHandle$Holder.newInvokeSpecial(java.lang.Object, java.lang.Object, java.lang.Object, int)'> (0x00000000eb3b0b30) 
thrown [e:\jenkins\tmp\workspace\build\src\src\hotspot\share\interpreter\linkResolver.cpp, line 766]
Event: 11.057 Thread 0x00000141d7ca8a00 Exception <a 'java/lang/NoSuchMethodError'{0x00000000eb3b4f10}: 'java.lang.Object java.lang.invoke.DirectMethodHandle$Holder.invokeSpecial(java.lang.Object, java.lang.Object, java.lang.Object, java.lang.Object, int)'> (0x00000000eb3b4f10) 
thrown [e:\jenkins\tmp\workspace\build\src\src\hotspot\share\interpreter\linkResolver.cpp, line 766]
Event: 11.059 Thread 0x00000141d7ca8a00 Exception <a 'java/lang/NoSuchMethodError'{0x00000000eb3b8ad8}: 'java.lang.Object java.lang.invoke.Invokers$Holder.linkToTargetMethod(java.lang.Object, java.lang.Object, int, java.lang.Object)'> (0x00000000eb3b8ad8) 
thrown [e:\jenkins\tmp\workspace\build\src\src\hotspot\share\interpreter\linkResolver.cpp, line 766]
Event: 11.225 Thread 0x00000141d7ca8a00 Exception <a 'java/io/FileNotFoundException'{0x00000000eb5188d0}> (0x00000000eb5188d0) 
thrown [e:\jenkins\tmp\workspace\build\src\src\hotspot\share\prims\jni.cpp, line 516]
Event: 11.226 Thread 0x00000141d7ca8a00 Exception <a 'java/io/FileNotFoundException'{0x00000000eb519d28}> (0x00000000eb519d28) 
thrown [e:\jenkins\tmp\workspace\build\src\src\hotspot\share\prims\jni.cpp, line 516]
Event: 11.376 Thread 0x00000141d66bf470 Exception <a 'java/lang/ArrayIndexOutOfBoundsException'{0x00000000eb7f9ec0}: Index 960 out of bounds for length 959> (0x00000000eb7f9ec0) 
thrown [e:\jenkins\tmp\workspace\build\src\src\hotspot\share\interpreter\interpreterRuntime.cpp, line 428]

VM Operations (20 events):
Event: 8.006 Executing VM operation: ParallelGCFailedAllocation
Event: 8.015 Executing VM operation: ParallelGCFailedAllocation done
Event: 8.239 Executing VM operation: ParallelGCFailedAllocation
Event: 8.248 Executing VM operation: ParallelGCFailedAllocation done
Event: 8.366 Executing VM operation: ParallelGCFailedAllocation
Event: 8.376 Executing VM operation: ParallelGCFailedAllocation done
Event: 8.898 Executing VM operation: HandshakeAllThreads
Event: 8.898 Executing VM operation: HandshakeAllThreads done
Event: 9.105 Executing VM operation: ParallelGCFailedAllocation
Event: 9.119 Executing VM operation: ParallelGCFailedAllocation done
Event: 9.831 Executing VM operation: CollectForMetadataAllocation
Event: 9.916 Executing VM operation: CollectForMetadataAllocation done
Event: 10.306 Executing VM operation: HandshakeAllThreads
Event: 10.306 Executing VM operation: HandshakeAllThreads done
Event: 10.306 Executing VM operation: HandshakeAllThreads
Event: 10.306 Executing VM operation: HandshakeAllThreads done
Event: 10.774 Executing VM operation: HandshakeAllThreads
Event: 10.774 Executing VM operation: HandshakeAllThreads done
Event: 11.779 Executing VM operation: Cleanup
Event: 11.780 Executing VM operation: Cleanup done

Events (20 events):
Event: 11.271 loading class java/util/concurrent/ThreadLocalRandom
Event: 11.272 loading class java/util/concurrent/ThreadLocalRandom done
Event: 11.272 loading class jdk/internal/util/random/RandomSupport
Event: 11.273 loading class jdk/internal/util/random/RandomSupport done
Event: 11.273 loading class java/lang/invoke/VarHandleReferences$Array
Event: 11.274 loading class java/lang/invoke/VarHandleReferences$Array done
Event: 11.274 loading class java/util/concurrent/ForkJoinPool$DefaultCommonPoolForkJoinWorkerThreadFactory$1
Event: 11.275 loading class java/util/concurrent/ForkJoinPool$DefaultCommonPoolForkJoinWorkerThreadFactory$1 done
Event: 11.276 Thread 0x00000141d7caa210 Thread added: 0x00000141d7caa210
Event: 11.276 loading class java/util/concurrent/CompletableFuture$UniAccept
Event: 11.276 loading class java/util/concurrent/CompletableFuture$UniAccept done
Event: 11.276 loading class java/util/concurrent/CompletableFuture$UniExceptionally
Event: 11.276 loading class java/util/concurrent/CompletableFuture$UniExceptionally done
Event: 11.292 Thread 0x00000141d66bf470 Thread added: 0x00000141d66bf470
Event: 11.306 Thread 0x00000141d66ba2a0 Thread added: 0x00000141d66ba2a0
Event: 11.373 loading class java/util/regex/Pattern$1
Event: 11.374 loading class java/util/regex/Pattern$1 done
Event: 11.381 loading class java/util/regex/PatternSyntaxException
Event: 11.381 loading class java/util/regex/PatternSyntaxException done
Event: 11.420 Thread 0x00000141d6774ec0 Thread added: 0x00000141d6774ec0


Dynamic libraries:
0x00007ff78e0b0000 - 0x00007ff78e0be000 	c:\Users\royst\.vscode\extensions\redhat.java-1.4.0\jre\17.0.2-win32-x86_64\bin\java.exe
0x00007ff8d0410000 - 0x00007ff8d0605000 	C:\WINDOWS\SYSTEM32\ntdll.dll
0x00007ff8ced30000 - 0x00007ff8cedee000 	C:\WINDOWS\System32\KERNEL32.DLL
0x00007ff8cdb30000 - 0x00007ff8cddf8000 	C:\WINDOWS\System32\KERNELBASE.dll
0x00007ff8ce090000 - 0x00007ff8ce190000 	C:\WINDOWS\System32\ucrtbase.dll
0x00007ff8c4ba0000 - 0x00007ff8c4bb9000 	c:\Users\royst\.vscode\extensions\redhat.java-1.4.0\jre\17.0.2-win32-x86_64\bin\VCRUNTIME140.dll
0x00007ff8c3350000 - 0x00007ff8c3368000 	c:\Users\royst\.vscode\extensions\redhat.java-1.4.0\jre\17.0.2-win32-x86_64\bin\jli.dll
0x00007ff8cf550000 - 0x00007ff8cf6f0000 	C:\WINDOWS\System32\USER32.dll
0x00007ff8ce060000 - 0x00007ff8ce082000 	C:\WINDOWS\System32\win32u.dll
0x00007ff8d00d0000 - 0x00007ff8d00fb000 	C:\WINDOWS\System32\GDI32.dll
0x00007ff8b99c0000 - 0x00007ff8b9c5a000 	C:\WINDOWS\WinSxS\amd64_microsoft.windows.common-controls_6595b64144ccf1df_6.0.19041.1110_none_60b5254171f9507e\COMCTL32.dll
0x00007ff8cdf50000 - 0x00007ff8ce05b000 	C:\WINDOWS\System32\gdi32full.dll
0x00007ff8cf990000 - 0x00007ff8cfa2e000 	C:\WINDOWS\System32\msvcrt.dll
0x00007ff8ce1e0000 - 0x00007ff8ce27d000 	C:\WINDOWS\System32\msvcp_win.dll
0x00007ff8ce9a0000 - 0x00007ff8ce9d0000 	C:\WINDOWS\System32\IMM32.DLL
0x00007ff8c4f80000 - 0x00007ff8c4f8c000 	c:\Users\royst\.vscode\extensions\redhat.java-1.4.0\jre\17.0.2-win32-x86_64\bin\vcruntime140_1.dll
0x00007ff8a6110000 - 0x00007ff8a61a1000 	c:\Users\royst\.vscode\extensions\redhat.java-1.4.0\jre\17.0.2-win32-x86_64\bin\msvcp140.dll
0x00007ff88c790000 - 0x00007ff88d3d7000 	c:\Users\royst\.vscode\extensions\redhat.java-1.4.0\jre\17.0.2-win32-x86_64\bin\server\jvm.dll
0x00007ff8d0020000 - 0x00007ff8d00ce000 	C:\WINDOWS\System32\ADVAPI32.dll
0x00007ff8ce770000 - 0x00007ff8ce80c000 	C:\WINDOWS\System32\sechost.dll
0x00007ff8ce470000 - 0x00007ff8ce595000 	C:\WINDOWS\System32\RPCRT4.dll
0x00007ff8d0260000 - 0x00007ff8d0268000 	C:\WINDOWS\System32\PSAPI.DLL
0x00007ff8c8ab0000 - 0x00007ff8c8ab9000 	C:\WINDOWS\SYSTEM32\WSOCK32.dll
0x00007ff8c3370000 - 0x00007ff8c3397000 	C:\WINDOWS\SYSTEM32\WINMM.dll
0x00007ff8cf920000 - 0x00007ff8cf98b000 	C:\WINDOWS\System32\WS2_32.dll
0x00007ff8c3d70000 - 0x00007ff8c3d7a000 	C:\WINDOWS\SYSTEM32\VERSION.dll
0x00007ff8cc400000 - 0x00007ff8cc412000 	C:\WINDOWS\SYSTEM32\kernel.appcore.dll
0x00007ff8c4050000 - 0x00007ff8c405a000 	c:\Users\royst\.vscode\extensions\redhat.java-1.4.0\jre\17.0.2-win32-x86_64\bin\jimage.dll
0x00007ff8c7940000 - 0x00007ff8c7b24000 	C:\WINDOWS\SYSTEM32\DBGHELP.DLL
0x00007ff8c8c50000 - 0x00007ff8c8c7c000 	C:\WINDOWS\SYSTEM32\dbgcore.DLL
0x00007ff8ce3e0000 - 0x00007ff8ce462000 	C:\WINDOWS\System32\bcryptPrimitives.dll
0x00007ff8b0f40000 - 0x00007ff8b0f65000 	c:\Users\royst\.vscode\extensions\redhat.java-1.4.0\jre\17.0.2-win32-x86_64\bin\java.dll
0x00007ff8b1e00000 - 0x00007ff8b1e18000 	c:\Users\royst\.vscode\extensions\redhat.java-1.4.0\jre\17.0.2-win32-x86_64\bin\zip.dll
0x00007ff8cee00000 - 0x00007ff8cf544000 	C:\WINDOWS\System32\SHELL32.dll
0x00007ff8cbc50000 - 0x00007ff8cc3e4000 	C:\WINDOWS\SYSTEM32\windows.storage.dll
0x00007ff8ce9d0000 - 0x00007ff8ced24000 	C:\WINDOWS\System32\combase.dll
0x00007ff8cd590000 - 0x00007ff8cd5bc000 	C:\WINDOWS\SYSTEM32\Wldp.dll
0x00007ff8cf760000 - 0x00007ff8cf80d000 	C:\WINDOWS\System32\SHCORE.dll
0x00007ff8ce810000 - 0x00007ff8ce865000 	C:\WINDOWS\System32\shlwapi.dll
0x00007ff8cda70000 - 0x00007ff8cda8f000 	C:\WINDOWS\SYSTEM32\profapi.dll
0x00007ff8b1180000 - 0x00007ff8b1199000 	C:\Users\royst\.vscode\extensions\redhat.java-1.4.0\jre\17.0.2-win32-x86_64\bin\net.dll
0x00007ff8bdba0000 - 0x00007ff8bdca9000 	C:\WINDOWS\SYSTEM32\WINHTTP.dll
0x00007ff8cd2f0000 - 0x00007ff8cd35a000 	C:\WINDOWS\system32\mswsock.dll
0x00007ff8b10d0000 - 0x00007ff8b10e5000 	C:\Users\royst\.vscode\extensions\redhat.java-1.4.0\jre\17.0.2-win32-x86_64\bin\nio.dll
0x00007ff8cd4e0000 - 0x00007ff8cd4f8000 	C:\WINDOWS\SYSTEM32\CRYPTSP.dll
0x00007ff8ccba0000 - 0x00007ff8ccbd4000 	C:\WINDOWS\system32\rsaenh.dll
0x00007ff8cdf20000 - 0x00007ff8cdf47000 	C:\WINDOWS\System32\bcrypt.dll
0x00007ff8cda30000 - 0x00007ff8cda5e000 	C:\WINDOWS\SYSTEM32\USERENV.dll
0x00007ff8cd500000 - 0x00007ff8cd50c000 	C:\WINDOWS\SYSTEM32\CRYPTBASE.dll
0x00007ff8ccf70000 - 0x00007ff8ccfab000 	C:\WINDOWS\SYSTEM32\IPHLPAPI.DLL
0x00007ff8cf6f0000 - 0x00007ff8cf6f8000 	C:\WINDOWS\System32\NSI.dll
0x00007ff8c7280000 - 0x00007ff8c7297000 	C:\WINDOWS\SYSTEM32\dhcpcsvc6.DLL
0x00007ff8c7630000 - 0x00007ff8c764d000 	C:\WINDOWS\SYSTEM32\dhcpcsvc.DLL
0x00007ff8ccfb0000 - 0x00007ff8cd07a000 	C:\WINDOWS\SYSTEM32\DNSAPI.dll
0x00007ff8aeb30000 - 0x00007ff8aeb6e000 	C:\Users\royst\AppData\Roaming\Code\User\globalStorage\redhat.java\1.4.0\config_ss_win\org.eclipse.equinox.launcher\org.eclipse.equinox.launcher.win32.win32.x86_64_1.2.400.v20211117-0650\eclipse_11602.dll
0x00007ff8ce870000 - 0x00007ff8ce99a000 	C:\WINDOWS\System32\ole32.dll
0x00007ff8c10b0000 - 0x00007ff8c10c0000 	c:\Users\royst\.vscode\extensions\redhat.java-1.4.0\jre\17.0.2-win32-x86_64\bin\verify.dll
0x00007ff8b0ea0000 - 0x00007ff8b0eb1000 	C:\Users\royst\AppData\Roaming\Code\User\globalStorage\redhat.java\1.4.0\config_ss_win\org.eclipse.osgi\15\0\.cp\jWinHttp-1.0.0.dll

dbghelp: loaded successfully - version: 4.0.5 - missing functions: none
symbol engine: initialized successfully - sym options: 0x614 - pdb path: .;c:\Users\royst\.vscode\extensions\redhat.java-1.4.0\jre\17.0.2-win32-x86_64\bin;C:\WINDOWS\SYSTEM32;C:\WINDOWS\WinSxS\amd64_microsoft.windows.common-controls_6595b64144ccf1df_6.0.19041.1110_none_60b5254171f9507e;c:\Users\royst\.vscode\extensions\redhat.java-1.4.0\jre\17.0.2-win32-x86_64\bin\server;C:\Users\royst\AppData\Roaming\Code\User\globalStorage\redhat.java\1.4.0\config_ss_win\org.eclipse.equinox.launcher\org.eclipse.equinox.launcher.win32.win32.x86_64_1.2.400.v20211117-0650;C:\Users\royst\AppData\Roaming\Code\User\globalStorage\redhat.java\1.4.0\config_ss_win\org.eclipse.osgi\15\0\.cp

VM Arguments:
jvm_args: --add-modules=ALL-SYSTEM --add-opens=java.base/java.util=ALL-UNNAMED --add-opens=java.base/java.lang=ALL-UNNAMED --add-opens=java.base/sun.nio.fs=ALL-UNNAMED -Declipse.application=org.eclipse.jdt.ls.core.id1 -Dosgi.bundles.defaultStartLevel=4 -Declipse.product=org.eclipse.jdt.ls.core.product -Djava.import.generatesMetadataFilesAtProjectRoot=false -Dfile.encoding=utf8 -DwatchParentProcess=false -XX:+UseParallelGC -XX:GCTimeRatio=4 -XX:AdaptiveSizePolicyWeight=90 -Dsun.zip.disableMemoryMapping=true -Xmx1G -Xms100m 
java_command: c:\Users\royst\.vscode\extensions\redhat.java-1.4.0\server\plugins\org.eclipse.equinox.launcher_1.6.400.v20210924-0641.jar -configuration c:\Users\royst\AppData\Roaming\Code\User\globalStorage\redhat.java\1.4.0\config_ss_win -data c:\Users\royst\AppData\Roaming\Code\User\workspaceStorage\cf0cd3ddf5c7265b3d7a65041989eda1\redhat.java\ss_ws
java_class_path (initial): c:\Users\royst\.vscode\extensions\redhat.java-1.4.0\server\plugins\org.eclipse.equinox.launcher_1.6.400.v20210924-0641.jar
Launcher Type: SUN_STANDARD

[Global flags]
    uintx AdaptiveSizePolicyWeight                 = 90                                        {product} {command line}
     intx CICompilerCount                          = 4                                         {product} {ergonomic}
    uintx GCTimeRatio                              = 4                                         {product} {command line}
   size_t InitialHeapSize                          = 104857600                                 {product} {command line}
   size_t MaxHeapSize                              = 1073741824                                {product} {command line}
   size_t MaxNewSize                               = 357564416                                 {product} {ergonomic}
   size_t MinHeapDeltaBytes                        = 524288                                    {product} {ergonomic}
   size_t MinHeapSize                              = 104857600                                 {product} {command line}
   size_t NewSize                                  = 34603008                                  {product} {ergonomic}
    uintx NonNMethodCodeHeapSize                   = 5839372                                {pd product} {ergonomic}
    uintx NonProfiledCodeHeapSize                  = 122909434                              {pd product} {ergonomic}
   size_t OldSize                                  = 70254592                                  {product} {ergonomic}
    uintx ProfiledCodeHeapSize                     = 122909434                              {pd product} {ergonomic}
    uintx ReservedCodeCacheSize                    = 251658240                              {pd product} {ergonomic}
     bool SegmentedCodeCache                       = true                                      {product} {ergonomic}
   size_t SoftMaxHeapSize                          = 1073741824                             {manageable} {ergonomic}
     bool UseCompressedClassPointers               = true                           {product lp64_product} {ergonomic}
     bool UseCompressedOops                        = true                           {product lp64_product} {ergonomic}
     bool UseLargePagesIndividualAllocation        = false                                  {pd product} {ergonomic}
     bool UseParallelGC                            = true                                      {product} {command line}

Logging:
Log output configuration:
 #0: stdout all=warning uptime,level,tags
 #1: stderr all=off uptime,level,tags

Environment Variables:
PATH=C:\Program Files\Java\jdk-17.0.1;C:\Program Files\Common Files\Oracle\Java\javapath;C:\Program Files\Eclipse Adoptium\jdk-17.0.1.12-hotspot\bin;C:\Python310\Scripts\;C:\Python310\;C:\WINDOWS\system32;C:\WINDOWS;C:\WINDOWS\System32\Wbem;C:\WINDOWS\System32\WindowsPowerShell\v1.0\;C:\WINDOWS\System32\OpenSSH\;C:\Program Files\nodejs\;C:\ProgramData\chocolatey\bin;C:\Users\royst\AppData\Local\Microsoft\WindowsApps;C:\Users\royst\AppData\Local\Programs\Microsoft VS Code\bin;C:\Users\royst\AppData\Roaming\npm;C:\Users\royst\AppData\Local\GitHubDesktop\bin;C:\msys64\mingw64\bin;;C:\Program Files\JetBrains\IntelliJ IDEA Community Edition 2021.3.2\bin;
USERNAME=royce
OS=Windows_NT
PROCESSOR_IDENTIFIER=AMD64 Family 23 Model 17 Stepping 0, AuthenticAMD



---------------  S Y S T E M  ---------------

OS:
 Windows 10 , 64 bit Build 19041 (10.0.19041.1566)
OS uptime: 0 days 19:23 hours

CPU: total 8 (initial active 8) (8 cores per cpu, 2 threads per core) family 23 model 17 stepping 0 microcode 0x0, cx8, cmov, fxsr, ht, mmx, 3dnowpref, sse, sse2, sse3, ssse3, sse4a, sse4.1, sse4.2, popcnt, lzcnt, tsc, tscinvbit, avx, avx2, aes, clmul, bmi1, bmi2, adx, sha, fma, vzeroupper, clflush, clflushopt

Memory: 4k page, system-wide physical 7069M (968M free)
TotalPageFile size 9569M (AvailPageFile size 8M)
current process WorkingSet (physical memory assigned to process): 179M, peak: 183M
current process commit charge ("private bytes"): 270M, peak: 273M

vm_info: OpenJDK 64-Bit Server VM (17.0.2+8) for windows-amd64 JRE (17.0.2+8), built on Jan 20 2022 04:52:34 by "" with MS VC++ 16.7 (VS2019)

END.
