#
# There is insufficient memory for the Java Runtime Environment to continue.
# Native memory allocation (malloc) failed to allocate 913536 bytes for Chunk::new
# Possible reasons:
#   The system is out of physical RAM or swap space
#   The process is running with CompressedOops enabled, and the Java Heap may be blocking the growth of the native heap
# Possible solutions:
#   Reduce memory load on the system
#   Increase physical memory or swap space
#   Check if swap backing store is full
#   Decrease Java heap size (-Xmx/-Xms)
#   Decrease number of Java threads
#   Decrease Java thread stack sizes (-Xss)
#   Set larger code cache with -XX:ReservedCodeCacheSize=
#   JVM is running with Unscaled Compressed Oops mode in which the Java heap is
#     placed in the first 4GB address space. The Java Heap base address is the
#     maximum limit for the native heap growth. Please use -XX:HeapBaseMinAddress
#     to set the Java Heap base and to place the Java Heap above 4GB virtual address.
# This output file may be truncated or incomplete.
#
#  Out of Memory Error (arena.cpp:189), pid=11044, tid=12524
#
# JRE version: OpenJDK Runtime Environment Temurin-17.0.1+12 (17.0.1+12) (build 17.0.1+12)
# Java VM: OpenJDK 64-Bit Server VM Temurin-17.0.1+12 (17.0.1+12, mixed mode, sharing, tiered, compressed oops, compressed class ptrs, parallel gc, windows-amd64)
# No core dump will be written. Minidumps are not enabled by default on client versions of Windows
#

---------------  S U M M A R Y ------------

Command Line: --add-modules=ALL-SYSTEM --add-opens=java.base/java.util=ALL-UNNAMED --add-opens=java.base/java.lang=ALL-UNNAMED -Declipse.application=org.eclipse.jdt.ls.core.id1 -Dosgi.bundles.defaultStartLevel=4 -Declipse.product=org.eclipse.jdt.ls.core.product -Djava.import.generatesMetadataFilesAtProjectRoot=false -Dfile.encoding=utf8 -DwatchParentProcess=false -XX:+UseParallelGC -XX:GCTimeRatio=4 -XX:AdaptiveSizePolicyWeight=90 -Dsun.zip.disableMemoryMapping=true -Xmx1G -Xms100m -XX:+HeapDumpOnOutOfMemoryError -XX:HeapDumpPath=c:\Users\royst\AppData\Roaming\Code\User\workspaceStorage\cf0cd3ddf5c7265b3d7a65041989eda1\redhat.java c:\Users\royst\.vscode\extensions\redhat.java-1.1.0\server\plugins\org.eclipse.equinox.launcher_1.6.400.v20210924-0641.jar -configuration c:\Users\royst\AppData\Roaming\Code\User\globalStorage\redhat.java\1.1.0\config_win -data c:\Users\royst\AppData\Roaming\Code\User\workspaceStorage\cf0cd3ddf5c7265b3d7a65041989eda1\redhat.java\jdt_ws

Host: AMD Ryzen 5 2500U with Radeon Vega Mobile Gfx  , 8 cores, 6G,  Windows 10 , 64 bit Build 19041 (10.0.19041.1348)
Time: Tue Dec 14 22:48:36 2021 India Standard Time elapsed time: 12.356950 seconds (0d 0h 0m 12s)

---------------  T H R E A D  ---------------

Current thread (0x000001c06eef1290):  JavaThread "C2 CompilerThread0" daemon [_thread_in_native, id=12524, stack(0x0000000238c00000,0x0000000238d00000)]


Current CompileTask:
C2:  12357 5156   !   4       java.nio.file.FileTreeWalker::visit (204 bytes)

Stack: [0x0000000238c00000,0x0000000238d00000]
Native frames: (J=compiled Java code, j=interpreted, Vv=VM code, C=native code)
V  [jvm.dll+0x6744da]
V  [jvm.dll+0x82e144]
V  [jvm.dll+0x82f8ee]
V  [jvm.dll+0x82ff53]
V  [jvm.dll+0x245175]
V  [jvm.dll+0xab85b]
V  [jvm.dll+0xabdec]
V  [jvm.dll+0x2abf6f]
V  [jvm.dll+0x57b849]
V  [jvm.dll+0x22022d]
V  [jvm.dll+0x219b19]
V  [jvm.dll+0x217345]
V  [jvm.dll+0x1a355d]
V  [jvm.dll+0x226e38]
V  [jvm.dll+0x224f7c]
V  [jvm.dll+0x7e3f5b]
V  [jvm.dll+0x7de51a]
V  [jvm.dll+0x673305]
C  [ucrtbase.dll+0x21bb2]
C  [KERNEL32.DLL+0x17034]
C  [ntdll.dll+0x52651]


---------------  P R O C E S S  ---------------

Threads class SMR info:
_java_thread_list=0x000001c074c6fdf0, length=28, elements={
0x000001c05430fe60, 0x000001c0543ebc20, 0x000001c0543edeb0, 0x000001c06eee9e60,
0x000001c06eeebd40, 0x000001c06eeec800, 0x000001c06eeef1d0, 0x000001c06eef1290,
0x000001c06eef2e70, 0x000001c06ef011b0, 0x000001c0715c6b00, 0x000001c0717145b0,
0x000001c071e0fce0, 0x000001c072065f10, 0x000001c072064c60, 0x000001c0720bc030,
0x000001c0731d3da0, 0x000001c0733e3070, 0x000001c0734f9c30, 0x000001c0734f8420,
0x000001c0734f8dc0, 0x000001c0734f88f0, 0x000001c071ab2880, 0x000001c071831fb0,
0x000001c0734f9760, 0x000001c073aaad30, 0x000001c073aab200, 0x000001c073aaa860
}

Java Threads: ( => current thread )
  0x000001c05430fe60 JavaThread "main" [_thread_blocked, id=2896, stack(0x0000000238300000,0x0000000238400000)]
  0x000001c0543ebc20 JavaThread "Reference Handler" daemon [_thread_blocked, id=19680, stack(0x0000000238600000,0x0000000238700000)]
  0x000001c0543edeb0 JavaThread "Finalizer" daemon [_thread_blocked, id=19604, stack(0x0000000238700000,0x0000000238800000)]
  0x000001c06eee9e60 JavaThread "Signal Dispatcher" daemon [_thread_blocked, id=7824, stack(0x0000000238800000,0x0000000238900000)]
  0x000001c06eeebd40 JavaThread "Attach Listener" daemon [_thread_blocked, id=15480, stack(0x0000000238900000,0x0000000238a00000)]
  0x000001c06eeec800 JavaThread "Service Thread" daemon [_thread_blocked, id=17460, stack(0x0000000238a00000,0x0000000238b00000)]
  0x000001c06eeef1d0 JavaThread "Monitor Deflation Thread" daemon [_thread_blocked, id=1456, stack(0x0000000238b00000,0x0000000238c00000)]
=>0x000001c06eef1290 JavaThread "C2 CompilerThread0" daemon [_thread_in_native, id=12524, stack(0x0000000238c00000,0x0000000238d00000)]
  0x000001c06eef2e70 JavaThread "C1 CompilerThread0" daemon [_thread_in_native, id=3320, stack(0x0000000238d00000,0x0000000238e00000)]
  0x000001c06ef011b0 JavaThread "Sweeper thread" daemon [_thread_blocked, id=9388, stack(0x0000000238e00000,0x0000000238f00000)]
  0x000001c0715c6b00 JavaThread "Common-Cleaner" daemon [_thread_blocked, id=18944, stack(0x0000000238f00000,0x0000000239000000)]
  0x000001c0717145b0 JavaThread "Notification Thread" daemon [_thread_blocked, id=17072, stack(0x0000000239100000,0x0000000239200000)]
  0x000001c071e0fce0 JavaThread "Active Thread: Equinox Container: 8c48d87a-f244-4769-8bca-452fbca743dd" [_thread_blocked, id=14608, stack(0x0000000239300000,0x0000000239400000)]
  0x000001c072065f10 JavaThread "Framework Event Dispatcher: Equinox Container: 8c48d87a-f244-4769-8bca-452fbca743dd" daemon [_thread_blocked, id=4196, stack(0x0000000239000000,0x0000000239100000)]
  0x000001c072064c60 JavaThread "Start Level: Equinox Container: 8c48d87a-f244-4769-8bca-452fbca743dd" daemon [_thread_blocked, id=12428, stack(0x0000000239400000,0x0000000239500000)]
  0x000001c0720bc030 JavaThread "SCR Component Actor" daemon [_thread_blocked, id=6908, stack(0x0000000239b00000,0x0000000239c00000)]
  0x000001c0731d3da0 JavaThread "Bundle File Closer" daemon [_thread_blocked, id=7484, stack(0x0000000239e00000,0x0000000239f00000)]
  0x000001c0733e3070 JavaThread "Worker-JM" [_thread_blocked, id=17996, stack(0x0000000239d00000,0x0000000239e00000)]
  0x000001c0734f9c30 JavaThread "Worker-0" [_thread_blocked, id=13152, stack(0x000000023a100000,0x000000023a200000)]
  0x000001c0734f8420 JavaThread "Worker-1" [_thread_blocked, id=1660, stack(0x000000023a200000,0x000000023a300000)]
  0x000001c0734f8dc0 JavaThread "Java indexing" daemon [_thread_blocked, id=10608, stack(0x000000023a300000,0x000000023a400000)]
  0x000001c0734f88f0 JavaThread "Worker-2" [_thread_blocked, id=2156, stack(0x000000023a400000,0x000000023a500000)]
  0x000001c071ab2880 JavaThread "C2 CompilerThread1" daemon [_thread_in_native, id=16412, stack(0x0000000239f00000,0x000000023a000000)]
  0x000001c071831fb0 JavaThread "C2 CompilerThread2" daemon [_thread_in_native, id=11076, stack(0x000000023a500000,0x000000023a600000)]
  0x000001c0734f9760 JavaThread "pool-2-thread-1" [_thread_blocked, id=12084, stack(0x000000023a600000,0x000000023a700000)]
  0x000001c073aaad30 JavaThread "Worker-3: Initialize workspace" [_thread_blocked, id=13656, stack(0x000000023a700000,0x000000023a800000)]
  0x000001c073aab200 JavaThread "Worker-4" [_thread_blocked, id=14000, stack(0x0000000239c00000,0x0000000239d00000)]
  0x000001c073aaa860 JavaThread "Worker-5: Building" [_thread_in_native, id=12240, stack(0x000000023a800000,0x000000023a900000)]

Other Threads:
  0x000001c06eeda490 VMThread "VM Thread" [stack: 0x0000000238500000,0x0000000238600000] [id=11488]
  0x000001c071714a80 WatcherThread [stack: 0x0000000239200000,0x0000000239300000] [id=8744]
  0x000001c054328f40 GCTaskThread "GC Thread#0" [stack: 0x0000000238400000,0x0000000238500000] [id=15344]
  0x000001c07207eb10 GCTaskThread "GC Thread#1" [stack: 0x0000000239500000,0x0000000239600000] [id=13188]
  0x000001c07207e3a0 GCTaskThread "GC Thread#2" [stack: 0x0000000239600000,0x0000000239700000] [id=14876]
  0x000001c0719e5450 GCTaskThread "GC Thread#3" [stack: 0x0000000239700000,0x0000000239800000] [id=5156]
  0x000001c0720af930 GCTaskThread "GC Thread#4" [stack: 0x0000000239800000,0x0000000239900000] [id=14136]
  0x000001c0720afbe0 GCTaskThread "GC Thread#5" [stack: 0x0000000239900000,0x0000000239a00000] [id=16792]
  0x000001c0720afe90 GCTaskThread "GC Thread#6" [stack: 0x0000000239a00000,0x0000000239b00000] [id=9012]
  0x000001c0736fd1e0 GCTaskThread "GC Thread#7" [stack: 0x000000023a000000,0x000000023a100000] [id=12892]

Threads with active compile tasks:
C2 CompilerThread0    12433 5156   !   4       java.nio.file.FileTreeWalker::visit (204 bytes)
C1 CompilerThread0    12433 5209   !   3       org.eclipse.osgi.util.NLS::internalBind (412 bytes)
C2 CompilerThread1    12433 5147   !   4       java.nio.file.FileTreeWalker::next (144 bytes)
C2 CompilerThread2    12433 5131       4       org.eclipse.osgi.internal.loader.BundleLoader::addExportedProvidersFor (167 bytes)

VM state: not at safepoint (normal execution)

VM Mutex/Monitor currently owned by a thread: None

Heap address: 0x00000000c0000000, size: 1024 MB, Compressed Oops mode: 32-bit

CDS archive(s) mapped at: [0x0000000800000000-0x0000000800bc0000-0x0000000800bc0000), size 12320768, SharedBaseAddress: 0x0000000800000000, ArchiveRelocationMode: 0.
Compressed class space mapped at: 0x0000000800c00000-0x0000000840c00000, reserved size: 1073741824
Narrow klass base: 0x0000000800000000, Narrow klass shift: 0, Narrow klass range: 0x100000000

GC Precious Log:
 CPUs: 8 total, 8 available
 Memory: 7069M
 Large Page Support: Disabled
 NUMA Support: Disabled
 Compressed Oops: Enabled (32-bit)
 Alignments: Space 512K, Generation 512K, Heap 2M
 Heap Min Capacity: 100M
 Heap Initial Capacity: 100M
 Heap Max Capacity: 1G
 Pre-touch: Disabled
 Parallel Workers: 8

Heap:
 PSYoungGen      total 22016K, used 10064K [0x00000000eab00000, 0x00000000ec400000, 0x0000000100000000)
  eden space 20480K, 43% used [0x00000000eab00000,0x00000000eb3abcb8,0x00000000ebf00000)
  from space 1536K, 77% used [0x00000000ec280000,0x00000000ec3a83d0,0x00000000ec400000)
  to   space 2048K, 0% used [0x00000000ec000000,0x00000000ec000000,0x00000000ec200000)
 ParOldGen       total 68608K, used 29119K [0x00000000c0000000, 0x00000000c4300000, 0x00000000eab00000)
  object space 68608K, 42% used [0x00000000c0000000,0x00000000c1c6ffa0,0x00000000c4300000)
 Metaspace       used 43938K, committed 44800K, reserved 1089536K
  class space    used 4683K, committed 5056K, reserved 1048576K

Card table byte_map: [0x000001c06c7a0000,0x000001c06c9b0000] _byte_map_base: 0x000001c06c1a0000

Marking Bits: (ParMarkBitMap*) 0x00007ffad2ed2a60
 Begin Bits: [0x000001c06cb10000, 0x000001c06db10000)
 End Bits:   [0x000001c06db10000, 0x000001c06eb10000)

Polling page: 0x000001c05d590000

Metaspace:

Usage:
  Non-class:     38.34 MB used.
      Class:      4.57 MB used.
       Both:     42.91 MB used.

Virtual space:
  Non-class space:       40.00 MB reserved,      38.81 MB ( 97%) committed,  5 nodes.
      Class space:        1.00 GB reserved,       4.94 MB ( <1%) committed,  1 nodes.
             Both:        1.04 GB reserved,      43.75 MB (  4%) committed. 

Chunk freelists:
   Non-Class:  718.00 KB
       Class:  3.12 MB
        Both:  3.83 MB

MaxMetaspaceSize: unlimited
CompressedClassSpaceSize: 1.00 GB
Initial GC threshold: 21.00 MB
Current GC threshold: 58.38 MB
CDS: on
MetaspaceReclaimPolicy: balanced
 - commit_granule_bytes: 65536.
 - commit_granule_words: 8192.
 - virtual_space_node_default_size: 1048576.
 - enlarge_chunks_in_place: 1.
 - new_chunks_are_fully_committed: 0.
 - uncommit_free_chunks: 1.
 - use_allocation_guard: 0.
 - handle_deallocations: 1.


Internal statistics:

num_allocs_failed_limit: 6.
num_arena_births: 328.
num_arena_deaths: 0.
num_vsnodes_births: 6.
num_vsnodes_deaths: 0.
num_space_committed: 700.
num_space_uncommitted: 0.
num_chunks_returned_to_freelist: 6.
num_chunks_taken_from_freelist: 2183.
num_chunk_merges: 3.
num_chunk_splits: 1399.
num_chunks_enlarged: 822.
num_purges: 0.
num_inconsistent_stats: 0.

CodeHeap 'non-profiled nmethods': size=120000Kb used=1920Kb max_used=2505Kb free=118079Kb
 bounds [0x000001c065080000, 0x000001c065300000, 0x000001c06c5b0000]
CodeHeap 'profiled nmethods': size=120000Kb used=8948Kb max_used=10918Kb free=111051Kb
 bounds [0x000001c05db50000, 0x000001c05e610000, 0x000001c065080000]
CodeHeap 'non-nmethods': size=5760Kb used=1284Kb max_used=1351Kb free=4475Kb
 bounds [0x000001c05d5b0000, 0x000001c05d820000, 0x000001c05db50000]
 total_blobs=5007 nmethods=4397 adapters=523
 compilation: enabled
              stopped_count=0, restarted_count=0
 full_count=0

Compilation events (20 events):
Event: 12.287 Thread 0x000001c06eef2e70 5181       1       org.eclipse.jdt.internal.compiler.classfmt.ModuleInfo$PackageExportInfo::targets (5 bytes)
Event: 12.287 Thread 0x000001c06eef2e70 nmethod 5181 0x000001c065176d10 code [0x000001c065176ea0, 0x000001c065176f78]
Event: 12.287 Thread 0x000001c06eef2e70 5182       1       org.eclipse.jdt.internal.compiler.classfmt.ModuleInfo::exports (5 bytes)
Event: 12.287 Thread 0x000001c06eef2e70 nmethod 5182 0x000001c0651cde10 code [0x000001c0651cdfa0, 0x000001c0651ce078]
Event: 12.287 Thread 0x000001c06eef2e70 5183       1       org.eclipse.jdt.internal.compiler.classfmt.ModuleInfo::requires (5 bytes)
Event: 12.287 Thread 0x000001c06eef2e70 nmethod 5183 0x000001c06520a610 code [0x000001c06520a7a0, 0x000001c06520a878]
Event: 12.288 Thread 0x000001c06eef2e70 5184       1       org.eclipse.jdt.internal.core.JavaProject::getElementType (2 bytes)
Event: 12.289 Thread 0x000001c06eef2e70 nmethod 5184 0x000001c065108d90 code [0x000001c065108f20, 0x000001c065108ff8]
Event: 12.289 Thread 0x000001c06eef2e70 5185       3       org.eclipse.jdt.internal.core.builder.ClasspathJrt::getModule (29 bytes)
Event: 12.289 Thread 0x000001c06eef2e70 nmethod 5185 0x000001c05dc44290 code [0x000001c05dc44460, 0x000001c05dc44a18]
Event: 12.289 Thread 0x000001c06eef2e70 5186       3       org.eclipse.core.internal.resources.Project::isOpen (17 bytes)
Event: 12.290 Thread 0x000001c06eef2e70 nmethod 5186 0x000001c05dbfb410 code [0x000001c05dbfb5c0, 0x000001c05dbfb818]
Event: 12.290 Thread 0x000001c06eef2e70 5187       3       com.google.gson.stream.JsonWriter::beforeName (47 bytes)
Event: 12.291 Thread 0x000001c06eef2e70 nmethod 5187 0x000001c05dd35310 code [0x000001c05dd35520, 0x000001c05dd35ad8]
Event: 12.291 Thread 0x000001c06eef2e70 5188       3       com.google.gson.internal.bind.ReflectiveTypeAdapterFactory$1::writeField (29 bytes)
Event: 12.292 Thread 0x000001c06eef2e70 nmethod 5188 0x000001c05db63490 code [0x000001c05db63680, 0x000001c05db63a78]
Event: 12.292 Thread 0x000001c06eef2e70 5189       3       com.google.gson.internal.bind.ReflectiveTypeAdapterFactory$1::write (55 bytes)
Event: 12.293 Thread 0x000001c06eef2e70 nmethod 5189 0x000001c05de03610 code [0x000001c05de03820, 0x000001c05de03e88]
Event: 12.311 Thread 0x000001c06eef2e70 5190       3       org.eclipse.jdt.internal.compiler.impl.CompilerOptions::updateSeverity (158 bytes)
Event: 12.312 Thread 0x000001c06eef2e70 nmethod 5190 0x000001c05db8f890 code [0x000001c05db8fb60, 0x000001c05db90338]

GC Heap History (20 events):
Event: 7.698 GC heap before
{Heap before GC invocations=7 (full 1):
 PSYoungGen      total 28160K, used 27777K [0x00000000eab00000, 0x00000000eca80000, 0x0000000100000000)
  eden space 25088K, 99% used [0x00000000eab00000,0x00000000ec37ffe0,0x00000000ec380000)
  from space 3072K, 87% used [0x00000000ec400000,0x00000000ec6a04e8,0x00000000ec700000)
  to   space 3584K, 0% used [0x00000000ec700000,0x00000000ec700000,0x00000000eca80000)
 ParOldGen       total 68608K, used 10993K [0x00000000c0000000, 0x00000000c4300000, 0x00000000eab00000)
  object space 68608K, 16% used [0x00000000c0000000,0x00000000c0abc4a0,0x00000000c4300000)
 Metaspace       used 29509K, committed 30208K, reserved 1081344K
  class space    used 3034K, committed 3328K, reserved 1048576K
}
Event: 7.707 GC heap after
{Heap after GC invocations=7 (full 1):
 PSYoungGen      total 26624K, used 3569K [0x00000000eab00000, 0x00000000ece00000, 0x0000000100000000)
  eden space 23040K, 0% used [0x00000000eab00000,0x00000000eab00000,0x00000000ec180000)
  from space 3584K, 99% used [0x00000000ec700000,0x00000000eca7c438,0x00000000eca80000)
  to   space 5632K, 0% used [0x00000000ec180000,0x00000000ec180000,0x00000000ec700000)
 ParOldGen       total 68608K, used 12605K [0x00000000c0000000, 0x00000000c4300000, 0x00000000eab00000)
  object space 68608K, 18% used [0x00000000c0000000,0x00000000c0c4f770,0x00000000c4300000)
 Metaspace       used 29509K, committed 30208K, reserved 1081344K
  class space    used 3034K, committed 3328K, reserved 1048576K
}
Event: 8.334 GC heap before
{Heap before GC invocations=8 (full 1):
 PSYoungGen      total 26624K, used 26609K [0x00000000eab00000, 0x00000000ece00000, 0x0000000100000000)
  eden space 23040K, 99% used [0x00000000eab00000,0x00000000ec17fff0,0x00000000ec180000)
  from space 3584K, 99% used [0x00000000ec700000,0x00000000eca7c438,0x00000000eca80000)
  to   space 5632K, 0% used [0x00000000ec180000,0x00000000ec180000,0x00000000ec700000)
 ParOldGen       total 68608K, used 12605K [0x00000000c0000000, 0x00000000c4300000, 0x00000000eab00000)
  object space 68608K, 18% used [0x00000000c0000000,0x00000000c0c4f770,0x00000000c4300000)
 Metaspace       used 31243K, committed 32064K, reserved 1081344K
  class space    used 3263K, committed 3648K, reserved 1048576K
}
Event: 8.341 GC heap after
{Heap after GC invocations=8 (full 1):
 PSYoungGen      total 28160K, used 5387K [0x00000000eab00000, 0x00000000ecc00000, 0x0000000100000000)
  eden space 22528K, 0% used [0x00000000eab00000,0x00000000eab00000,0x00000000ec100000)
  from space 5632K, 95% used [0x00000000ec180000,0x00000000ec6c2d58,0x00000000ec700000)
  to   space 5120K, 0% used [0x00000000ec700000,0x00000000ec700000,0x00000000ecc00000)
 ParOldGen       total 68608K, used 12613K [0x00000000c0000000, 0x00000000c4300000, 0x00000000eab00000)
  object space 68608K, 18% used [0x00000000c0000000,0x00000000c0c51770,0x00000000c4300000)
 Metaspace       used 31243K, committed 32064K, reserved 1081344K
  class space    used 3263K, committed 3648K, reserved 1048576K
}
Event: 9.291 GC heap before
{Heap before GC invocations=9 (full 1):
 PSYoungGen      total 28160K, used 27915K [0x00000000eab00000, 0x00000000ecc00000, 0x0000000100000000)
  eden space 22528K, 100% used [0x00000000eab00000,0x00000000ec100000,0x00000000ec100000)
  from space 5632K, 95% used [0x00000000ec180000,0x00000000ec6c2d58,0x00000000ec700000)
  to   space 5120K, 0% used [0x00000000ec700000,0x00000000ec700000,0x00000000ecc00000)
 ParOldGen       total 68608K, used 12614K [0x00000000c0000000, 0x00000000c4300000, 0x00000000eab00000)
  object space 68608K, 18% used [0x00000000c0000000,0x00000000c0c51820,0x00000000c4300000)
 Metaspace       used 32468K, committed 33216K, reserved 1081344K
  class space    used 3432K, committed 3776K, reserved 1048576K
}
Event: 9.300 GC heap after
{Heap after GC invocations=9 (full 1):
 PSYoungGen      total 25600K, used 5117K [0x00000000eab00000, 0x00000000ed100000, 0x0000000100000000)
  eden space 20480K, 0% used [0x00000000eab00000,0x00000000eab00000,0x00000000ebf00000)
  from space 5120K, 99% used [0x00000000ec700000,0x00000000ecbff430,0x00000000ecc00000)
  to   space 8192K, 0% used [0x00000000ebf00000,0x00000000ebf00000,0x00000000ec700000)
 ParOldGen       total 68608K, used 14891K [0x00000000c0000000, 0x00000000c4300000, 0x00000000eab00000)
  object space 68608K, 21% used [0x00000000c0000000,0x00000000c0e8ae58,0x00000000c4300000)
 Metaspace       used 32468K, committed 33216K, reserved 1081344K
  class space    used 3432K, committed 3776K, reserved 1048576K
}
Event: 10.116 GC heap before
{Heap before GC invocations=10 (full 1):
 PSYoungGen      total 25600K, used 18091K [0x00000000eab00000, 0x00000000ed100000, 0x0000000100000000)
  eden space 20480K, 63% used [0x00000000eab00000,0x00000000eb7ab8f0,0x00000000ebf00000)
  from space 5120K, 99% used [0x00000000ec700000,0x00000000ecbff430,0x00000000ecc00000)
  to   space 8192K, 0% used [0x00000000ebf00000,0x00000000ebf00000,0x00000000ec700000)
 ParOldGen       total 68608K, used 14891K [0x00000000c0000000, 0x00000000c4300000, 0x00000000eab00000)
  object space 68608K, 21% used [0x00000000c0000000,0x00000000c0e8ae58,0x00000000c4300000)
 Metaspace       used 35156K, committed 35840K, reserved 1081344K
  class space    used 3748K, committed 4096K, reserved 1048576K
}
Event: 10.122 GC heap after
{Heap after GC invocations=10 (full 1):
 PSYoungGen      total 24576K, used 3635K [0x00000000eab00000, 0x00000000ecb00000, 0x0000000100000000)
  eden space 20480K, 0% used [0x00000000eab00000,0x00000000eab00000,0x00000000ebf00000)
  from space 4096K, 88% used [0x00000000ebf00000,0x00000000ec28cfc8,0x00000000ec300000)
  to   space 5120K, 0% used [0x00000000ec600000,0x00000000ec600000,0x00000000ecb00000)
 ParOldGen       total 68608K, used 17420K [0x00000000c0000000, 0x00000000c4300000, 0x00000000eab00000)
  object space 68608K, 25% used [0x00000000c0000000,0x00000000c1103288,0x00000000c4300000)
 Metaspace       used 35156K, committed 35840K, reserved 1081344K
  class space    used 3748K, committed 4096K, reserved 1048576K
}
Event: 10.122 GC heap before
{Heap before GC invocations=11 (full 2):
 PSYoungGen      total 24576K, used 3635K [0x00000000eab00000, 0x00000000ecb00000, 0x0000000100000000)
  eden space 20480K, 0% used [0x00000000eab00000,0x00000000eab00000,0x00000000ebf00000)
  from space 4096K, 88% used [0x00000000ebf00000,0x00000000ec28cfc8,0x00000000ec300000)
  to   space 5120K, 0% used [0x00000000ec600000,0x00000000ec600000,0x00000000ecb00000)
 ParOldGen       total 68608K, used 17420K [0x00000000c0000000, 0x00000000c4300000, 0x00000000eab00000)
  object space 68608K, 25% used [0x00000000c0000000,0x00000000c1103288,0x00000000c4300000)
 Metaspace       used 35156K, committed 35840K, reserved 1081344K
  class space    used 3748K, committed 4096K, reserved 1048576K
}
Event: 10.170 GC heap after
{Heap after GC invocations=11 (full 2):
 PSYoungGen      total 24576K, used 0K [0x00000000eab00000, 0x00000000ecb00000, 0x0000000100000000)
  eden space 20480K, 0% used [0x00000000eab00000,0x00000000eab00000,0x00000000ebf00000)
  from space 4096K, 0% used [0x00000000ebf00000,0x00000000ebf00000,0x00000000ec300000)
  to   space 5120K, 0% used [0x00000000ec600000,0x00000000ec600000,0x00000000ecb00000)
 ParOldGen       total 68608K, used 19259K [0x00000000c0000000, 0x00000000c4300000, 0x00000000eab00000)
  object space 68608K, 28% used [0x00000000c0000000,0x00000000c12cefd8,0x00000000c4300000)
 Metaspace       used 35156K, committed 35840K, reserved 1081344K
  class space    used 3748K, committed 4096K, reserved 1048576K
}
Event: 10.520 GC heap before
{Heap before GC invocations=12 (full 2):
 PSYoungGen      total 24576K, used 20480K [0x00000000eab00000, 0x00000000ecb00000, 0x0000000100000000)
  eden space 20480K, 100% used [0x00000000eab00000,0x00000000ebf00000,0x00000000ebf00000)
  from space 4096K, 0% used [0x00000000ebf00000,0x00000000ebf00000,0x00000000ec300000)
  to   space 5120K, 0% used [0x00000000ec600000,0x00000000ec600000,0x00000000ecb00000)
 ParOldGen       total 68608K, used 19262K [0x00000000c0000000, 0x00000000c4300000, 0x00000000eab00000)
  object space 68608K, 28% used [0x00000000c0000000,0x00000000c12cf9b0,0x00000000c4300000)
 Metaspace       used 37154K, committed 37888K, reserved 1089536K
  class space    used 4006K, committed 4352K, reserved 1048576K
}
Event: 10.524 GC heap after
{Heap after GC invocations=12 (full 2):
 PSYoungGen      total 23552K, used 2747K [0x00000000eab00000, 0x00000000ec900000, 0x0000000100000000)
  eden space 20480K, 0% used [0x00000000eab00000,0x00000000eab00000,0x00000000ebf00000)
  from space 3072K, 89% used [0x00000000ec600000,0x00000000ec8aedf0,0x00000000ec900000)
  to   space 3584K, 0% used [0x00000000ec200000,0x00000000ec200000,0x00000000ec580000)
 ParOldGen       total 68608K, used 19270K [0x00000000c0000000, 0x00000000c4300000, 0x00000000eab00000)
  object space 68608K, 28% used [0x00000000c0000000,0x00000000c12d19b0,0x00000000c4300000)
 Metaspace       used 37154K, committed 37888K, reserved 1089536K
  class space    used 4006K, committed 4352K, reserved 1048576K
}
Event: 10.593 GC heap before
{Heap before GC invocations=13 (full 2):
 PSYoungGen      total 23552K, used 23227K [0x00000000eab00000, 0x00000000ec900000, 0x0000000100000000)
  eden space 20480K, 100% used [0x00000000eab00000,0x00000000ebf00000,0x00000000ebf00000)
  from space 3072K, 89% used [0x00000000ec600000,0x00000000ec8aedf0,0x00000000ec900000)
  to   space 3584K, 0% used [0x00000000ec200000,0x00000000ec200000,0x00000000ec580000)
 ParOldGen       total 68608K, used 19270K [0x00000000c0000000, 0x00000000c4300000, 0x00000000eab00000)
  object space 68608K, 28% used [0x00000000c0000000,0x00000000c12d19b0,0x00000000c4300000)
 Metaspace       used 37714K, committed 38464K, reserved 1089536K
  class space    used 4077K, committed 4416K, reserved 1048576K
}
Event: 10.600 GC heap after
{Heap after GC invocations=13 (full 2):
 PSYoungGen      total 23040K, used 2336K [0x00000000eab00000, 0x00000000ec680000, 0x0000000100000000)
  eden space 20480K, 0% used [0x00000000eab00000,0x00000000eab00000,0x00000000ebf00000)
  from space 2560K, 91% used [0x00000000ec200000,0x00000000ec448000,0x00000000ec480000)
  to   space 2048K, 0% used [0x00000000ec480000,0x00000000ec480000,0x00000000ec680000)
 ParOldGen       total 68608K, used 21942K [0x00000000c0000000, 0x00000000c4300000, 0x00000000eab00000)
  object space 68608K, 31% used [0x00000000c0000000,0x00000000c156daf8,0x00000000c4300000)
 Metaspace       used 37714K, committed 38464K, reserved 1089536K
  class space    used 4077K, committed 4416K, reserved 1048576K
}
Event: 10.705 GC heap before
{Heap before GC invocations=14 (full 2):
 PSYoungGen      total 23040K, used 22816K [0x00000000eab00000, 0x00000000ec680000, 0x0000000100000000)
  eden space 20480K, 100% used [0x00000000eab00000,0x00000000ebf00000,0x00000000ebf00000)
  from space 2560K, 91% used [0x00000000ec200000,0x00000000ec448000,0x00000000ec480000)
  to   space 2048K, 0% used [0x00000000ec480000,0x00000000ec480000,0x00000000ec680000)
 ParOldGen       total 68608K, used 21942K [0x00000000c0000000, 0x00000000c4300000, 0x00000000eab00000)
  object space 68608K, 31% used [0x00000000c0000000,0x00000000c156daf8,0x00000000c4300000)
 Metaspace       used 38546K, committed 39232K, reserved 1089536K
  class space    used 4152K, committed 4480K, reserved 1048576K
}
Event: 10.711 GC heap after
{Heap after GC invocations=14 (full 2):
 PSYoungGen      total 22528K, used 2016K [0x00000000eab00000, 0x00000000ec900000, 0x0000000100000000)
  eden space 20480K, 0% used [0x00000000eab00000,0x00000000eab00000,0x00000000ebf00000)
  from space 2048K, 98% used [0x00000000ec480000,0x00000000ec678010,0x00000000ec680000)
  to   space 5120K, 0% used [0x00000000ebf00000,0x00000000ebf00000,0x00000000ec400000)
 ParOldGen       total 68608K, used 24508K [0x00000000c0000000, 0x00000000c4300000, 0x00000000eab00000)
  object space 68608K, 35% used [0x00000000c0000000,0x00000000c17ef280,0x00000000c4300000)
 Metaspace       used 38546K, committed 39232K, reserved 1089536K
  class space    used 4152K, committed 4480K, reserved 1048576K
}
Event: 11.043 GC heap before
{Heap before GC invocations=15 (full 2):
 PSYoungGen      total 22528K, used 22496K [0x00000000eab00000, 0x00000000ec900000, 0x0000000100000000)
  eden space 20480K, 100% used [0x00000000eab00000,0x00000000ebf00000,0x00000000ebf00000)
  from space 2048K, 98% used [0x00000000ec480000,0x00000000ec678010,0x00000000ec680000)
  to   space 5120K, 0% used [0x00000000ebf00000,0x00000000ebf00000,0x00000000ec400000)
 ParOldGen       total 68608K, used 24508K [0x00000000c0000000, 0x00000000c4300000, 0x00000000eab00000)
  object space 68608K, 35% used [0x00000000c0000000,0x00000000c17ef280,0x00000000c4300000)
 Metaspace       used 39792K, committed 40576K, reserved 1089536K
  class space    used 4315K, committed 4672K, reserved 1048576K
}
Event: 11.049 GC heap after
{Heap after GC invocations=15 (full 2):
 PSYoungGen      total 23552K, used 2656K [0x00000000eab00000, 0x00000000ec600000, 0x0000000100000000)
  eden space 20480K, 0% used [0x00000000eab00000,0x00000000eab00000,0x00000000ebf00000)
  from space 3072K, 86% used [0x00000000ebf00000,0x00000000ec198000,0x00000000ec200000)
  to   space 3584K, 0% used [0x00000000ec280000,0x00000000ec280000,0x00000000ec600000)
 ParOldGen       total 68608K, used 26540K [0x00000000c0000000, 0x00000000c4300000, 0x00000000eab00000)
  object space 68608K, 38% used [0x00000000c0000000,0x00000000c19eb290,0x00000000c4300000)
 Metaspace       used 39792K, committed 40576K, reserved 1089536K
  class space    used 4315K, committed 4672K, reserved 1048576K
}
Event: 12.192 GC heap before
{Heap before GC invocations=16 (full 2):
 PSYoungGen      total 23552K, used 23136K [0x00000000eab00000, 0x00000000ec600000, 0x0000000100000000)
  eden space 20480K, 100% used [0x00000000eab00000,0x00000000ebf00000,0x00000000ebf00000)
  from space 3072K, 86% used [0x00000000ebf00000,0x00000000ec198000,0x00000000ec200000)
  to   space 3584K, 0% used [0x00000000ec280000,0x00000000ec280000,0x00000000ec600000)
 ParOldGen       total 68608K, used 26540K [0x00000000c0000000, 0x00000000c4300000, 0x00000000eab00000)
  object space 68608K, 38% used [0x00000000c0000000,0x00000000c19eb290,0x00000000c4300000)
 Metaspace       used 43194K, committed 44032K, reserved 1089536K
  class space    used 4637K, committed 4992K, reserved 1048576K
}
Event: 12.198 GC heap after
{Heap after GC invocations=16 (full 2):
 PSYoungGen      total 22016K, used 1184K [0x00000000eab00000, 0x00000000ec400000, 0x0000000100000000)
  eden space 20480K, 0% used [0x00000000eab00000,0x00000000eab00000,0x00000000ebf00000)
  from space 1536K, 77% used [0x00000000ec280000,0x00000000ec3a83d0,0x00000000ec400000)
  to   space 2048K, 0% used [0x00000000ec000000,0x00000000ec000000,0x00000000ec200000)
 ParOldGen       total 68608K, used 29119K [0x00000000c0000000, 0x00000000c4300000, 0x00000000eab00000)
  object space 68608K, 42% used [0x00000000c0000000,0x00000000c1c6ffa0,0x00000000c4300000)
 Metaspace       used 43194K, committed 44032K, reserved 1089536K
  class space    used 4637K, committed 4992K, reserved 1048576K
}

Deoptimization events (20 events):
Event: 11.819 Thread 0x000001c0734f9760 Uncommon trap: trap_request=0xffffffde fr.pc=0x000001c0651e5e94 relative=0x0000000000000234
Event: 11.819 Thread 0x000001c0734f9760 Uncommon trap: reason=class_check action=maybe_recompile pc=0x000001c0651e5e94 method=java.util.ArrayList$ArrayListSpliterator.tryAdvance(Ljava/util/function/Consumer;)Z @ 48 c2
Event: 11.819 Thread 0x000001c0734f9760 DEOPT PACKING pc=0x000001c0651e5e94 sp=0x000000023a6fdca0
Event: 11.820 Thread 0x000001c0734f9760 DEOPT UNPACKING pc=0x000001c05d6020a3 sp=0x000000023a6fdc30 mode 2
Event: 11.820 Thread 0x000001c0734f9760 Uncommon trap: trap_request=0xffffffde fr.pc=0x000001c0651e5e94 relative=0x0000000000000234
Event: 11.820 Thread 0x000001c0734f9760 Uncommon trap: reason=class_check action=maybe_recompile pc=0x000001c0651e5e94 method=java.util.ArrayList$ArrayListSpliterator.tryAdvance(Ljava/util/function/Consumer;)Z @ 48 c2
Event: 11.820 Thread 0x000001c0734f9760 DEOPT PACKING pc=0x000001c0651e5e94 sp=0x000000023a6fdca0
Event: 11.820 Thread 0x000001c0734f9760 DEOPT UNPACKING pc=0x000001c05d6020a3 sp=0x000000023a6fdc30 mode 2
Event: 11.969 Thread 0x000001c073aaa860 Uncommon trap: trap_request=0xffffff76 fr.pc=0x000001c0651910d4 relative=0x0000000000000614
Event: 11.969 Thread 0x000001c073aaa860 Uncommon trap: reason=predicate action=maybe_recompile pc=0x000001c0651910d4 method=java.util.TreeMap.getEntryUsingComparator(Ljava/lang/Object;)Ljava/util/TreeMap$Entry; @ 19 c2
Event: 11.969 Thread 0x000001c073aaa860 DEOPT PACKING pc=0x000001c0651910d4 sp=0x000000023a8fedc0
Event: 11.969 Thread 0x000001c073aaa860 DEOPT UNPACKING pc=0x000001c05d6020a3 sp=0x000000023a8fec88 mode 2
Event: 12.076 Thread 0x000001c073aaad30 Uncommon trap: trap_request=0xffffffde fr.pc=0x000001c0652c7ab8 relative=0x0000000000000638
Event: 12.076 Thread 0x000001c073aaad30 Uncommon trap: reason=class_check action=maybe_recompile pc=0x000001c0652c7ab8 method=java.util.regex.Pattern$CharPropertyGreedy.match(Ljava/util/regex/Matcher;ILjava/lang/CharSequence;)Z @ 113 c2
Event: 12.076 Thread 0x000001c073aaad30 DEOPT PACKING pc=0x000001c0652c7ab8 sp=0x000000023a7ff0e0
Event: 12.076 Thread 0x000001c073aaad30 DEOPT UNPACKING pc=0x000001c05d6020a3 sp=0x000000023a7ff0b0 mode 2
Event: 12.102 Thread 0x000001c073aaa860 Uncommon trap: trap_request=0xffffff45 fr.pc=0x000001c06522e108 relative=0x00000000000034c8
Event: 12.102 Thread 0x000001c073aaa860 Uncommon trap: reason=unstable_if action=reinterpret pc=0x000001c06522e108 method=org.eclipse.jdt.internal.compiler.util.JrtFileSystem$2.visitFile(Ljava/nio/file/Path;Ljava/nio/file/attribute/BasicFileAttributes;)Ljava/nio/file/FileVisitResult; @ 6 c2
Event: 12.102 Thread 0x000001c073aaa860 DEOPT PACKING pc=0x000001c06522e108 sp=0x000000023a8fe370
Event: 12.102 Thread 0x000001c073aaa860 DEOPT UNPACKING pc=0x000001c05d6020a3 sp=0x000000023a8fe2f8 mode 2

Classes unloaded (0 events):
No events

Classes redefined (0 events):
No events

Internal exceptions (20 events):
Event: 11.346 Thread 0x000001c073aab200 Exception <a 'sun/nio/fs/WindowsException'{0x00000000eae447f0}> (0x00000000eae447f0) 
thrown [e:\jenkins\tmp\workspace\build\src\src\hotspot\share\prims\jni.cpp, line 516]
Event: 11.351 Thread 0x000001c073aab200 Exception <a 'sun/nio/fs/WindowsException'{0x00000000eae4a608}> (0x00000000eae4a608) 
thrown [e:\jenkins\tmp\workspace\build\src\src\hotspot\share\prims\jni.cpp, line 516]
Event: 11.353 Thread 0x000001c073aab200 Exception <a 'sun/nio/fs/WindowsException'{0x00000000eae50860}> (0x00000000eae50860) 
thrown [e:\jenkins\tmp\workspace\build\src\src\hotspot\share\prims\jni.cpp, line 516]
Event: 11.356 Thread 0x000001c073aab200 Exception <a 'sun/nio/fs/WindowsException'{0x00000000eae53dc8}> (0x00000000eae53dc8) 
thrown [e:\jenkins\tmp\workspace\build\src\src\hotspot\share\prims\jni.cpp, line 516]
Event: 11.359 Thread 0x000001c073aab200 Exception <a 'sun/nio/fs/WindowsException'{0x00000000eae58238}> (0x00000000eae58238) 
thrown [e:\jenkins\tmp\workspace\build\src\src\hotspot\share\prims\jni.cpp, line 516]
Event: 11.361 Thread 0x000001c073aab200 Exception <a 'sun/nio/fs/WindowsException'{0x00000000eae5b858}> (0x00000000eae5b858) 
thrown [e:\jenkins\tmp\workspace\build\src\src\hotspot\share\prims\jni.cpp, line 516]
Event: 11.363 Thread 0x000001c073aab200 Exception <a 'sun/nio/fs/WindowsException'{0x00000000eae5fad8}> (0x00000000eae5fad8) 
thrown [e:\jenkins\tmp\workspace\build\src\src\hotspot\share\prims\jni.cpp, line 516]
Event: 11.443 Thread 0x000001c073aab200 Exception <a 'java/lang/ArrayIndexOutOfBoundsException'{0x00000000eb0478b0}: Index 1665 out of bounds for length 1665> (0x00000000eb0478b0) 
thrown [e:\jenkins\tmp\workspace\build\src\src\hotspot\share\interpreter\interpreterRuntime.cpp, line 428]
Event: 11.664 Thread 0x000001c073aab200 Exception <a 'sun/nio/fs/WindowsException'{0x00000000eb434b88}> (0x00000000eb434b88) 
thrown [e:\jenkins\tmp\workspace\build\src\src\hotspot\share\prims\jni.cpp, line 516]
Event: 11.702 Thread 0x000001c073aab200 Exception <a 'sun/nio/fs/WindowsException'{0x00000000eb456fe0}> (0x00000000eb456fe0) 
thrown [e:\jenkins\tmp\workspace\build\src\src\hotspot\share\prims\jni.cpp, line 516]
Event: 11.717 Thread 0x000001c073aab200 Exception <a 'sun/nio/fs/WindowsException'{0x00000000eb471dd0}> (0x00000000eb471dd0) 
thrown [e:\jenkins\tmp\workspace\build\src\src\hotspot\share\prims\jni.cpp, line 516]
Event: 11.995 Thread 0x000001c073aaa860 Exception <a 'java/lang/NoSuchMethodError'{0x00000000eb695da0}: 'java.lang.Object java.lang.invoke.DirectMethodHandle$Holder.invokeStatic(java.lang.Object, java.lang.Object, java.lang.Object, long)'> (0x00000000eb695da0) 
thrown [e:\jenkins\tmp\workspace\build\src\src\hotspot\share\interpreter\linkResolver.cpp, line 766]
Event: 12.003 Thread 0x000001c0734f9760 Exception <a 'sun/nio/fs/WindowsException'{0x00000000eb6bff18}> (0x00000000eb6bff18) 
thrown [e:\jenkins\tmp\workspace\build\src\src\hotspot\share\prims\jni.cpp, line 516]
Event: 12.003 Thread 0x000001c073aaa860 Exception <a 'java/lang/NoSuchMethodError'{0x00000000eb6ba0e8}: 'java.lang.Object java.lang.invoke.DirectMethodHandle$Holder.newInvokeSpecial(java.lang.Object, java.lang.Object, java.lang.Object, long)'> (0x00000000eb6ba0e8) 
thrown [e:\jenkins\tmp\workspace\build\src\src\hotspot\share\interpreter\linkResolver.cpp, line 766]
Event: 12.005 Thread 0x000001c073aaa860 Exception <a 'java/lang/NoSuchMethodError'{0x00000000eb6be200}: 'java.lang.Object java.lang.invoke.DirectMethodHandle$Holder.invokeSpecial(java.lang.Object, java.lang.Object, java.lang.Object, java.lang.Object, long)'> (0x00000000eb6be200) 
thrown [e:\jenkins\tmp\workspace\build\src\src\hotspot\share\interpreter\linkResolver.cpp, line 766]
Event: 12.005 Thread 0x000001c073aaa860 Exception <a 'java/lang/NoSuchMethodError'{0x00000000eb6c3a20}: 'java.lang.Object java.lang.invoke.Invokers$Holder.linkToTargetMethod(java.lang.Object, java.lang.Object, long, java.lang.Object)'> (0x00000000eb6c3a20) 
thrown [e:\jenkins\tmp\workspace\build\src\src\hotspot\share\interpreter\linkResolver.cpp, line 766]
Event: 12.023 Thread 0x000001c0734f9760 Exception <a 'java/lang/NoSuchMethodError'{0x00000000eb7198e8}: 'java.lang.Object java.lang.invoke.DirectMethodHandle$Holder.invokeInterface(java.lang.Object, java.lang.Object, java.lang.Object)'> (0x00000000eb7198e8) 
thrown [e:\jenkins\tmp\workspace\build\src\src\hotspot\share\interpreter\linkResolver.cpp, line 766]
Event: 12.044 Thread 0x000001c073aaa860 Exception <a 'java/io/FileNotFoundException'{0x00000000eb765d00}> (0x00000000eb765d00) 
thrown [e:\jenkins\tmp\workspace\build\src\src\hotspot\share\prims\jni.cpp, line 516]
Event: 12.046 Thread 0x000001c073aaa860 Exception <a 'java/io/FileNotFoundException'{0x00000000eb767da8}> (0x00000000eb767da8) 
thrown [e:\jenkins\tmp\workspace\build\src\src\hotspot\share\prims\jni.cpp, line 516]
Event: 12.047 Thread 0x000001c073aaa860 Exception <a 'java/io/FileNotFoundException'{0x00000000eb769220}> (0x00000000eb769220) 
thrown [e:\jenkins\tmp\workspace\build\src\src\hotspot\share\prims\jni.cpp, line 516]

VM Operations (20 events):
Event: 11.042 Executing VM operation: ParallelGCFailedAllocation
Event: 11.049 Executing VM operation: ParallelGCFailedAllocation done
Event: 11.259 Executing VM operation: HandshakeAllThreads
Event: 11.259 Executing VM operation: HandshakeAllThreads done
Event: 11.342 Executing VM operation: HandshakeAllThreads
Event: 11.342 Executing VM operation: HandshakeAllThreads done
Event: 11.640 Executing VM operation: ICBufferFull
Event: 11.641 Executing VM operation: ICBufferFull done
Event: 11.873 Executing VM operation: HandshakeAllThreads
Event: 11.873 Executing VM operation: HandshakeAllThreads done
Event: 11.875 Executing VM operation: HandshakeAllThreads
Event: 11.875 Executing VM operation: HandshakeAllThreads done
Event: 11.888 Executing VM operation: HandshakeAllThreads
Event: 11.889 Executing VM operation: HandshakeAllThreads done
Event: 11.925 Executing VM operation: HandshakeAllThreads
Event: 11.940 Executing VM operation: HandshakeAllThreads done
Event: 11.969 Executing VM operation: HandshakeAllThreads
Event: 11.979 Executing VM operation: HandshakeAllThreads done
Event: 12.192 Executing VM operation: ParallelGCFailedAllocation
Event: 12.210 Executing VM operation: ParallelGCFailedAllocation done

Events (20 events):
Event: 11.995 Thread 0x000001c06ef011b0 flushing nmethod 0x000001c05e394090
Event: 11.995 Thread 0x000001c06ef011b0 flushing nmethod 0x000001c05e396010
Event: 11.995 Thread 0x000001c06ef011b0 flushing nmethod 0x000001c05e397c10
Event: 11.995 Thread 0x000001c06ef011b0 flushing nmethod 0x000001c05e39c090
Event: 11.995 Thread 0x000001c06ef011b0 flushing nmethod 0x000001c05e3a7b10
Event: 11.995 Thread 0x000001c06ef011b0 flushing nmethod 0x000001c05e3ac110
Event: 11.995 Thread 0x000001c06ef011b0 flushing nmethod 0x000001c05e3b0890
Event: 11.996 Thread 0x000001c06ef011b0 flushing nmethod 0x000001c05e3cbf90
Event: 11.996 Thread 0x000001c06ef011b0 flushing nmethod 0x000001c05e3d1790
Event: 11.996 Thread 0x000001c06ef011b0 flushing nmethod 0x000001c05e408890
Event: 11.996 Thread 0x000001c06ef011b0 flushing nmethod 0x000001c05e41e110
Event: 11.997 Thread 0x000001c06ef011b0 flushing nmethod 0x000001c05e496c10
Event: 11.997 Thread 0x000001c06ef011b0 flushing nmethod 0x000001c05e4b0210
Event: 11.997 Thread 0x000001c06ef011b0 flushing nmethod 0x000001c05e4b9110
Event: 11.997 Thread 0x000001c06ef011b0 flushing nmethod 0x000001c05e4ba010
Event: 11.998 Thread 0x000001c06ef011b0 flushing nmethod 0x000001c05e4c3e90
Event: 11.998 Thread 0x000001c06ef011b0 flushing nmethod 0x000001c05e4c8590
Event: 11.998 Thread 0x000001c06ef011b0 flushing nmethod 0x000001c05e4d4d90
Event: 11.999 Thread 0x000001c06ef011b0 flushing nmethod 0x000001c05e4ec010
Event: 11.999 Thread 0x000001c06ef011b0 flushing nmethod 0x000001c05e53a590


Dynamic libraries:
0x00007ff66d4a0000 - 0x00007ff66d4ae000 	C:\Program Files\Eclipse Adoptium\jdk-17.0.1.12-hotspot\bin\java.exe
0x00007ffb11470000 - 0x00007ffb11665000 	C:\WINDOWS\SYSTEM32\ntdll.dll
0x00007ffb10100000 - 0x00007ffb101be000 	C:\WINDOWS\System32\KERNEL32.DLL
0x00007ffb0eed0000 - 0x00007ffb0f198000 	C:\WINDOWS\System32\KERNELBASE.dll
0x00007ffb0f250000 - 0x00007ffb0f350000 	C:\WINDOWS\System32\ucrtbase.dll
0x00007ffb044c0000 - 0x00007ffb044d8000 	C:\Program Files\Eclipse Adoptium\jdk-17.0.1.12-hotspot\bin\jli.dll
0x00007ffb01330000 - 0x00007ffb01349000 	C:\Program Files\Eclipse Adoptium\jdk-17.0.1.12-hotspot\bin\VCRUNTIME140.dll
0x00007ffb0ff20000 - 0x00007ffb100c1000 	C:\WINDOWS\System32\USER32.dll
0x00007ffb0f490000 - 0x00007ffb0f4b2000 	C:\WINDOWS\System32\win32u.dll
0x00007ffb100d0000 - 0x00007ffb100fb000 	C:\WINDOWS\System32\GDI32.dll
0x00007ffb0f380000 - 0x00007ffb0f48b000 	C:\WINDOWS\System32\gdi32full.dll
0x00007ffb0df90000 - 0x00007ffb0e22a000 	C:\WINDOWS\WinSxS\amd64_microsoft.windows.common-controls_6595b64144ccf1df_6.0.19041.1110_none_60b5254171f9507e\COMCTL32.dll
0x00007ffb0ee30000 - 0x00007ffb0eecd000 	C:\WINDOWS\System32\msvcp_win.dll
0x00007ffb0f760000 - 0x00007ffb0f7fe000 	C:\WINDOWS\System32\msvcrt.dll
0x00007ffb11350000 - 0x00007ffb11380000 	C:\WINDOWS\System32\IMM32.DLL
0x00007ffb0b9f0000 - 0x00007ffb0b9fc000 	C:\Program Files\Eclipse Adoptium\jdk-17.0.1.12-hotspot\bin\vcruntime140_1.dll
0x00007ffaeda60000 - 0x00007ffaedaf1000 	C:\Program Files\Eclipse Adoptium\jdk-17.0.1.12-hotspot\bin\msvcp140.dll
0x00007ffad2350000 - 0x00007ffad2f96000 	C:\Program Files\Eclipse Adoptium\jdk-17.0.1.12-hotspot\bin\server\jvm.dll
0x00007ffb0fc60000 - 0x00007ffb0fd0c000 	C:\WINDOWS\System32\ADVAPI32.dll
0x00007ffb10b10000 - 0x00007ffb10bab000 	C:\WINDOWS\System32\sechost.dll
0x00007ffb109e0000 - 0x00007ffb10b0a000 	C:\WINDOWS\System32\RPCRT4.dll
0x00007ffb0fc50000 - 0x00007ffb0fc58000 	C:\WINDOWS\System32\PSAPI.DLL
0x00007ffb0b9d0000 - 0x00007ffb0b9d9000 	C:\WINDOWS\SYSTEM32\WSOCK32.dll
0x00007ffb0fb80000 - 0x00007ffb0fbeb000 	C:\WINDOWS\System32\WS2_32.dll
0x00007ffb045e0000 - 0x00007ffb04607000 	C:\WINDOWS\SYSTEM32\WINMM.dll
0x00007ffb0bd20000 - 0x00007ffb0bd2a000 	C:\WINDOWS\SYSTEM32\VERSION.dll
0x00007ffb0bd40000 - 0x00007ffb0bd52000 	C:\WINDOWS\SYSTEM32\kernel.appcore.dll
0x00007ffb0b9a0000 - 0x00007ffb0b9aa000 	C:\Program Files\Eclipse Adoptium\jdk-17.0.1.12-hotspot\bin\jimage.dll
0x00007ffb0e590000 - 0x00007ffb0e774000 	C:\WINDOWS\SYSTEM32\DBGHELP.DLL
0x00007ffb0e4e0000 - 0x00007ffb0e50c000 	C:\WINDOWS\SYSTEM32\dbgcore.DLL
0x00007ffb0ed40000 - 0x00007ffb0edc3000 	C:\WINDOWS\System32\bcryptPrimitives.dll
0x00007ffaf8a80000 - 0x00007ffaf8aa5000 	C:\Program Files\Eclipse Adoptium\jdk-17.0.1.12-hotspot\bin\java.dll
0x00007ffaed390000 - 0x00007ffaed466000 	C:\Program Files\Eclipse Adoptium\jdk-17.0.1.12-hotspot\bin\svml.dll
0x00007ffb10c10000 - 0x00007ffb1134f000 	C:\WINDOWS\System32\SHELL32.dll
0x00007ffb0beb0000 - 0x00007ffb0c640000 	C:\WINDOWS\SYSTEM32\windows.storage.dll
0x00007ffb0f800000 - 0x00007ffb0fb55000 	C:\WINDOWS\System32\combase.dll
0x00007ffb0def0000 - 0x00007ffb0df1e000 	C:\WINDOWS\SYSTEM32\Wldp.dll
0x00007ffb10220000 - 0x00007ffb102cd000 	C:\WINDOWS\System32\SHCORE.dll
0x00007ffb0fda0000 - 0x00007ffb0fdf5000 	C:\WINDOWS\System32\shlwapi.dll
0x00007ffb0ead0000 - 0x00007ffb0eaef000 	C:\WINDOWS\SYSTEM32\profapi.dll
0x00007ffb00830000 - 0x00007ffb00849000 	C:\Program Files\Eclipse Adoptium\jdk-17.0.1.12-hotspot\bin\net.dll
0x00007ffb02c20000 - 0x00007ffb02d2c000 	C:\WINDOWS\SYSTEM32\WINHTTP.dll
0x00007ffb0dde0000 - 0x00007ffb0de4a000 	C:\WINDOWS\system32\mswsock.dll
0x00007ffaffb10000 - 0x00007ffaffb25000 	C:\Program Files\Eclipse Adoptium\jdk-17.0.1.12-hotspot\bin\nio.dll
0x00007ffafc5e0000 - 0x00007ffafc5f8000 	C:\Program Files\Eclipse Adoptium\jdk-17.0.1.12-hotspot\bin\zip.dll
0x00007ffb0e8a0000 - 0x00007ffb0e8b8000 	C:\WINDOWS\SYSTEM32\CRYPTSP.dll
0x00007ffb0d550000 - 0x00007ffb0d584000 	C:\WINDOWS\system32\rsaenh.dll
0x00007ffb0f350000 - 0x00007ffb0f377000 	C:\WINDOWS\System32\bcrypt.dll
0x00007ffb0ea50000 - 0x00007ffb0ea7e000 	C:\WINDOWS\SYSTEM32\USERENV.dll
0x00007ffb0deb0000 - 0x00007ffb0debc000 	C:\WINDOWS\SYSTEM32\CRYPTBASE.dll
0x00007ffb0d930000 - 0x00007ffb0d96b000 	C:\WINDOWS\SYSTEM32\IPHLPAPI.DLL
0x00007ffb0fd10000 - 0x00007ffb0fd18000 	C:\WINDOWS\System32\NSI.dll
0x00007ffb027b0000 - 0x00007ffb027c7000 	C:\WINDOWS\SYSTEM32\dhcpcsvc6.DLL
0x00007ffb02dc0000 - 0x00007ffb02ddd000 	C:\WINDOWS\SYSTEM32\dhcpcsvc.DLL
0x00007ffb0d810000 - 0x00007ffb0d8db000 	C:\WINDOWS\SYSTEM32\DNSAPI.dll
0x00007ffaf8540000 - 0x00007ffaf857e000 	C:\Users\royst\AppData\Roaming\Code\User\globalStorage\redhat.java\1.1.0\config_win\org.eclipse.equinox.launcher\org.eclipse.equinox.launcher.win32.win32.x86_64_1.2.400.v20211116-1129\eclipse_11601.dll
0x00007ffb0f5a0000 - 0x00007ffb0f6ca000 	C:\WINDOWS\System32\ole32.dll
0x00007ffb07b90000 - 0x00007ffb07ba0000 	C:\Program Files\Eclipse Adoptium\jdk-17.0.1.12-hotspot\bin\verify.dll
0x00007ffb0bc60000 - 0x00007ffb0bc71000 	C:\Users\royst\AppData\Roaming\Code\User\globalStorage\redhat.java\1.1.0\config_win\org.eclipse.osgi\23\0\.cp\jWinHttp-1.0.0.dll

dbghelp: loaded successfully - version: 4.0.5 - missing functions: none
symbol engine: initialized successfully - sym options: 0x614 - pdb path: .;C:\Program Files\Eclipse Adoptium\jdk-17.0.1.12-hotspot\bin;C:\WINDOWS\SYSTEM32;C:\WINDOWS\WinSxS\amd64_microsoft.windows.common-controls_6595b64144ccf1df_6.0.19041.1110_none_60b5254171f9507e;C:\Program Files\Eclipse Adoptium\jdk-17.0.1.12-hotspot\bin\server;C:\Users\royst\AppData\Roaming\Code\User\globalStorage\redhat.java\1.1.0\config_win\org.eclipse.equinox.launcher\org.eclipse.equinox.launcher.win32.win32.x86_64_1.2.400.v20211116-1129;C:\Users\royst\AppData\Roaming\Code\User\globalStorage\redhat.java\1.1.0\config_win\org.eclipse.osgi\23\0\.cp

VM Arguments:
jvm_args: --add-modules=ALL-SYSTEM --add-opens=java.base/java.util=ALL-UNNAMED --add-opens=java.base/java.lang=ALL-UNNAMED -Declipse.application=org.eclipse.jdt.ls.core.id1 -Dosgi.bundles.defaultStartLevel=4 -Declipse.product=org.eclipse.jdt.ls.core.product -Djava.import.generatesMetadataFilesAtProjectRoot=false -Dfile.encoding=utf8 -DwatchParentProcess=false -XX:+UseParallelGC -XX:GCTimeRatio=4 -XX:AdaptiveSizePolicyWeight=90 -Dsun.zip.disableMemoryMapping=true -Xmx1G -Xms100m -XX:+HeapDumpOnOutOfMemoryError -XX:HeapDumpPath=c:\Users\royst\AppData\Roaming\Code\User\workspaceStorage\cf0cd3ddf5c7265b3d7a65041989eda1\redhat.java 
java_command: c:\Users\royst\.vscode\extensions\redhat.java-1.1.0\server\plugins\org.eclipse.equinox.launcher_1.6.400.v20210924-0641.jar -configuration c:\Users\royst\AppData\Roaming\Code\User\globalStorage\redhat.java\1.1.0\config_win -data c:\Users\royst\AppData\Roaming\Code\User\workspaceStorage\cf0cd3ddf5c7265b3d7a65041989eda1\redhat.java\jdt_ws
java_class_path (initial): c:\Users\royst\.vscode\extensions\redhat.java-1.1.0\server\plugins\org.eclipse.equinox.launcher_1.6.400.v20210924-0641.jar
Launcher Type: SUN_STANDARD

[Global flags]
    uintx AdaptiveSizePolicyWeight                 = 90                                        {product} {command line}
     intx CICompilerCount                          = 4                                         {product} {ergonomic}
    uintx GCTimeRatio                              = 4                                         {product} {command line}
     bool HeapDumpOnOutOfMemoryError               = true                                   {manageable} {command line}
    ccstr HeapDumpPath                             = c:\Users\royst\AppData\Roaming\Code\User\workspaceStorage\cf0cd3ddf5c7265b3d7a65041989eda1\redhat.java         {manageable} {command line}
   size_t InitialHeapSize                          = 104857600                                 {product} {command line}
   size_t MaxHeapSize                              = 1073741824                                {product} {command line}
   size_t MaxNewSize                               = 357564416                                 {product} {ergonomic}
   size_t MinHeapDeltaBytes                        = 524288                                    {product} {ergonomic}
   size_t MinHeapSize                              = 104857600                                 {product} {command line}
   size_t NewSize                                  = 34603008                                  {product} {ergonomic}
    uintx NonNMethodCodeHeapSize                   = 5839372                                {pd product} {ergonomic}
    uintx NonProfiledCodeHeapSize                  = 122909434                              {pd product} {ergonomic}
   size_t OldSize                                  = 70254592                                  {product} {ergonomic}
    uintx ProfiledCodeHeapSize                     = 122909434                              {pd product} {ergonomic}
    uintx ReservedCodeCacheSize                    = 251658240                              {pd product} {ergonomic}
     bool SegmentedCodeCache                       = true                                      {product} {ergonomic}
   size_t SoftMaxHeapSize                          = 1073741824                             {manageable} {ergonomic}
     bool UseCompressedClassPointers               = true                           {product lp64_product} {ergonomic}
     bool UseCompressedOops                        = true                           {product lp64_product} {ergonomic}
     bool UseLargePagesIndividualAllocation        = false                                  {pd product} {ergonomic}
     bool UseParallelGC                            = true                                      {product} {command line}

Logging:
Log output configuration:
 #0: stdout all=warning uptime,level,tags
 #1: stderr all=off uptime,level,tags

Environment Variables:
PATH=C:\Program Files\Java\jdk-17.0.1;C:\Program Files\Common Files\Oracle\Java\javapath;C:\Program Files\Eclipse Adoptium\jdk-17.0.1.12-hotspot\bin;C:\Python310\Scripts\;C:\Python310\;C:\WINDOWS\system32;C:\WINDOWS;C:\WINDOWS\System32\Wbem;C:\WINDOWS\System32\WindowsPowerShell\v1.0\;C:\WINDOWS\System32\OpenSSH\;C:\Program Files\nodejs\;C:\ProgramData\chocolatey\bin;C:\Users\royst\AppData\Local\Microsoft\WindowsApps;C:\Users\royst\AppData\Local\Programs\Microsoft VS Code\bin;C:\Users\royst\AppData\Roaming\npm;C:\Users\royst\AppData\Local\GitHubDesktop\bin;C:\msys64\mingw64\bin;
USERNAME=royce
OS=Windows_NT
PROCESSOR_IDENTIFIER=AMD64 Family 23 Model 17 Stepping 0, AuthenticAMD



---------------  S Y S T E M  ---------------

OS:
 Windows 10 , 64 bit Build 19041 (10.0.19041.1348)
OS uptime: 23 days 9:09 hours

CPU: total 8 (initial active 8) (8 cores per cpu, 2 threads per core) family 23 model 17 stepping 0 microcode 0x0, cx8, cmov, fxsr, ht, mmx, 3dnowpref, sse, sse2, sse3, ssse3, sse4a, sse4.1, sse4.2, popcnt, lzcnt, tsc, tscinvbit, avx, avx2, aes, clmul, bmi1, bmi2, adx, sha, fma, vzeroupper, clflush, clflushopt

Memory: 4k page, system-wide physical 7069M (1744M free)
TotalPageFile size 9569M (AvailPageFile size 12M)
current process WorkingSet (physical memory assigned to process): 236M, peak: 238M
current process commit charge ("private bytes"): 324M, peak: 330M

vm_info: OpenJDK 64-Bit Server VM (17.0.1+12) for windows-amd64 JRE (17.0.1+12), built on Oct 20 2021 07:42:55 by "" with MS VC++ 16.7 (VS2019)

END.
