#
# There is insufficient memory for the Java Runtime Environment to continue.
# Native memory allocation (malloc) failed to allocate 1063760 bytes for Chunk::new
# Possible reasons:
#   The system is out of physical RAM or swap space
#   The process is running with CompressedOops enabled, and the Java Heap may be blocking the growth of the native heap
# Possible solutions:
#   Reduce memory load on the system
#   Increase physical memory or swap space
#   Check if swap backing store is full
#   Decrease Java heap size (-Xmx/-Xms)
#   Decrease number of Java threads
#   Decrease Java thread stack sizes (-Xss)
#   Set larger code cache with -XX:ReservedCodeCacheSize=
#   JVM is running with Unscaled Compressed Oops mode in which the Java heap is
#     placed in the first 4GB address space. The Java Heap base address is the
#     maximum limit for the native heap growth. Please use -XX:HeapBaseMinAddress
#     to set the Java Heap base and to place the Java Heap above 4GB virtual address.
# This output file may be truncated or incomplete.
#
#  Out of Memory Error (arena.cpp:189), pid=11732, tid=1124
#
# JRE version: OpenJDK Runtime Environment Temurin-17.0.2+8 (17.0.2+8) (build 17.0.2+8)
# Java VM: OpenJDK 64-Bit Server VM Temurin-17.0.2+8 (17.0.2+8, mixed mode, tiered, compressed oops, compressed class ptrs, parallel gc, windows-amd64)
# No core dump will be written. Minidumps are not enabled by default on client versions of Windows
#

---------------  S U M M A R Y ------------

Command Line: --add-modules=ALL-SYSTEM --add-opens=java.base/java.util=ALL-UNNAMED --add-opens=java.base/java.lang=ALL-UNNAMED --add-opens=java.base/sun.nio.fs=ALL-UNNAMED -Declipse.application=org.eclipse.jdt.ls.core.id1 -Dosgi.bundles.defaultStartLevel=4 -Declipse.product=org.eclipse.jdt.ls.core.product -Djava.import.generatesMetadataFilesAtProjectRoot=false -Dfile.encoding=utf8 -DwatchParentProcess=false -XX:+UseParallelGC -XX:GCTimeRatio=4 -XX:AdaptiveSizePolicyWeight=90 -Dsun.zip.disableMemoryMapping=true -Xmx1G -Xms100m -XX:+HeapDumpOnOutOfMemoryError -XX:HeapDumpPath=c:\Users\royst\AppData\Roaming\Code\User\workspaceStorage\cf0cd3ddf5c7265b3d7a65041989eda1\redhat.java c:\Users\royst\.vscode\extensions\redhat.java-1.4.0\server\plugins\org.eclipse.equinox.launcher_1.6.400.v20210924-0641.jar -configuration c:\Users\royst\AppData\Roaming\Code\User\globalStorage\redhat.java\1.4.0\config_win -data c:\Users\royst\AppData\Roaming\Code\User\workspaceStorage\cf0cd3ddf5c7265b3d7a65041989eda1\redhat.java\jdt_ws

Host: AMD Ryzen 5 2500U with Radeon Vega Mobile Gfx  , 8 cores, 6G,  Windows 10 , 64 bit Build 19041 (10.0.19041.1566)
Time: Sat Mar 12 16:03:23 2022 India Standard Time elapsed time: 17.612503 seconds (0d 0h 0m 17s)

---------------  T H R E A D  ---------------

Current thread (0x000001b6395bec20):  JavaThread "C2 CompilerThread1" daemon [_thread_in_native, id=1124, stack(0x0000006cb9800000,0x0000006cb9900000)]


Current CompileTask:
C2:  17612 5926   !   4       org.eclipse.jdt.internal.compiler.parser.Scanner::getNextToken0 (3102 bytes)

Stack: [0x0000006cb9800000,0x0000006cb9900000]
Native frames: (J=compiled Java code, j=interpreted, Vv=VM code, C=native code)
V  [jvm.dll+0x67564a]
V  [jvm.dll+0x82fc04]
V  [jvm.dll+0x8313ae]
V  [jvm.dll+0x831a13]
V  [jvm.dll+0x245235]
V  [jvm.dll+0xabd7b]
V  [jvm.dll+0xac30c]
V  [jvm.dll+0x3631f7]
V  [jvm.dll+0x32d891]
V  [jvm.dll+0x32cd3a]
V  [jvm.dll+0x2180d1]
V  [jvm.dll+0x2174f1]
V  [jvm.dll+0x1a3a8d]
V  [jvm.dll+0x226ef8]
V  [jvm.dll+0x22503c]
V  [jvm.dll+0x7e596b]
V  [jvm.dll+0x7dff2a]
V  [jvm.dll+0x6744d5]
C  [ucrtbase.dll+0x21bb2]
C  [KERNEL32.DLL+0x17034]
C  [ntdll.dll+0x52651]


---------------  P R O C E S S  ---------------

Threads class SMR info:
_java_thread_list=0x000001b636e36990, length=37, elements={
0x000001b61c891250, 0x000001b630714d90, 0x000001b6307163f0, 0x000001b6307180d0,
0x000001b630718e50, 0x000001b630719910, 0x000001b632ced8c0, 0x000001b632cf3900,
0x000001b632cf8ef0, 0x000001b632cf9ba0, 0x000001b632dd5c10, 0x000001b632f16370,
0x000001b6335aed60, 0x000001b6337fd6a0, 0x000001b6337f8140, 0x000001b633824370,
0x000001b634b5e780, 0x000001b635531cc0, 0x000001b63522b4c0, 0x000001b63522a650,
0x000001b63522c330, 0x000001b63522c800, 0x000001b63522ccd0, 0x000001b63522d1a0,
0x000001b63522db40, 0x000001b63522a180, 0x000001b63522be60, 0x000001b63522aff0,
0x000001b63522ab20, 0x000001b636e8e3e0, 0x000001b636e88d40, 0x000001b6395bec20,
0x000001b636718410, 0x000001b636e8b890, 0x000001b636e8aa20, 0x000001b636e89210,
0x000001b636e8aef0
}

Java Threads: ( => current thread )
  0x000001b61c891250 JavaThread "main" [_thread_blocked, id=7464, stack(0x0000006cb6f00000,0x0000006cb7000000)]
  0x000001b630714d90 JavaThread "Reference Handler" daemon [_thread_blocked, id=13964, stack(0x0000006cb7200000,0x0000006cb7300000)]
  0x000001b6307163f0 JavaThread "Finalizer" daemon [_thread_blocked, id=13640, stack(0x0000006cb7300000,0x0000006cb7400000)]
  0x000001b6307180d0 JavaThread "Signal Dispatcher" daemon [_thread_blocked, id=8132, stack(0x0000006cb7400000,0x0000006cb7500000)]
  0x000001b630718e50 JavaThread "Attach Listener" daemon [_thread_blocked, id=1032, stack(0x0000006cb7500000,0x0000006cb7600000)]
  0x000001b630719910 JavaThread "Service Thread" daemon [_thread_blocked, id=3252, stack(0x0000006cb7600000,0x0000006cb7700000)]
  0x000001b632ced8c0 JavaThread "Monitor Deflation Thread" daemon [_thread_blocked, id=10180, stack(0x0000006cb7700000,0x0000006cb7800000)]
  0x000001b632cf3900 JavaThread "C2 CompilerThread0" daemon [_thread_in_native, id=10124, stack(0x0000006cb7800000,0x0000006cb7900000)]
  0x000001b632cf8ef0 JavaThread "C1 CompilerThread0" daemon [_thread_blocked, id=13104, stack(0x0000006cb7900000,0x0000006cb7a00000)]
  0x000001b632cf9ba0 JavaThread "Sweeper thread" daemon [_thread_in_vm, id=6652, stack(0x0000006cb7a00000,0x0000006cb7b00000)]
  0x000001b632dd5c10 JavaThread "Common-Cleaner" daemon [_thread_blocked, id=2856, stack(0x0000006cb7b00000,0x0000006cb7c00000)]
  0x000001b632f16370 JavaThread "Notification Thread" daemon [_thread_blocked, id=2020, stack(0x0000006cb7d00000,0x0000006cb7e00000)]
  0x000001b6335aed60 JavaThread "Active Thread: Equinox Container: f212a014-ad27-4a5c-9414-fc90078f48e2" [_thread_blocked, id=13140, stack(0x0000006cb7f00000,0x0000006cb8000000)]
  0x000001b6337fd6a0 JavaThread "Framework Event Dispatcher: Equinox Container: f212a014-ad27-4a5c-9414-fc90078f48e2" daemon [_thread_blocked, id=7272, stack(0x0000006cb7c00000,0x0000006cb7d00000)]
  0x000001b6337f8140 JavaThread "Start Level: Equinox Container: f212a014-ad27-4a5c-9414-fc90078f48e2" daemon [_thread_blocked, id=10064, stack(0x0000006cb8600000,0x0000006cb8700000)]
  0x000001b633824370 JavaThread "SCR Component Actor" daemon [_thread_blocked, id=1520, stack(0x0000006cb8700000,0x0000006cb8800000)]
  0x000001b634b5e780 JavaThread "Worker-JM" [_thread_blocked, id=548, stack(0x0000006cb8900000,0x0000006cb8a00000)]
  0x000001b635531cc0 JavaThread "Worker-0" [_thread_blocked, id=6116, stack(0x0000006cb8c00000,0x0000006cb8d00000)]
  0x000001b63522b4c0 JavaThread "Worker-1: Initialize workspace" [_thread_in_native, id=13488, stack(0x0000006cb8a00000,0x0000006cb8b00000)]
  0x000001b63522a650 JavaThread "Worker-2" [_thread_blocked, id=13324, stack(0x0000006cb8d00000,0x0000006cb8e00000)]
  0x000001b63522c330 JavaThread "Java indexing" daemon [_thread_blocked, id=8520, stack(0x0000006cb8e00000,0x0000006cb8f00000)]
  0x000001b63522c800 JavaThread "Bundle File Closer" daemon [_thread_blocked, id=1828, stack(0x0000006cb9100000,0x0000006cb9200000)]
  0x000001b63522ccd0 JavaThread "pool-2-thread-1" [_thread_in_native, id=8340, stack(0x0000006cb8f00000,0x0000006cb9000000)]
  0x000001b63522d1a0 JavaThread "Equinox resolver thread - Equinox Container: f212a014-ad27-4a5c-9414-fc90078f48e2" daemon [_thread_blocked, id=2816, stack(0x0000006cb8800000,0x0000006cb8900000)]
  0x000001b63522db40 JavaThread "Equinox resolver thread - Equinox Container: f212a014-ad27-4a5c-9414-fc90078f48e2" daemon [_thread_blocked, id=8840, stack(0x0000006cb9000000,0x0000006cb9100000)]
  0x000001b63522a180 JavaThread "Equinox resolver thread - Equinox Container: f212a014-ad27-4a5c-9414-fc90078f48e2" daemon [_thread_blocked, id=8932, stack(0x0000006cb9200000,0x0000006cb9300000)]
  0x000001b63522be60 JavaThread "Equinox resolver thread - Equinox Container: f212a014-ad27-4a5c-9414-fc90078f48e2" daemon [_thread_blocked, id=7404, stack(0x0000006cb9300000,0x0000006cb9400000)]
  0x000001b63522aff0 JavaThread "Equinox resolver thread - Equinox Container: f212a014-ad27-4a5c-9414-fc90078f48e2" daemon [_thread_blocked, id=7488, stack(0x0000006cb9400000,0x0000006cb9500000)]
  0x000001b63522ab20 JavaThread "Equinox resolver thread - Equinox Container: f212a014-ad27-4a5c-9414-fc90078f48e2" daemon [_thread_blocked, id=8160, stack(0x0000006cb9500000,0x0000006cb9600000)]
  0x000001b636e8e3e0 JavaThread "Equinox resolver thread - Equinox Container: f212a014-ad27-4a5c-9414-fc90078f48e2" daemon [_thread_blocked, id=9484, stack(0x0000006cb9600000,0x0000006cb9700000)]
  0x000001b636e88d40 JavaThread "Equinox resolver thread - Equinox Container: f212a014-ad27-4a5c-9414-fc90078f48e2" daemon [_thread_blocked, id=9964, stack(0x0000006cb9700000,0x0000006cb9800000)]
=>0x000001b6395bec20 JavaThread "C2 CompilerThread1" daemon [_thread_in_native, id=1124, stack(0x0000006cb9800000,0x0000006cb9900000)]
  0x000001b636718410 JavaThread "C2 CompilerThread2" daemon [_thread_in_native, id=2968, stack(0x0000006cb9900000,0x0000006cb9a00000)]
  0x000001b636e8b890 JavaThread "ForkJoinPool.commonPool-worker-1" daemon [_thread_blocked, id=5984, stack(0x0000006cb9a00000,0x0000006cb9b00000)]
  0x000001b636e8aa20 JavaThread "Worker-3" [_thread_blocked, id=11708, stack(0x0000006cb9b00000,0x0000006cb9c00000)]
  0x000001b636e89210 JavaThread "ForkJoinPool.commonPool-worker-2" daemon [_thread_blocked, id=1672, stack(0x0000006cb9c00000,0x0000006cb9d00000)]
  0x000001b636e8aef0 JavaThread "Thread-2" daemon [_thread_in_vm, id=2392, stack(0x0000006cb9d00000,0x0000006cb9e00000)]

Other Threads:
  0x000001b61c96e7a0 VMThread "VM Thread" [stack: 0x0000006cb7100000,0x0000006cb7200000] [id=4172]
  0x000001b632ed8c70 WatcherThread [stack: 0x0000006cb7e00000,0x0000006cb7f00000] [id=6724]
  0x000001b61c8a8380 GCTaskThread "GC Thread#0" [stack: 0x0000006cb7000000,0x0000006cb7100000] [id=6964]
  0x000001b633453d90 GCTaskThread "GC Thread#1" [stack: 0x0000006cb8000000,0x0000006cb8100000] [id=4060]
  0x000001b6337f98f0 GCTaskThread "GC Thread#2" [stack: 0x0000006cb8100000,0x0000006cb8200000] [id=7764]
  0x000001b6337f8e00 GCTaskThread "GC Thread#3" [stack: 0x0000006cb8200000,0x0000006cb8300000] [id=8296]
  0x000001b6337f6f10 GCTaskThread "GC Thread#4" [stack: 0x0000006cb8300000,0x0000006cb8400000] [id=9876]
  0x000001b6337f71c0 GCTaskThread "GC Thread#5" [stack: 0x0000006cb8400000,0x0000006cb8500000] [id=10028]
  0x000001b6337f7470 GCTaskThread "GC Thread#6" [stack: 0x0000006cb8500000,0x0000006cb8600000] [id=13088]
  0x000001b635619360 GCTaskThread "GC Thread#7" [stack: 0x0000006cb8b00000,0x0000006cb8c00000] [id=12524]

Threads with active compile tasks:
C2 CompilerThread0    17726 6145       4       org.eclipse.jdt.internal.compiler.parser.Parser::consumeToken (2275 bytes)
C2 CompilerThread1    17726 5926   !   4       org.eclipse.jdt.internal.compiler.parser.Scanner::getNextToken0 (3102 bytes)
C2 CompilerThread2    17726 6142       4       java.lang.Integer::parseInt (7 bytes)

VM state: not at safepoint (normal execution)

VM Mutex/Monitor currently owned by a thread:  ([mutex/lock_event])
[0x000001b61c88c860] CompiledIC_lock - owner thread: 0x000001b632cf9ba0

Heap address: 0x00000000c0000000, size: 1024 MB, Compressed Oops mode: 32-bit

CDS archive(s) not mapped
Compressed class space mapped at: 0x0000000100000000-0x0000000140000000, reserved size: 1073741824
Narrow klass base: 0x0000000000000000, Narrow klass shift: 3, Narrow klass range: 0x140000000

GC Precious Log:
 CPUs: 8 total, 8 available
 Memory: 7069M
 Large Page Support: Disabled
 NUMA Support: Disabled
 Compressed Oops: Enabled (32-bit)
 Alignments: Space 512K, Generation 512K, Heap 2M
 Heap Min Capacity: 100M
 Heap Initial Capacity: 100M
 Heap Max Capacity: 1G
 Pre-touch: Disabled
 Parallel Workers: 8

Heap:
 PSYoungGen      total 32256K, used 27291K [0x00000000eab00000, 0x00000000ed700000, 0x0000000100000000)
  eden space 19456K, 77% used [0x00000000eab00000,0x00000000eb9aa780,0x00000000ebe00000)
  from space 12800K, 95% used [0x00000000eca80000,0x00000000ed67c560,0x00000000ed700000)
  to   space 4096K, 0% used [0x00000000ebe00000,0x00000000ebe00000,0x00000000ec200000)
 ParOldGen       total 72192K, used 55011K [0x00000000c0000000, 0x00000000c4680000, 0x00000000eab00000)
  object space 72192K, 76% used [0x00000000c0000000,0x00000000c35b8c50,0x00000000c4680000)
 Metaspace       used 55878K, committed 56640K, reserved 1105920K
  class space    used 6020K, committed 6272K, reserved 1048576K

Card table byte_map: [0x000001b61c250000,0x000001b61c460000] _byte_map_base: 0x000001b61bc50000

Marking Bits: (ParMarkBitMap*) 0x00007ff88d313af0
 Begin Bits: [0x000001b62e520000, 0x000001b62f520000)
 End Bits:   [0x000001b62f520000, 0x000001b630520000)

Polling page: 0x000001b61a6d0000

Metaspace:

Usage:
  Non-class:     48.69 MB used.
      Class:      5.88 MB used.
       Both:     54.57 MB used.

Virtual space:
  Non-class space:       56.00 MB reserved,      49.19 MB ( 88%) committed,  7 nodes.
      Class space:        1.00 GB reserved,       6.12 MB ( <1%) committed,  1 nodes.
             Both:        1.05 GB reserved,      55.31 MB (  5%) committed. 

Chunk freelists:
   Non-Class:  2.36 MB
       Class:  1.69 MB
        Both:  4.05 MB

MaxMetaspaceSize: unlimited
CompressedClassSpaceSize: 1.00 GB
Initial GC threshold: 21.00 MB
Current GC threshold: 90.88 MB
CDS: off
MetaspaceReclaimPolicy: balanced
 - commit_granule_bytes: 65536.
 - commit_granule_words: 8192.
 - virtual_space_node_default_size: 1048576.
 - enlarge_chunks_in_place: 1.
 - new_chunks_are_fully_committed: 0.
 - uncommit_free_chunks: 1.
 - use_allocation_guard: 0.
 - handle_deallocations: 1.


Internal statistics:

num_allocs_failed_limit: 6.
num_arena_births: 336.
num_arena_deaths: 2.
num_vsnodes_births: 8.
num_vsnodes_deaths: 0.
num_space_committed: 885.
num_space_uncommitted: 0.
num_chunks_returned_to_freelist: 9.
num_chunks_taken_from_freelist: 2289.
num_chunk_merges: 6.
num_chunk_splits: 1528.
num_chunks_enlarged: 1052.
num_purges: 2.
num_inconsistent_stats: 0.

CodeHeap 'non-profiled nmethods': size=120000Kb used=2915Kb max_used=3000Kb free=117084Kb
 bounds [0x000001b626ff0000, 0x000001b6272f0000, 0x000001b62e520000]
CodeHeap 'profiled nmethods': size=120000Kb used=11357Kb max_used=11359Kb free=108642Kb
 bounds [0x000001b61fac0000, 0x000001b620600000, 0x000001b626ff0000]
CodeHeap 'non-nmethods': size=5760Kb used=1307Kb max_used=1361Kb free=4452Kb
 bounds [0x000001b61f520000, 0x000001b61f790000, 0x000001b61fac0000]
 total_blobs=5912 nmethods=5275 adapters=550
 compilation: enabled
              stopped_count=0, restarted_count=0
 full_count=0

Compilation events (20 events):
Event: 17.591 Thread 0x000001b632cf8ef0 nmethod 6120 0x000001b61fea6190 code [0x000001b61fea6320, 0x000001b61fea64c8]
Event: 17.591 Thread 0x000001b632cf8ef0 6110       1       org.eclipse.core.internal.content.LazyInputStream::isText (2 bytes)
Event: 17.591 Thread 0x000001b632cf8ef0 nmethod 6110 0x000001b62718d310 code [0x000001b62718d4a0, 0x000001b62718d578]
Event: 17.591 Thread 0x000001b632cf8ef0 6121       3       org.eclipse.jdt.internal.compiler.lookup.TypeBinding::isBaseType (17 bytes)
Event: 17.592 Thread 0x000001b632cf8ef0 nmethod 6121 0x000001b61fea5d90 code [0x000001b61fea5f20, 0x000001b61fea60b8]
Event: 17.592 Thread 0x000001b632cf8ef0 6122       1       org.eclipse.jdt.internal.compiler.lookup.Scope::isLambdaScope (2 bytes)
Event: 17.592 Thread 0x000001b632cf8ef0 nmethod 6122 0x000001b62718d010 code [0x000001b62718d1a0, 0x000001b62718d278]
Event: 17.592 Thread 0x000001b632cf8ef0 6123       3       org.eclipse.jdt.internal.compiler.lookup.BlockScope::findVariable (154 bytes)
Event: 17.594 Thread 0x000001b632cf8ef0 nmethod 6123 0x000001b61fea5090 code [0x000001b61fea52a0, 0x000001b61fea5a08]
Event: 17.594 Thread 0x000001b632cf8ef0 6124       3       org.eclipse.jdt.internal.compiler.lookup.TypeBinding::equalsEquals (76 bytes)
Event: 17.594 Thread 0x000001b632cf8ef0 nmethod 6124 0x000001b6203fdf10 code [0x000001b6203fe100, 0x000001b6203fe878]
Event: 17.594 Thread 0x000001b632cf8ef0 6125       3       org.eclipse.jdt.internal.compiler.lookup.Scope::methodScope (25 bytes)
Event: 17.595 Thread 0x000001b632cf8ef0 nmethod 6125 0x000001b6203fd810 code [0x000001b6203fd9c0, 0x000001b6203fddd8]
Event: 17.595 Thread 0x000001b632cf8ef0 6128       3       org.eclipse.jdt.internal.compiler.codegen.VerificationTypeInfo::<init> (11 bytes)
Event: 17.595 Thread 0x000001b632cf8ef0 nmethod 6128 0x000001b61fea4a90 code [0x000001b61fea4c20, 0x000001b61fea4d88]
Event: 17.595 Thread 0x000001b632cf8ef0 6126       3       org.eclipse.jdt.internal.compiler.codegen.VerificationTypeInfo::duplicate (26 bytes)
Event: 17.595 Thread 0x000001b632cf8ef0 nmethod 6126 0x000001b6203fd310 code [0x000001b6203fd4c0, 0x000001b6203fd6e8]
Event: 17.595 Thread 0x000001b632cf8ef0 6127       3       org.eclipse.jdt.internal.compiler.ClassFile::u1At (10 bytes)
Event: 17.595 Thread 0x000001b632cf8ef0 nmethod 6127 0x000001b6203fcf10 code [0x000001b6203fd0a0, 0x000001b6203fd1d8]
Event: 17.604 Thread 0x000001b632cf8ef0 6129       3       org.eclipse.osgi.framework.util.ArrayMap::getKey (11 bytes)

GC Heap History (20 events):
Event: 13.959 GC heap before
{Heap before GC invocations=10 (full 2):
 PSYoungGen      total 27136K, used 27135K [0x00000000eab00000, 0x00000000ed700000, 0x0000000100000000)
  eden space 24576K, 100% used [0x00000000eab00000,0x00000000ec300000,0x00000000ec300000)
  from space 2560K, 99% used [0x00000000ec500000,0x00000000ec77fd50,0x00000000ec780000)
  to   space 10240K, 0% used [0x00000000ecd00000,0x00000000ecd00000,0x00000000ed700000)
 ParOldGen       total 68608K, used 18940K [0x00000000c0000000, 0x00000000c4300000, 0x00000000eab00000)
  object space 68608K, 27% used [0x00000000c0000000,0x00000000c127f348,0x00000000c4300000)
 Metaspace       used 45120K, committed 45824K, reserved 1097728K
  class space    used 4945K, committed 5248K, reserved 1048576K
}
Event: 13.967 GC heap after
{Heap after GC invocations=10 (full 2):
 PSYoungGen      total 30208K, used 5706K [0x00000000eab00000, 0x00000000ed300000, 0x0000000100000000)
  eden space 24064K, 0% used [0x00000000eab00000,0x00000000eab00000,0x00000000ec280000)
  from space 6144K, 92% used [0x00000000ecd00000,0x00000000ed292b50,0x00000000ed300000)
  to   space 7168K, 0% used [0x00000000ec500000,0x00000000ec500000,0x00000000ecc00000)
 ParOldGen       total 68608K, used 18948K [0x00000000c0000000, 0x00000000c4300000, 0x00000000eab00000)
  object space 68608K, 27% used [0x00000000c0000000,0x00000000c1281348,0x00000000c4300000)
 Metaspace       used 45120K, committed 45824K, reserved 1097728K
  class space    used 4945K, committed 5248K, reserved 1048576K
}
Event: 14.189 GC heap before
{Heap before GC invocations=11 (full 2):
 PSYoungGen      total 30208K, used 29770K [0x00000000eab00000, 0x00000000ed300000, 0x0000000100000000)
  eden space 24064K, 100% used [0x00000000eab00000,0x00000000ec280000,0x00000000ec280000)
  from space 6144K, 92% used [0x00000000ecd00000,0x00000000ed292b50,0x00000000ed300000)
  to   space 7168K, 0% used [0x00000000ec500000,0x00000000ec500000,0x00000000ecc00000)
 ParOldGen       total 68608K, used 18948K [0x00000000c0000000, 0x00000000c4300000, 0x00000000eab00000)
  object space 68608K, 27% used [0x00000000c0000000,0x00000000c1281348,0x00000000c4300000)
 Metaspace       used 45303K, committed 45952K, reserved 1097728K
  class space    used 4962K, committed 5248K, reserved 1048576K
}
Event: 14.200 GC heap after
{Heap after GC invocations=11 (full 2):
 PSYoungGen      total 30720K, used 7050K [0x00000000eab00000, 0x00000000ed100000, 0x0000000100000000)
  eden space 23552K, 0% used [0x00000000eab00000,0x00000000eab00000,0x00000000ec200000)
  from space 7168K, 98% used [0x00000000ec500000,0x00000000ecbe2b50,0x00000000ecc00000)
  to   space 5120K, 0% used [0x00000000ecc00000,0x00000000ecc00000,0x00000000ed100000)
 ParOldGen       total 68608K, used 19968K [0x00000000c0000000, 0x00000000c4300000, 0x00000000eab00000)
  object space 68608K, 29% used [0x00000000c0000000,0x00000000c1380090,0x00000000c4300000)
 Metaspace       used 45303K, committed 45952K, reserved 1097728K
  class space    used 4962K, committed 5248K, reserved 1048576K
}
Event: 14.324 GC heap before
{Heap before GC invocations=12 (full 2):
 PSYoungGen      total 30720K, used 30602K [0x00000000eab00000, 0x00000000ed100000, 0x0000000100000000)
  eden space 23552K, 100% used [0x00000000eab00000,0x00000000ec200000,0x00000000ec200000)
  from space 7168K, 98% used [0x00000000ec500000,0x00000000ecbe2b50,0x00000000ecc00000)
  to   space 5120K, 0% used [0x00000000ecc00000,0x00000000ecc00000,0x00000000ed100000)
 ParOldGen       total 68608K, used 19968K [0x00000000c0000000, 0x00000000c4300000, 0x00000000eab00000)
  object space 68608K, 29% used [0x00000000c0000000,0x00000000c1380090,0x00000000c4300000)
 Metaspace       used 45362K, committed 46016K, reserved 1097728K
  class space    used 4973K, committed 5248K, reserved 1048576K
}
Event: 14.333 GC heap after
{Heap after GC invocations=12 (full 2):
 PSYoungGen      total 28160K, used 5088K [0x00000000eab00000, 0x00000000ed580000, 0x0000000100000000)
  eden space 23040K, 0% used [0x00000000eab00000,0x00000000eab00000,0x00000000ec180000)
  from space 5120K, 99% used [0x00000000ecc00000,0x00000000ed0f8020,0x00000000ed100000)
  to   space 10240K, 0% used [0x00000000ec180000,0x00000000ec180000,0x00000000ecb80000)
 ParOldGen       total 68608K, used 24603K [0x00000000c0000000, 0x00000000c4300000, 0x00000000eab00000)
  object space 68608K, 35% used [0x00000000c0000000,0x00000000c1806f28,0x00000000c4300000)
 Metaspace       used 45362K, committed 46016K, reserved 1097728K
  class space    used 4973K, committed 5248K, reserved 1048576K
}
Event: 14.445 GC heap before
{Heap before GC invocations=13 (full 2):
 PSYoungGen      total 28160K, used 28128K [0x00000000eab00000, 0x00000000ed580000, 0x0000000100000000)
  eden space 23040K, 100% used [0x00000000eab00000,0x00000000ec180000,0x00000000ec180000)
  from space 5120K, 99% used [0x00000000ecc00000,0x00000000ed0f8020,0x00000000ed100000)
  to   space 10240K, 0% used [0x00000000ec180000,0x00000000ec180000,0x00000000ecb80000)
 ParOldGen       total 68608K, used 24603K [0x00000000c0000000, 0x00000000c4300000, 0x00000000eab00000)
  object space 68608K, 35% used [0x00000000c0000000,0x00000000c1806f28,0x00000000c4300000)
 Metaspace       used 45362K, committed 46016K, reserved 1097728K
  class space    used 4973K, committed 5248K, reserved 1048576K
}
Event: 14.456 GC heap after
{Heap after GC invocations=13 (full 2):
 PSYoungGen      total 25600K, used 2592K [0x00000000eab00000, 0x00000000ecc80000, 0x0000000100000000)
  eden space 22528K, 0% used [0x00000000eab00000,0x00000000eab00000,0x00000000ec100000)
  from space 3072K, 84% used [0x00000000ec180000,0x00000000ec408000,0x00000000ec480000)
  to   space 5632K, 0% used [0x00000000ec700000,0x00000000ec700000,0x00000000ecc80000)
 ParOldGen       total 68608K, used 29703K [0x00000000c0000000, 0x00000000c4300000, 0x00000000eab00000)
  object space 68608K, 43% used [0x00000000c0000000,0x00000000c1d01e40,0x00000000c4300000)
 Metaspace       used 45362K, committed 46016K, reserved 1097728K
  class space    used 4973K, committed 5248K, reserved 1048576K
}
Event: 14.553 GC heap before
{Heap before GC invocations=14 (full 2):
 PSYoungGen      total 25600K, used 25120K [0x00000000eab00000, 0x00000000ecc80000, 0x0000000100000000)
  eden space 22528K, 100% used [0x00000000eab00000,0x00000000ec100000,0x00000000ec100000)
  from space 3072K, 84% used [0x00000000ec180000,0x00000000ec408000,0x00000000ec480000)
  to   space 5632K, 0% used [0x00000000ec700000,0x00000000ec700000,0x00000000ecc80000)
 ParOldGen       total 68608K, used 29703K [0x00000000c0000000, 0x00000000c4300000, 0x00000000eab00000)
  object space 68608K, 43% used [0x00000000c0000000,0x00000000c1d01e40,0x00000000c4300000)
 Metaspace       used 45362K, committed 46016K, reserved 1097728K
  class space    used 4973K, committed 5248K, reserved 1048576K
}
Event: 14.561 GC heap after
{Heap after GC invocations=14 (full 2):
 PSYoungGen      total 25088K, used 2560K [0x00000000eab00000, 0x00000000eca00000, 0x0000000100000000)
  eden space 22016K, 0% used [0x00000000eab00000,0x00000000eab00000,0x00000000ec080000)
  from space 3072K, 83% used [0x00000000ec700000,0x00000000ec980010,0x00000000eca00000)
  to   space 3072K, 0% used [0x00000000ec400000,0x00000000ec400000,0x00000000ec700000)
 ParOldGen       total 68608K, used 32231K [0x00000000c0000000, 0x00000000c4300000, 0x00000000eab00000)
  object space 68608K, 46% used [0x00000000c0000000,0x00000000c1f79e40,0x00000000c4300000)
 Metaspace       used 45362K, committed 46016K, reserved 1097728K
  class space    used 4973K, committed 5248K, reserved 1048576K
}
Event: 15.678 GC heap before
{Heap before GC invocations=15 (full 2):
 PSYoungGen      total 25088K, used 24576K [0x00000000eab00000, 0x00000000eca00000, 0x0000000100000000)
  eden space 22016K, 100% used [0x00000000eab00000,0x00000000ec080000,0x00000000ec080000)
  from space 3072K, 83% used [0x00000000ec700000,0x00000000ec980010,0x00000000eca00000)
  to   space 3072K, 0% used [0x00000000ec400000,0x00000000ec400000,0x00000000ec700000)
 ParOldGen       total 68608K, used 32231K [0x00000000c0000000, 0x00000000c4300000, 0x00000000eab00000)
  object space 68608K, 46% used [0x00000000c0000000,0x00000000c1f79e40,0x00000000c4300000)
 Metaspace       used 50112K, committed 50880K, reserved 1097728K
  class space    used 5501K, committed 5824K, reserved 1048576K
}
Event: 15.686 GC heap after
{Heap after GC invocations=15 (full 2):
 PSYoungGen      total 24576K, used 2254K [0x00000000eab00000, 0x00000000ec780000, 0x0000000100000000)
  eden space 22016K, 0% used [0x00000000eab00000,0x00000000eab00000,0x00000000ec080000)
  from space 2560K, 88% used [0x00000000ec400000,0x00000000ec633af0,0x00000000ec680000)
  to   space 1024K, 0% used [0x00000000ec680000,0x00000000ec680000,0x00000000ec780000)
 ParOldGen       total 68608K, used 34684K [0x00000000c0000000, 0x00000000c4300000, 0x00000000eab00000)
  object space 68608K, 50% used [0x00000000c0000000,0x00000000c21df1a8,0x00000000c4300000)
 Metaspace       used 50112K, committed 50880K, reserved 1097728K
  class space    used 5501K, committed 5824K, reserved 1048576K
}
Event: 16.862 GC heap before
{Heap before GC invocations=16 (full 2):
 PSYoungGen      total 24576K, used 24270K [0x00000000eab00000, 0x00000000ec780000, 0x0000000100000000)
  eden space 22016K, 100% used [0x00000000eab00000,0x00000000ec080000,0x00000000ec080000)
  from space 2560K, 88% used [0x00000000ec400000,0x00000000ec633af0,0x00000000ec680000)
  to   space 1024K, 0% used [0x00000000ec680000,0x00000000ec680000,0x00000000ec780000)
 ParOldGen       total 68608K, used 34684K [0x00000000c0000000, 0x00000000c4300000, 0x00000000eab00000)
  object space 68608K, 50% used [0x00000000c0000000,0x00000000c21df1a8,0x00000000c4300000)
 Metaspace       used 54342K, committed 55168K, reserved 1097728K
  class space    used 5887K, committed 6208K, reserved 1048576K
}
Event: 16.869 GC heap after
{Heap after GC invocations=16 (full 2):
 PSYoungGen      total 20480K, used 1008K [0x00000000eab00000, 0x00000000ed180000, 0x0000000100000000)
  eden space 19456K, 0% used [0x00000000eab00000,0x00000000eab00000,0x00000000ebe00000)
  from space 1024K, 98% used [0x00000000ec680000,0x00000000ec77c010,0x00000000ec780000)
  to   space 8704K, 0% used [0x00000000ebe00000,0x00000000ebe00000,0x00000000ec680000)
 ParOldGen       total 68608K, used 41189K [0x00000000c0000000, 0x00000000c4300000, 0x00000000eab00000)
  object space 68608K, 60% used [0x00000000c0000000,0x00000000c28395c8,0x00000000c4300000)
 Metaspace       used 54342K, committed 55168K, reserved 1097728K
  class space    used 5887K, committed 6208K, reserved 1048576K
}
Event: 17.095 GC heap before
{Heap before GC invocations=17 (full 2):
 PSYoungGen      total 20480K, used 20429K [0x00000000eab00000, 0x00000000ed180000, 0x0000000100000000)
  eden space 19456K, 99% used [0x00000000eab00000,0x00000000ebdf74e0,0x00000000ebe00000)
  from space 1024K, 98% used [0x00000000ec680000,0x00000000ec77c010,0x00000000ec780000)
  to   space 8704K, 0% used [0x00000000ebe00000,0x00000000ebe00000,0x00000000ec680000)
 ParOldGen       total 68608K, used 41189K [0x00000000c0000000, 0x00000000c4300000, 0x00000000eab00000)
  object space 68608K, 60% used [0x00000000c0000000,0x00000000c28395c8,0x00000000c4300000)
 Metaspace       used 54845K, committed 55552K, reserved 1105920K
  class space    used 5942K, committed 6208K, reserved 1048576K
}
Event: 17.098 GC heap after
{Heap after GC invocations=17 (full 2):
 PSYoungGen      total 22016K, used 2149K [0x00000000eab00000, 0x00000000ec700000, 0x0000000100000000)
  eden space 19456K, 0% used [0x00000000eab00000,0x00000000eab00000,0x00000000ebe00000)
  from space 2560K, 83% used [0x00000000ebe00000,0x00000000ec0196f0,0x00000000ec080000)
  to   space 4096K, 0% used [0x00000000ec300000,0x00000000ec300000,0x00000000ec700000)
 ParOldGen       total 68608K, used 42198K [0x00000000c0000000, 0x00000000c4300000, 0x00000000eab00000)
  object space 68608K, 61% used [0x00000000c0000000,0x00000000c2935be8,0x00000000c4300000)
 Metaspace       used 54845K, committed 55552K, reserved 1105920K
  class space    used 5942K, committed 6208K, reserved 1048576K
}
Event: 17.278 GC heap before
{Heap before GC invocations=18 (full 3):
 PSYoungGen      total 22016K, used 21605K [0x00000000eab00000, 0x00000000ec700000, 0x0000000100000000)
  eden space 19456K, 100% used [0x00000000eab00000,0x00000000ebe00000,0x00000000ebe00000)
  from space 2560K, 83% used [0x00000000ebe00000,0x00000000ec0196f0,0x00000000ec080000)
  to   space 4096K, 0% used [0x00000000ec300000,0x00000000ec300000,0x00000000ec700000)
 ParOldGen       total 79872K, used 79537K [0x00000000c0000000, 0x00000000c4e00000, 0x00000000eab00000)
  object space 79872K, 99% used [0x00000000c0000000,0x00000000c4dac738,0x00000000c4e00000)
 Metaspace       used 55086K, committed 55808K, reserved 1105920K
  class space    used 5965K, committed 6208K, reserved 1048576K
}
Event: 17.385 GC heap after
{Heap after GC invocations=18 (full 3):
 PSYoungGen      total 22528K, used 0K [0x00000000eab00000, 0x00000000ec600000, 0x0000000100000000)
  eden space 19456K, 0% used [0x00000000eab00000,0x00000000eab00000,0x00000000ebe00000)
  from space 3072K, 0% used [0x00000000ec300000,0x00000000ec300000,0x00000000ec600000)
  to   space 4096K, 0% used [0x00000000ebe00000,0x00000000ebe00000,0x00000000ec200000)
 ParOldGen       total 72192K, used 44034K [0x00000000c0000000, 0x00000000c4680000, 0x00000000eab00000)
  object space 72192K, 60% used [0x00000000c0000000,0x00000000c2b00b30,0x00000000c4680000)
 Metaspace       used 55084K, committed 55808K, reserved 1105920K
  class space    used 5964K, committed 6208K, reserved 1048576K
}
Event: 17.542 GC heap before
{Heap before GC invocations=19 (full 3):
 PSYoungGen      total 22528K, used 19456K [0x00000000eab00000, 0x00000000ec600000, 0x0000000100000000)
  eden space 19456K, 100% used [0x00000000eab00000,0x00000000ebe00000,0x00000000ebe00000)
  from space 3072K, 0% used [0x00000000ec300000,0x00000000ec300000,0x00000000ec600000)
  to   space 4096K, 0% used [0x00000000ebe00000,0x00000000ebe00000,0x00000000ec200000)
 ParOldGen       total 72192K, used 44034K [0x00000000c0000000, 0x00000000c4680000, 0x00000000eab00000)
  object space 72192K, 60% used [0x00000000c0000000,0x00000000c2b00b30,0x00000000c4680000)
 Metaspace       used 55712K, committed 56512K, reserved 1105920K
  class space    used 6004K, committed 6272K, reserved 1048576K
}
Event: 17.553 GC heap after
{Heap after GC invocations=19 (full 3):
 PSYoungGen      total 23552K, used 4082K [0x00000000eab00000, 0x00000000ed700000, 0x0000000100000000)
  eden space 19456K, 0% used [0x00000000eab00000,0x00000000eab00000,0x00000000ebe00000)
  from space 4096K, 99% used [0x00000000ebe00000,0x00000000ec1fcad0,0x00000000ec200000)
  to   space 12800K, 0% used [0x00000000eca80000,0x00000000eca80000,0x00000000ed700000)
 ParOldGen       total 72192K, used 50922K [0x00000000c0000000, 0x00000000c4680000, 0x00000000eab00000)
  object space 72192K, 70% used [0x00000000c0000000,0x00000000c31bab30,0x00000000c4680000)
 Metaspace       used 55712K, committed 56512K, reserved 1105920K
  class space    used 6004K, committed 6272K, reserved 1048576K
}

Deoptimization events (20 events):
Event: 17.208 Thread 0x000001b636e8aef0 DEOPT PACKING pc=0x000001b62723e28c sp=0x0000006cb9dff040
Event: 17.208 Thread 0x000001b636e8aef0 DEOPT UNPACKING pc=0x000001b61f5720a3 sp=0x0000006cb9dfef88 mode 2
Event: 17.259 Thread 0x000001b63522a650 Uncommon trap: trap_request=0xffffff45 fr.pc=0x000001b6272167ec relative=0x0000000000000d6c
Event: 17.259 Thread 0x000001b63522a650 Uncommon trap: reason=unstable_if action=reinterpret pc=0x000001b6272167ec method=org.eclipse.jdt.internal.core.util.Util.splitOn(CLjava/lang/String;II)[Ljava/lang/String; @ 16 c2
Event: 17.259 Thread 0x000001b63522a650 DEOPT PACKING pc=0x000001b6272167ec sp=0x0000006cb8dfe200
Event: 17.259 Thread 0x000001b63522a650 DEOPT UNPACKING pc=0x000001b61f5720a3 sp=0x0000006cb8dfe1e0 mode 2
Event: 17.261 Thread 0x000001b636e8aef0 Uncommon trap: trap_request=0xffffffde fr.pc=0x000001b6271eac94 relative=0x00000000000005b4
Event: 17.261 Thread 0x000001b636e8aef0 Uncommon trap: reason=class_check action=maybe_recompile pc=0x000001b6271eac94 method=java.util.HashMap.removeNode(ILjava/lang/Object;Ljava/lang/Object;ZZ)Ljava/util/HashMap$Node; @ 68 c2
Event: 17.262 Thread 0x000001b636e8aef0 DEOPT PACKING pc=0x000001b6271eac94 sp=0x0000006cb9dfe530
Event: 17.262 Thread 0x000001b636e8aef0 DEOPT UNPACKING pc=0x000001b61f5720a3 sp=0x0000006cb9dfe428 mode 2
Event: 17.269 Thread 0x000001b63522a650 Uncommon trap: trap_request=0xffffff45 fr.pc=0x000001b6270c9b1c relative=0x00000000000001fc
Event: 17.269 Thread 0x000001b63522a650 Uncommon trap: reason=unstable_if action=reinterpret pc=0x000001b6270c9b1c method=java.util.WeakHashMap.expungeStaleEntries()V @ 9 c2
Event: 17.269 Thread 0x000001b63522a650 DEOPT PACKING pc=0x000001b6270c9b1c sp=0x0000006cb8dff020
Event: 17.269 Thread 0x000001b63522a650 DEOPT UNPACKING pc=0x000001b61f5720a3 sp=0x0000006cb8dfefb8 mode 2
Event: 17.457 Thread 0x000001b63522b4c0 Uncommon trap: trap_request=0xffffff45 fr.pc=0x000001b6271422a4 relative=0x0000000000001964
Event: 17.457 Thread 0x000001b63522b4c0 Uncommon trap: reason=unstable_if action=reinterpret pc=0x000001b6271422a4 method=org.eclipse.jdt.internal.compiler.parser.Parser.consumeToken(I)V @ 2216 c2
Event: 17.457 Thread 0x000001b63522b4c0 DEOPT PACKING pc=0x000001b6271422a4 sp=0x0000006cb8afe8d0
Event: 17.457 Thread 0x000001b63522b4c0 DEOPT UNPACKING pc=0x000001b61f5720a3 sp=0x0000006cb8afe8b0 mode 2
Event: 17.582 Thread 0x000001b63522b4c0 DEOPT PACKING pc=0x000001b61ff64723 sp=0x0000006cb8afe2f0
Event: 17.582 Thread 0x000001b63522b4c0 DEOPT UNPACKING pc=0x000001b61f572843 sp=0x0000006cb8afd828 mode 0

Classes unloaded (1 events):
Event: 17.296 Thread 0x000001b61c96e7a0 Unloading class 0x00000001004bc000 'java/lang/invoke/LambdaForm$DMH+0x00000001004bc000'

Classes redefined (0 events):
No events

Internal exceptions (20 events):
Event: 15.552 Thread 0x000001b635531cc0 Exception <a 'sun/nio/fs/WindowsException'{0x00000000ebc6eb50}> (0x00000000ebc6eb50) 
thrown [e:\jenkins\tmp\workspace\build\src\src\hotspot\share\prims\jni.cpp, line 516]
Event: 15.575 Thread 0x000001b63522b4c0 Exception <a 'java/lang/NoSuchMethodError'{0x00000000ebe9b968}: 'java.lang.Object java.lang.invoke.DirectMethodHandle$Holder.newInvokeSpecial(java.lang.Object, java.lang.Object, java.lang.Object, int, java.lang.Object)'> (0x00000000ebe9b968) 
thrown [e:\jenkins\tmp\workspace\build\src\src\hotspot\share\interpreter\linkResolver.cpp, line 766]
Event: 15.576 Thread 0x000001b63522b4c0 Exception <a 'java/lang/NoSuchMethodError'{0x00000000ebe9f870}: 'java.lang.Object java.lang.invoke.DirectMethodHandle$Holder.invokeSpecial(java.lang.Object, java.lang.Object, java.lang.Object, java.lang.Object, int, java.lang.Object)'> (0x00000000ebe9f870) 
thrown [e:\jenkins\tmp\workspace\build\src\src\hotspot\share\interpreter\linkResolver.cpp, line 766]
Event: 15.655 Thread 0x000001b63522ccd0 Exception <a 'java/io/FileNotFoundException'{0x00000000ebff8400}> (0x00000000ebff8400) 
thrown [e:\jenkins\tmp\workspace\build\src\src\hotspot\share\prims\jni.cpp, line 516]
Event: 15.732 Thread 0x000001b63522b4c0 Exception <a 'java/lang/NoSuchMethodError'{0x00000000eabf1ca8}: 'java.lang.Object java.lang.invoke.DirectMethodHandle$Holder.invokeStatic(java.lang.Object, java.lang.Object, int, java.lang.Object)'> (0x00000000eabf1ca8) 
thrown [e:\jenkins\tmp\workspace\build\src\src\hotspot\share\interpreter\linkResolver.cpp, line 766]
Event: 15.735 Thread 0x000001b63522b4c0 Exception <a 'java/lang/NoSuchMethodError'{0x00000000eabf8fd8}: 'java.lang.Object java.lang.invoke.DirectMethodHandle$Holder.newInvokeSpecial(java.lang.Object, java.lang.Object, int)'> (0x00000000eabf8fd8) 
thrown [e:\jenkins\tmp\workspace\build\src\src\hotspot\share\interpreter\linkResolver.cpp, line 766]
Event: 15.982 Thread 0x000001b63522ccd0 Exception <a 'java/lang/NoSuchMethodError'{0x00000000eb075680}: 'int java.lang.invoke.DirectMethodHandle$Holder.invokeStatic(java.lang.Object, java.lang.Object, java.lang.Object, int)'> (0x00000000eb075680) 
thrown [e:\jenkins\tmp\workspace\build\src\src\hotspot\share\interpreter\linkResolver.cpp, line 766]
Event: 16.030 Thread 0x000001b63522ccd0 Exception <a 'java/lang/NoSuchMethodError'{0x00000000eb13c310}: 'int java.lang.invoke.DirectMethodHandle$Holder.invokeVirtual(java.lang.Object, java.lang.Object, java.lang.Object)'> (0x00000000eb13c310) 
thrown [e:\jenkins\tmp\workspace\build\src\src\hotspot\share\interpreter\linkResolver.cpp, line 766]
Event: 16.202 Thread 0x000001b63522ccd0 Exception <a 'java/io/FileNotFoundException'{0x00000000eb47a528}> (0x00000000eb47a528) 
thrown [e:\jenkins\tmp\workspace\build\src\src\hotspot\share\prims\jni.cpp, line 516]
Event: 16.254 Thread 0x000001b63522ccd0 Exception <a 'java/lang/NoSuchMethodError'{0x00000000eb528018}: 'java.lang.Object java.lang.invoke.DirectMethodHandle$Holder.newInvokeSpecial(java.lang.Object, java.lang.Object, java.lang.Object, int)'> (0x00000000eb528018) 
thrown [e:\jenkins\tmp\workspace\build\src\src\hotspot\share\interpreter\linkResolver.cpp, line 766]
Event: 16.256 Thread 0x000001b63522ccd0 Exception <a 'java/lang/NoSuchMethodError'{0x00000000eb52c640}: 'java.lang.Object java.lang.invoke.DirectMethodHandle$Holder.invokeSpecial(java.lang.Object, java.lang.Object, java.lang.Object, java.lang.Object, int)'> (0x00000000eb52c640) 
thrown [e:\jenkins\tmp\workspace\build\src\src\hotspot\share\interpreter\linkResolver.cpp, line 766]
Event: 16.257 Thread 0x000001b63522ccd0 Exception <a 'java/lang/NoSuchMethodError'{0x00000000eb530208}: 'java.lang.Object java.lang.invoke.Invokers$Holder.linkToTargetMethod(java.lang.Object, java.lang.Object, int, java.lang.Object)'> (0x00000000eb530208) 
thrown [e:\jenkins\tmp\workspace\build\src\src\hotspot\share\interpreter\linkResolver.cpp, line 766]
Event: 16.411 Thread 0x000001b635531cc0 Exception <a 'java/io/FileNotFoundException'{0x00000000ead94570}> (0x00000000ead94570) 
thrown [e:\jenkins\tmp\workspace\build\src\src\hotspot\share\prims\jni.cpp, line 516]
Event: 16.411 Thread 0x000001b635531cc0 Exception <a 'java/io/FileNotFoundException'{0x00000000ead95738}> (0x00000000ead95738) 
thrown [e:\jenkins\tmp\workspace\build\src\src\hotspot\share\prims\jni.cpp, line 516]
Event: 16.596 Thread 0x000001b63522a650 Exception <a 'java/io/FileNotFoundException'{0x00000000eb9e9f98}> (0x00000000eb9e9f98) 
thrown [e:\jenkins\tmp\workspace\build\src\src\hotspot\share\prims\jni.cpp, line 516]
Event: 16.604 Thread 0x000001b63522a650 Exception <a 'java/io/FileNotFoundException'{0x00000000eb9eb410}> (0x00000000eb9eb410) 
thrown [e:\jenkins\tmp\workspace\build\src\src\hotspot\share\prims\jni.cpp, line 516]
Event: 16.994 Thread 0x000001b636e8aef0 Exception <a 'sun/nio/fs/WindowsException'{0x00000000eba07e38}> (0x00000000eba07e38) 
thrown [e:\jenkins\tmp\workspace\build\src\src\hotspot\share\prims\jni.cpp, line 516]
Event: 17.191 Thread 0x000001b63522a650 Exception <a 'java/lang/NoSuchMethodError'{0x00000000ebb1bfc8}: 'int java.lang.invoke.DirectMethodHandle$Holder.invokeVirtual(java.lang.Object, java.lang.Object)'> (0x00000000ebb1bfc8) 
thrown [e:\jenkins\tmp\workspace\build\src\src\hotspot\share\interpreter\linkResolver.cpp, line 766]
Event: 17.456 Thread 0x000001b636e8b890 Exception <a 'java/lang/ArrayIndexOutOfBoundsException'{0x00000000eafcf640}: Index 960 out of bounds for length 959> (0x00000000eafcf640) 
thrown [e:\jenkins\tmp\workspace\build\src\src\hotspot\share\interpreter\interpreterRuntime.cpp, line 428]
Event: 17.566 Thread 0x000001b636e89210 Exception <a 'java/lang/ClassNotFoundException'{0x00000000eacfb188}: sun/util/logging/resources/spi/loggingProvider> (0x00000000eacfb188) 
thrown [e:\jenkins\tmp\workspace\build\src\src\hotspot\share\classfile\systemDictionary.cpp, line 256]

VM Operations (20 events):
Event: 16.056 Executing VM operation: HandshakeAllThreads
Event: 16.057 Executing VM operation: HandshakeAllThreads done
Event: 16.798 Executing VM operation: HandshakeAllThreads
Event: 16.798 Executing VM operation: HandshakeAllThreads done
Event: 16.861 Executing VM operation: ParallelGCFailedAllocation
Event: 16.869 Executing VM operation: ParallelGCFailedAllocation done
Event: 16.903 Executing VM operation: HandshakeAllThreads
Event: 16.903 Executing VM operation: HandshakeAllThreads done
Event: 16.996 Executing VM operation: HandshakeAllThreads
Event: 16.997 Executing VM operation: HandshakeAllThreads done
Event: 17.095 Executing VM operation: ParallelGCFailedAllocation
Event: 17.098 Executing VM operation: ParallelGCFailedAllocation done
Event: 17.241 Executing VM operation: HandshakeAllThreads
Event: 17.257 Executing VM operation: HandshakeAllThreads done
Event: 17.261 Executing VM operation: HandshakeAllThreads
Event: 17.261 Executing VM operation: HandshakeAllThreads done
Event: 17.277 Executing VM operation: ParallelGCFailedAllocation
Event: 17.385 Executing VM operation: ParallelGCFailedAllocation done
Event: 17.541 Executing VM operation: ParallelGCFailedAllocation
Event: 17.553 Executing VM operation: ParallelGCFailedAllocation done

Events (20 events):
Event: 17.566 loading class java/util/logging/Level$RbAccess
Event: 17.566 loading class java/util/logging/Level$RbAccess done
Event: 17.567 loading class sun/util/logging/resources/logging
Event: 17.567 loading class sun/util/logging/resources/logging done
Event: 17.567 loading class sun/util/logging/resources/logging_en
Event: 17.567 loading class sun/util/logging/resources/logging_en done
Event: 17.567 loading class sun/util/logging/resources/logging_en
Event: 17.567 loading class sun/util/logging/resources/logging_en done
Event: 17.567 loading class sun/util/logging/resources/logging_en_IN
Event: 17.567 loading class sun/util/logging/resources/logging_en_IN done
Event: 17.567 loading class sun/util/logging/resources/logging_en_IN
Event: 17.567 loading class sun/util/logging/resources/logging_en_IN done
Event: 17.568 loading class java/util/Formatter$DateTime
Event: 17.568 loading class java/util/Formatter$DateTime done
Event: 17.568 loading class java/time/ZonedDateTime$1
Event: 17.569 loading class java/time/ZonedDateTime$1 done
Event: 17.569 loading class java/time/LocalDate$1
Event: 17.569 loading class java/time/LocalDate$1 done
Event: 17.571 loading class java/time/LocalTime$1
Event: 17.571 loading class java/time/LocalTime$1 done


Dynamic libraries:
0x00007ff78e0b0000 - 0x00007ff78e0be000 	c:\Users\royst\.vscode\extensions\redhat.java-1.4.0\jre\17.0.2-win32-x86_64\bin\java.exe
0x00007ff8d0410000 - 0x00007ff8d0605000 	C:\WINDOWS\SYSTEM32\ntdll.dll
0x00007ff8ced30000 - 0x00007ff8cedee000 	C:\WINDOWS\System32\KERNEL32.DLL
0x00007ff8cdb30000 - 0x00007ff8cddf8000 	C:\WINDOWS\System32\KERNELBASE.dll
0x00007ff8ce090000 - 0x00007ff8ce190000 	C:\WINDOWS\System32\ucrtbase.dll
0x00007ff8c4ba0000 - 0x00007ff8c4bb9000 	c:\Users\royst\.vscode\extensions\redhat.java-1.4.0\jre\17.0.2-win32-x86_64\bin\VCRUNTIME140.dll
0x00007ff8c3350000 - 0x00007ff8c3368000 	c:\Users\royst\.vscode\extensions\redhat.java-1.4.0\jre\17.0.2-win32-x86_64\bin\jli.dll
0x00007ff8cf550000 - 0x00007ff8cf6f0000 	C:\WINDOWS\System32\USER32.dll
0x00007ff8b99c0000 - 0x00007ff8b9c5a000 	C:\WINDOWS\WinSxS\amd64_microsoft.windows.common-controls_6595b64144ccf1df_6.0.19041.1110_none_60b5254171f9507e\COMCTL32.dll
0x00007ff8cf990000 - 0x00007ff8cfa2e000 	C:\WINDOWS\System32\msvcrt.dll
0x00007ff8d00d0000 - 0x00007ff8d00fb000 	C:\WINDOWS\System32\GDI32.dll
0x00007ff8ce060000 - 0x00007ff8ce082000 	C:\WINDOWS\System32\win32u.dll
0x00007ff8cdf50000 - 0x00007ff8ce05b000 	C:\WINDOWS\System32\gdi32full.dll
0x00007ff8ce1e0000 - 0x00007ff8ce27d000 	C:\WINDOWS\System32\msvcp_win.dll
0x00007ff8ce9a0000 - 0x00007ff8ce9d0000 	C:\WINDOWS\System32\IMM32.DLL
0x00007ff8c4f80000 - 0x00007ff8c4f8c000 	c:\Users\royst\.vscode\extensions\redhat.java-1.4.0\jre\17.0.2-win32-x86_64\bin\vcruntime140_1.dll
0x00007ff8a6110000 - 0x00007ff8a61a1000 	c:\Users\royst\.vscode\extensions\redhat.java-1.4.0\jre\17.0.2-win32-x86_64\bin\msvcp140.dll
0x00007ff88c790000 - 0x00007ff88d3d7000 	c:\Users\royst\.vscode\extensions\redhat.java-1.4.0\jre\17.0.2-win32-x86_64\bin\server\jvm.dll
0x00007ff8d0020000 - 0x00007ff8d00ce000 	C:\WINDOWS\System32\ADVAPI32.dll
0x00007ff8ce770000 - 0x00007ff8ce80c000 	C:\WINDOWS\System32\sechost.dll
0x00007ff8ce470000 - 0x00007ff8ce595000 	C:\WINDOWS\System32\RPCRT4.dll
0x00007ff8d0260000 - 0x00007ff8d0268000 	C:\WINDOWS\System32\PSAPI.DLL
0x00007ff8c8ab0000 - 0x00007ff8c8ab9000 	C:\WINDOWS\SYSTEM32\WSOCK32.dll
0x00007ff8cf920000 - 0x00007ff8cf98b000 	C:\WINDOWS\System32\WS2_32.dll
0x00007ff8c3370000 - 0x00007ff8c3397000 	C:\WINDOWS\SYSTEM32\WINMM.dll
0x00007ff8c3d70000 - 0x00007ff8c3d7a000 	C:\WINDOWS\SYSTEM32\VERSION.dll
0x00007ff8cc400000 - 0x00007ff8cc412000 	C:\WINDOWS\SYSTEM32\kernel.appcore.dll
0x00007ff8c4050000 - 0x00007ff8c405a000 	c:\Users\royst\.vscode\extensions\redhat.java-1.4.0\jre\17.0.2-win32-x86_64\bin\jimage.dll
0x00007ff8c7940000 - 0x00007ff8c7b24000 	C:\WINDOWS\SYSTEM32\DBGHELP.DLL
0x00007ff8c8c50000 - 0x00007ff8c8c7c000 	C:\WINDOWS\SYSTEM32\dbgcore.DLL
0x00007ff8ce3e0000 - 0x00007ff8ce462000 	C:\WINDOWS\System32\bcryptPrimitives.dll
0x00007ff8b0f40000 - 0x00007ff8b0f65000 	c:\Users\royst\.vscode\extensions\redhat.java-1.4.0\jre\17.0.2-win32-x86_64\bin\java.dll
0x00007ff8b1e00000 - 0x00007ff8b1e18000 	c:\Users\royst\.vscode\extensions\redhat.java-1.4.0\jre\17.0.2-win32-x86_64\bin\zip.dll
0x00007ff8cee00000 - 0x00007ff8cf544000 	C:\WINDOWS\System32\SHELL32.dll
0x00007ff8cbc50000 - 0x00007ff8cc3e4000 	C:\WINDOWS\SYSTEM32\windows.storage.dll
0x00007ff8ce9d0000 - 0x00007ff8ced24000 	C:\WINDOWS\System32\combase.dll
0x00007ff8cd590000 - 0x00007ff8cd5bc000 	C:\WINDOWS\SYSTEM32\Wldp.dll
0x00007ff8cf760000 - 0x00007ff8cf80d000 	C:\WINDOWS\System32\SHCORE.dll
0x00007ff8ce810000 - 0x00007ff8ce865000 	C:\WINDOWS\System32\shlwapi.dll
0x00007ff8cda70000 - 0x00007ff8cda8f000 	C:\WINDOWS\SYSTEM32\profapi.dll
0x00007ff8b1180000 - 0x00007ff8b1199000 	C:\Users\royst\.vscode\extensions\redhat.java-1.4.0\jre\17.0.2-win32-x86_64\bin\net.dll
0x00007ff8bdba0000 - 0x00007ff8bdca9000 	C:\WINDOWS\SYSTEM32\WINHTTP.dll
0x00007ff8cd2f0000 - 0x00007ff8cd35a000 	C:\WINDOWS\system32\mswsock.dll
0x00007ff8b10d0000 - 0x00007ff8b10e5000 	C:\Users\royst\.vscode\extensions\redhat.java-1.4.0\jre\17.0.2-win32-x86_64\bin\nio.dll
0x00007ff8cd4e0000 - 0x00007ff8cd4f8000 	C:\WINDOWS\SYSTEM32\CRYPTSP.dll
0x00007ff8ccba0000 - 0x00007ff8ccbd4000 	C:\WINDOWS\system32\rsaenh.dll
0x00007ff8cdf20000 - 0x00007ff8cdf47000 	C:\WINDOWS\System32\bcrypt.dll
0x00007ff8cda30000 - 0x00007ff8cda5e000 	C:\WINDOWS\SYSTEM32\USERENV.dll
0x00007ff8cd500000 - 0x00007ff8cd50c000 	C:\WINDOWS\SYSTEM32\CRYPTBASE.dll
0x00007ff8ccf70000 - 0x00007ff8ccfab000 	C:\WINDOWS\SYSTEM32\IPHLPAPI.DLL
0x00007ff8cf6f0000 - 0x00007ff8cf6f8000 	C:\WINDOWS\System32\NSI.dll
0x00007ff8c7280000 - 0x00007ff8c7297000 	C:\WINDOWS\SYSTEM32\dhcpcsvc6.DLL
0x00007ff8c7630000 - 0x00007ff8c764d000 	C:\WINDOWS\SYSTEM32\dhcpcsvc.DLL
0x00007ff8ccfb0000 - 0x00007ff8cd07a000 	C:\WINDOWS\SYSTEM32\DNSAPI.dll
0x00007ff8a8640000 - 0x00007ff8a867e000 	C:\Users\royst\AppData\Roaming\Code\User\globalStorage\redhat.java\1.4.0\config_win\org.eclipse.equinox.launcher\org.eclipse.equinox.launcher.win32.win32.x86_64_1.2.400.v20211117-0650\eclipse_11602.dll
0x00007ff8ce870000 - 0x00007ff8ce99a000 	C:\WINDOWS\System32\ole32.dll
0x00007ff8c10b0000 - 0x00007ff8c10c0000 	c:\Users\royst\.vscode\extensions\redhat.java-1.4.0\jre\17.0.2-win32-x86_64\bin\verify.dll
0x00007ff8b0c40000 - 0x00007ff8b0c51000 	C:\Users\royst\AppData\Roaming\Code\User\globalStorage\redhat.java\1.4.0\config_win\org.eclipse.osgi\22\0\.cp\jWinHttp-1.0.0.dll
0x00007ff8bac70000 - 0x00007ff8bac7e000 	C:\Users\royst\.vscode\extensions\redhat.java-1.4.0\jre\17.0.2-win32-x86_64\bin\sunmscapi.dll
0x00007ff8ce280000 - 0x00007ff8ce3d6000 	C:\WINDOWS\System32\CRYPT32.dll
0x00007ff8cd600000 - 0x00007ff8cd627000 	C:\WINDOWS\SYSTEM32\ncrypt.dll
0x00007ff8cd5c0000 - 0x00007ff8cd5fb000 	C:\WINDOWS\SYSTEM32\NTASN1.dll

dbghelp: loaded successfully - version: 4.0.5 - missing functions: none
symbol engine: initialized successfully - sym options: 0x614 - pdb path: .;c:\Users\royst\.vscode\extensions\redhat.java-1.4.0\jre\17.0.2-win32-x86_64\bin;C:\WINDOWS\SYSTEM32;C:\WINDOWS\WinSxS\amd64_microsoft.windows.common-controls_6595b64144ccf1df_6.0.19041.1110_none_60b5254171f9507e;c:\Users\royst\.vscode\extensions\redhat.java-1.4.0\jre\17.0.2-win32-x86_64\bin\server;C:\Users\royst\AppData\Roaming\Code\User\globalStorage\redhat.java\1.4.0\config_win\org.eclipse.equinox.launcher\org.eclipse.equinox.launcher.win32.win32.x86_64_1.2.400.v20211117-0650;C:\Users\royst\AppData\Roaming\Code\User\globalStorage\redhat.java\1.4.0\config_win\org.eclipse.osgi\22\0\.cp

VM Arguments:
jvm_args: --add-modules=ALL-SYSTEM --add-opens=java.base/java.util=ALL-UNNAMED --add-opens=java.base/java.lang=ALL-UNNAMED --add-opens=java.base/sun.nio.fs=ALL-UNNAMED -Declipse.application=org.eclipse.jdt.ls.core.id1 -Dosgi.bundles.defaultStartLevel=4 -Declipse.product=org.eclipse.jdt.ls.core.product -Djava.import.generatesMetadataFilesAtProjectRoot=false -Dfile.encoding=utf8 -DwatchParentProcess=false -XX:+UseParallelGC -XX:GCTimeRatio=4 -XX:AdaptiveSizePolicyWeight=90 -Dsun.zip.disableMemoryMapping=true -Xmx1G -Xms100m -XX:+HeapDumpOnOutOfMemoryError -XX:HeapDumpPath=c:\Users\royst\AppData\Roaming\Code\User\workspaceStorage\cf0cd3ddf5c7265b3d7a65041989eda1\redhat.java 
java_command: c:\Users\royst\.vscode\extensions\redhat.java-1.4.0\server\plugins\org.eclipse.equinox.launcher_1.6.400.v20210924-0641.jar -configuration c:\Users\royst\AppData\Roaming\Code\User\globalStorage\redhat.java\1.4.0\config_win -data c:\Users\royst\AppData\Roaming\Code\User\workspaceStorage\cf0cd3ddf5c7265b3d7a65041989eda1\redhat.java\jdt_ws
java_class_path (initial): c:\Users\royst\.vscode\extensions\redhat.java-1.4.0\server\plugins\org.eclipse.equinox.launcher_1.6.400.v20210924-0641.jar
Launcher Type: SUN_STANDARD

[Global flags]
    uintx AdaptiveSizePolicyWeight                 = 90                                        {product} {command line}
     intx CICompilerCount                          = 4                                         {product} {ergonomic}
    uintx GCTimeRatio                              = 4                                         {product} {command line}
     bool HeapDumpOnOutOfMemoryError               = true                                   {manageable} {command line}
    ccstr HeapDumpPath                             = c:\Users\royst\AppData\Roaming\Code\User\workspaceStorage\cf0cd3ddf5c7265b3d7a65041989eda1\redhat.java         {manageable} {command line}
   size_t InitialHeapSize                          = 104857600                                 {product} {command line}
   size_t MaxHeapSize                              = 1073741824                                {product} {command line}
   size_t MaxNewSize                               = 357564416                                 {product} {ergonomic}
   size_t MinHeapDeltaBytes                        = 524288                                    {product} {ergonomic}
   size_t MinHeapSize                              = 104857600                                 {product} {command line}
   size_t NewSize                                  = 34603008                                  {product} {ergonomic}
    uintx NonNMethodCodeHeapSize                   = 5839372                                {pd product} {ergonomic}
    uintx NonProfiledCodeHeapSize                  = 122909434                              {pd product} {ergonomic}
   size_t OldSize                                  = 70254592                                  {product} {ergonomic}
    uintx ProfiledCodeHeapSize                     = 122909434                              {pd product} {ergonomic}
    uintx ReservedCodeCacheSize                    = 251658240                              {pd product} {ergonomic}
     bool SegmentedCodeCache                       = true                                      {product} {ergonomic}
   size_t SoftMaxHeapSize                          = 1073741824                             {manageable} {ergonomic}
     bool UseCompressedClassPointers               = true                           {product lp64_product} {ergonomic}
     bool UseCompressedOops                        = true                           {product lp64_product} {ergonomic}
     bool UseLargePagesIndividualAllocation        = false                                  {pd product} {ergonomic}
     bool UseParallelGC                            = true                                      {product} {command line}

Logging:
Log output configuration:
 #0: stdout all=warning uptime,level,tags
 #1: stderr all=off uptime,level,tags

Environment Variables:
PATH=C:\Program Files\Java\jdk-17.0.1;C:\Program Files\Common Files\Oracle\Java\javapath;C:\Program Files\Eclipse Adoptium\jdk-17.0.1.12-hotspot\bin;C:\Python310\Scripts\;C:\Python310\;C:\WINDOWS\system32;C:\WINDOWS;C:\WINDOWS\System32\Wbem;C:\WINDOWS\System32\WindowsPowerShell\v1.0\;C:\WINDOWS\System32\OpenSSH\;C:\Program Files\nodejs\;C:\ProgramData\chocolatey\bin;C:\Users\royst\AppData\Local\Microsoft\WindowsApps;C:\Users\royst\AppData\Local\Programs\Microsoft VS Code\bin;C:\Users\royst\AppData\Roaming\npm;C:\Users\royst\AppData\Local\GitHubDesktop\bin;C:\msys64\mingw64\bin;;C:\Program Files\JetBrains\IntelliJ IDEA Community Edition 2021.3.2\bin;
USERNAME=royce
OS=Windows_NT
PROCESSOR_IDENTIFIER=AMD64 Family 23 Model 17 Stepping 0, AuthenticAMD



---------------  S Y S T E M  ---------------

OS:
 Windows 10 , 64 bit Build 19041 (10.0.19041.1566)
OS uptime: 0 days 19:23 hours

CPU: total 8 (initial active 8) (8 cores per cpu, 2 threads per core) family 23 model 17 stepping 0 microcode 0x0, cx8, cmov, fxsr, ht, mmx, 3dnowpref, sse, sse2, sse3, ssse3, sse4a, sse4.1, sse4.2, popcnt, lzcnt, tsc, tscinvbit, avx, avx2, aes, clmul, bmi1, bmi2, adx, sha, fma, vzeroupper, clflush, clflushopt

Memory: 4k page, system-wide physical 7069M (891M free)
TotalPageFile size 9569M (AvailPageFile size 5M)
current process WorkingSet (physical memory assigned to process): 286M, peak: 286M
current process commit charge ("private bytes"): 333M, peak: 334M

vm_info: OpenJDK 64-Bit Server VM (17.0.2+8) for windows-amd64 JRE (17.0.2+8), built on Jan 20 2022 04:52:34 by "" with MS VC++ 16.7 (VS2019)

END.
