#
# There is insufficient memory for the Java Runtime Environment to continue.
# Native memory allocation (malloc) failed to allocate 1570640 bytes for Chunk::new
# Possible reasons:
#   The system is out of physical RAM or swap space
#   The process is running with CompressedOops enabled, and the Java Heap may be blocking the growth of the native heap
# Possible solutions:
#   Reduce memory load on the system
#   Increase physical memory or swap space
#   Check if swap backing store is full
#   Decrease Java heap size (-Xmx/-Xms)
#   Decrease number of Java threads
#   Decrease Java thread stack sizes (-Xss)
#   Set larger code cache with -XX:ReservedCodeCacheSize=
#   JVM is running with Unscaled Compressed Oops mode in which the Java heap is
#     placed in the first 4GB address space. The Java Heap base address is the
#     maximum limit for the native heap growth. Please use -XX:HeapBaseMinAddress
#     to set the Java Heap base and to place the Java Heap above 4GB virtual address.
# This output file may be truncated or incomplete.
#
#  Out of Memory Error (arena.cpp:189), pid=6300, tid=9316
#
# JRE version: OpenJDK Runtime Environment Temurin-17.0.1+12 (17.0.1+12) (build 17.0.1+12)
# Java VM: OpenJDK 64-Bit Server VM Temurin-17.0.1+12 (17.0.1+12, mixed mode, sharing, tiered, compressed oops, compressed class ptrs, parallel gc, windows-amd64)
# No core dump will be written. Minidumps are not enabled by default on client versions of Windows
#

---------------  S U M M A R Y ------------

Command Line: --add-modules=ALL-SYSTEM --add-opens=java.base/java.util=ALL-UNNAMED --add-opens=java.base/java.lang=ALL-UNNAMED -Declipse.application=org.eclipse.jdt.ls.core.id1 -Dosgi.bundles.defaultStartLevel=4 -Declipse.product=org.eclipse.jdt.ls.core.product -Djava.import.generatesMetadataFilesAtProjectRoot=false -Dfile.encoding=utf8 -DwatchParentProcess=false -XX:+UseParallelGC -XX:GCTimeRatio=4 -XX:AdaptiveSizePolicyWeight=90 -Dsun.zip.disableMemoryMapping=true -Xmx1G -Xms100m -XX:+HeapDumpOnOutOfMemoryError -XX:HeapDumpPath=c:\Users\royst\AppData\Roaming\Code\User\workspaceStorage\cf0cd3ddf5c7265b3d7a65041989eda1\redhat.java c:\Users\royst\.vscode\extensions\redhat.java-1.1.0\server\plugins\org.eclipse.equinox.launcher_1.6.400.v20210924-0641.jar -configuration c:\Users\royst\AppData\Roaming\Code\User\globalStorage\redhat.java\1.1.0\config_win -data c:\Users\royst\AppData\Roaming\Code\User\workspaceStorage\cf0cd3ddf5c7265b3d7a65041989eda1\redhat.java\jdt_ws

Host: AMD Ryzen 5 2500U with Radeon Vega Mobile Gfx  , 8 cores, 6G,  Windows 10 , 64 bit Build 19041 (10.0.19041.1348)
Time: Tue Dec 14 22:48:22 2021 India Standard Time elapsed time: 17.599137 seconds (0d 0h 0m 17s)

---------------  T H R E A D  ---------------

Current thread (0x0000020f5b9f2510):  JavaThread "C2 CompilerThread2" daemon [_thread_in_native, id=9316, stack(0x00000047e8f00000,0x00000047e9000000)]


Current CompileTask:
C2:  17599 5963       4       org.eclipse.jdt.internal.core.JarPackageFragmentRoot::initRawPackageInfo (349 bytes)

Stack: [0x00000047e8f00000,0x00000047e9000000]
Native frames: (J=compiled Java code, j=interpreted, Vv=VM code, C=native code)
V  [jvm.dll+0x6744da]
V  [jvm.dll+0x82e144]
V  [jvm.dll+0x82f8ee]
V  [jvm.dll+0x82ff53]
V  [jvm.dll+0x245175]
V  [jvm.dll+0xab85b]
V  [jvm.dll+0xabdec]
V  [jvm.dll+0x362f07]
V  [jvm.dll+0x1bb4b2]
V  [jvm.dll+0x218189]
V  [jvm.dll+0x217451]
V  [jvm.dll+0x1a355d]
V  [jvm.dll+0x226e38]
V  [jvm.dll+0x224f7c]
V  [jvm.dll+0x7e3f5b]
V  [jvm.dll+0x7de51a]
V  [jvm.dll+0x673305]
C  [ucrtbase.dll+0x21bb2]
C  [KERNEL32.DLL+0x17034]
C  [ntdll.dll+0x52651]


---------------  P R O C E S S  ---------------

Threads class SMR info:
_java_thread_list=0x0000020f5d3c5b90, length=31, elements={
0x0000020f3b5df780, 0x0000020f3b6b7560, 0x0000020f3b6bb7e0, 0x0000020f54267d10,
0x0000020f542687d0, 0x0000020f54269aa0, 0x0000020f5426ed10, 0x0000020f54278090,
0x0000020f5427d5c0, 0x0000020f5427dad0, 0x0000020f569c02f0, 0x0000020f56a60580,
0x0000020f570398d0, 0x0000020f5718c070, 0x0000020f5718d2a0, 0x0000020f5717e890,
0x0000020f584c0630, 0x0000020f5866df00, 0x0000020f56df6990, 0x0000020f56df7cd0,
0x0000020f56df8670, 0x0000020f56df7800, 0x0000020f56df8b40, 0x0000020f56df99b0,
0x0000020f56df9010, 0x0000020f5b9f01a0, 0x0000020f56df5ff0, 0x0000020f56df64c0,
0x0000020f56df6e60, 0x0000020f5b9f2510, 0x0000020f56df81a0
}

Java Threads: ( => current thread )
  0x0000020f3b5df780 JavaThread "main" [_thread_blocked, id=16636, stack(0x00000047e6800000,0x00000047e6900000)]
  0x0000020f3b6b7560 JavaThread "Reference Handler" daemon [_thread_blocked, id=2408, stack(0x00000047e6b00000,0x00000047e6c00000)]
  0x0000020f3b6bb7e0 JavaThread "Finalizer" daemon [_thread_blocked, id=2972, stack(0x00000047e6c00000,0x00000047e6d00000)]
  0x0000020f54267d10 JavaThread "Signal Dispatcher" daemon [_thread_blocked, id=19684, stack(0x00000047e6d00000,0x00000047e6e00000)]
  0x0000020f542687d0 JavaThread "Attach Listener" daemon [_thread_blocked, id=9088, stack(0x00000047e6e00000,0x00000047e6f00000)]
  0x0000020f54269aa0 JavaThread "Service Thread" daemon [_thread_blocked, id=15388, stack(0x00000047e6f00000,0x00000047e7000000)]
  0x0000020f5426ed10 JavaThread "Monitor Deflation Thread" daemon [_thread_blocked, id=19476, stack(0x00000047e7000000,0x00000047e7100000)]
  0x0000020f54278090 JavaThread "C2 CompilerThread0" daemon [_thread_in_native, id=8764, stack(0x00000047e7100000,0x00000047e7200000)]
  0x0000020f5427d5c0 JavaThread "C1 CompilerThread0" daemon [_thread_in_vm, id=18300, stack(0x00000047e7200000,0x00000047e7300000)]
  0x0000020f5427dad0 JavaThread "Sweeper thread" daemon [_thread_blocked, id=14076, stack(0x00000047e7300000,0x00000047e7400000)]
  0x0000020f569c02f0 JavaThread "Common-Cleaner" daemon [_thread_blocked, id=20228, stack(0x00000047e7400000,0x00000047e7500000)]
  0x0000020f56a60580 JavaThread "Notification Thread" daemon [_thread_blocked, id=1368, stack(0x00000047e7600000,0x00000047e7700000)]
  0x0000020f570398d0 JavaThread "Active Thread: Equinox Container: e3ce3f13-db11-4f87-a993-f9d8b8f80565" [_thread_blocked, id=2068, stack(0x00000047e7900000,0x00000047e7a00000)]
  0x0000020f5718c070 JavaThread "Framework Event Dispatcher: Equinox Container: e3ce3f13-db11-4f87-a993-f9d8b8f80565" daemon [_thread_blocked, id=6624, stack(0x00000047e7a00000,0x00000047e7b00000)]
  0x0000020f5718d2a0 JavaThread "Start Level: Equinox Container: e3ce3f13-db11-4f87-a993-f9d8b8f80565" daemon [_thread_blocked, id=11524, stack(0x00000047e7b00000,0x00000047e7c00000)]
  0x0000020f5717e890 JavaThread "SCR Component Actor" daemon [_thread_blocked, id=19384, stack(0x00000047e8200000,0x00000047e8300000)]
  0x0000020f584c0630 JavaThread "Bundle File Closer" daemon [_thread_blocked, id=4780, stack(0x00000047e7500000,0x00000047e7600000)]
  0x0000020f5866df00 JavaThread "Worker-JM" [_thread_blocked, id=14712, stack(0x00000047e8300000,0x00000047e8400000)]
  0x0000020f56df6990 JavaThread "Worker-0" [_thread_blocked, id=10724, stack(0x00000047e8400000,0x00000047e8500000)]
  0x0000020f56df7cd0 JavaThread "Worker-1: Publish Diagnostics" [_thread_in_native, id=10580, stack(0x00000047e8600000,0x00000047e8700000)]
  0x0000020f56df8670 JavaThread "Worker-2" [_thread_blocked, id=10840, stack(0x00000047e8700000,0x00000047e8800000)]
  0x0000020f56df7800 JavaThread "Java indexing" daemon [_thread_blocked, id=10140, stack(0x00000047e8900000,0x00000047e8a00000)]
  0x0000020f56df8b40 JavaThread "Worker-3" [_thread_blocked, id=6932, stack(0x00000047e8800000,0x00000047e8900000)]
  0x0000020f56df99b0 JavaThread "pool-2-thread-1" [_thread_blocked, id=6636, stack(0x00000047e8a00000,0x00000047e8b00000)]
  0x0000020f56df9010 JavaThread "Worker-4: Initialize workspace" [_thread_blocked, id=6824, stack(0x00000047e8b00000,0x00000047e8c00000)]
  0x0000020f5b9f01a0 JavaThread "C2 CompilerThread1" daemon [_thread_in_native, id=9812, stack(0x00000047e8c00000,0x00000047e8d00000)]
  0x0000020f56df5ff0 JavaThread "ForkJoinPool.commonPool-worker-1" daemon [_thread_blocked, id=18136, stack(0x00000047e7800000,0x00000047e7900000)]
  0x0000020f56df64c0 JavaThread "ForkJoinPool.commonPool-worker-2" daemon [_thread_blocked, id=14348, stack(0x00000047e8d00000,0x00000047e8e00000)]
  0x0000020f56df6e60 JavaThread "Thread-2" daemon [_thread_in_Java, id=18996, stack(0x00000047e8e00000,0x00000047e8f00000)]
=>0x0000020f5b9f2510 JavaThread "C2 CompilerThread2" daemon [_thread_in_native, id=9316, stack(0x00000047e8f00000,0x00000047e9000000)]
  0x0000020f56df81a0 JavaThread "ForkJoinPool.commonPool-worker-3" daemon [_thread_blocked, id=12824, stack(0x00000047e9000000,0x00000047e9100000)]

Other Threads:
  0x0000020f3b6b29a0 VMThread "VM Thread" [stack: 0x00000047e6a00000,0x00000047e6b00000] [id=17036]
  0x0000020f56a63890 WatcherThread [stack: 0x00000047e7700000,0x00000047e7800000] [id=15764]
  0x0000020f3b5f85b0 GCTaskThread "GC Thread#0" [stack: 0x00000047e6900000,0x00000047e6a00000] [id=2800]
  0x0000020f5718dc50 GCTaskThread "GC Thread#1" [stack: 0x00000047e7c00000,0x00000047e7d00000] [id=14452]
  0x0000020f56efb3e0 GCTaskThread "GC Thread#2" [stack: 0x00000047e7d00000,0x00000047e7e00000] [id=9536]
  0x0000020f57146e40 GCTaskThread "GC Thread#3" [stack: 0x00000047e7e00000,0x00000047e7f00000] [id=16676]
  0x0000020f57179a40 GCTaskThread "GC Thread#4" [stack: 0x00000047e7f00000,0x00000047e8000000] [id=7412]
  0x0000020f57179cf0 GCTaskThread "GC Thread#5" [stack: 0x00000047e8000000,0x00000047e8100000] [id=18712]
  0x0000020f57179fa0 GCTaskThread "GC Thread#6" [stack: 0x00000047e8100000,0x00000047e8200000] [id=10324]
  0x0000020f58eaac50 GCTaskThread "GC Thread#7" [stack: 0x00000047e8500000,0x00000047e8600000] [id=6380]

Threads with active compile tasks:
C2 CompilerThread0    17743 6046       4       com.google.gson.internal.bind.TypeAdapters$16::read (6 bytes)
C2 CompilerThread1    17743 5668       4       org.eclipse.jdt.internal.compiler.lookup.BinaryTypeBinding::createMethod (1687 bytes)
C2 CompilerThread2    17743 5963       4       org.eclipse.jdt.internal.core.JarPackageFragmentRoot::initRawPackageInfo (349 bytes)

VM state: not at safepoint (normal execution)

VM Mutex/Monitor currently owned by a thread: None

Heap address: 0x00000000c0000000, size: 1024 MB, Compressed Oops mode: 32-bit

CDS archive(s) mapped at: [0x0000000800000000-0x0000000800bc0000-0x0000000800bc0000), size 12320768, SharedBaseAddress: 0x0000000800000000, ArchiveRelocationMode: 0.
Compressed class space mapped at: 0x0000000800c00000-0x0000000840c00000, reserved size: 1073741824
Narrow klass base: 0x0000000800000000, Narrow klass shift: 0, Narrow klass range: 0x100000000

GC Precious Log:
 CPUs: 8 total, 8 available
 Memory: 7069M
 Large Page Support: Disabled
 NUMA Support: Disabled
 Compressed Oops: Enabled (32-bit)
 Alignments: Space 512K, Generation 512K, Heap 2M
 Heap Min Capacity: 100M
 Heap Initial Capacity: 100M
 Heap Max Capacity: 1G
 Pre-touch: Disabled
 Parallel Workers: 8

Heap:
 PSYoungGen      total 35328K, used 20414K [0x00000000eab00000, 0x00000000edc00000, 0x0000000100000000)
  eden space 21504K, 31% used [0x00000000eab00000,0x00000000eb1afa08,0x00000000ec000000)
  from space 13824K, 98% used [0x00000000ec000000,0x00000000ecd40020,0x00000000ecd80000)
  to   space 14336K, 0% used [0x00000000ece00000,0x00000000ece00000,0x00000000edc00000)
 ParOldGen       total 79872K, used 62632K [0x00000000c0000000, 0x00000000c4e00000, 0x00000000eab00000)
  object space 79872K, 78% used [0x00000000c0000000,0x00000000c3d2a2f0,0x00000000c4e00000)
 Metaspace       used 49604K, committed 50368K, reserved 1097728K
  class space    used 5298K, committed 5632K, reserved 1048576K

Card table byte_map: [0x0000020f3afa0000,0x0000020f3b1b0000] _byte_map_base: 0x0000020f3a9a0000

Marking Bits: (ParMarkBitMap*) 0x00007ffad2ed2a60
 Begin Bits: [0x0000020f520b0000, 0x0000020f530b0000)
 End Bits:   [0x0000020f530b0000, 0x0000020f540b0000)

Polling page: 0x0000020f394c0000

Metaspace:

Usage:
  Non-class:     43.27 MB used.
      Class:      5.17 MB used.
       Both:     48.44 MB used.

Virtual space:
  Non-class space:       48.00 MB reserved,      43.69 MB ( 91%) committed,  6 nodes.
      Class space:        1.00 GB reserved,       5.50 MB ( <1%) committed,  1 nodes.
             Both:        1.05 GB reserved,      49.19 MB (  5%) committed. 

Chunk freelists:
   Non-Class:  0 bytes
       Class:  2.34 MB
        Both:  2.34 MB

MaxMetaspaceSize: unlimited
CompressedClassSpaceSize: 1.00 GB
Initial GC threshold: 21.00 MB
Current GC threshold: 81.50 MB
CDS: on
MetaspaceReclaimPolicy: balanced
 - commit_granule_bytes: 65536.
 - commit_granule_words: 8192.
 - virtual_space_node_default_size: 1048576.
 - enlarge_chunks_in_place: 1.
 - new_chunks_are_fully_committed: 0.
 - uncommit_free_chunks: 1.
 - use_allocation_guard: 0.
 - handle_deallocations: 1.


Internal statistics:

num_allocs_failed_limit: 6.
num_arena_births: 340.
num_arena_deaths: 0.
num_vsnodes_births: 7.
num_vsnodes_deaths: 0.
num_space_committed: 787.
num_space_uncommitted: 0.
num_chunks_returned_to_freelist: 6.
num_chunks_taken_from_freelist: 2420.
num_chunk_merges: 3.
num_chunk_splits: 1574.
num_chunks_enlarged: 959.
num_purges: 0.
num_inconsistent_stats: 0.

CodeHeap 'non-profiled nmethods': size=120000Kb used=2675Kb max_used=2864Kb free=117324Kb
 bounds [0x0000020f4ab80000, 0x0000020f4ae50000, 0x0000020f520b0000]
CodeHeap 'profiled nmethods': size=120000Kb used=11746Kb max_used=11746Kb free=108253Kb
 bounds [0x0000020f43650000, 0x0000020f44250000, 0x0000020f4ab80000]
CodeHeap 'non-nmethods': size=5760Kb used=1318Kb max_used=1356Kb free=4441Kb
 bounds [0x0000020f430b0000, 0x0000020f43320000, 0x0000020f43650000]
 total_blobs=6032 nmethods=5378 adapters=565
 compilation: enabled
              stopped_count=0, restarted_count=0
 full_count=0

Compilation events (20 events):
Event: 17.461 Thread 0x0000020f5427d5c0 6180       2       org.eclipse.jdt.core.dom.DefaultCommentMapper::getCommentIndex (188 bytes)
Event: 17.462 Thread 0x0000020f5427d5c0 nmethod 6180 0x0000020f43af6290 code [0x0000020f43af6460, 0x0000020f43af67f8]
Event: 17.462 Thread 0x0000020f5427d5c0 6181   !   2       org.eclipse.jdt.core.dom.ASTNode::acceptChildren (49 bytes)
Event: 17.463 Thread 0x0000020f54278090 nmethod 6061 0x0000020f4abe9490 code [0x0000020f4abe9620, 0x0000020f4abe9708]
Event: 17.463 Thread 0x0000020f54278090 6147       4       com.google.gson.internal.LinkedTreeMap::replaceInParent (75 bytes)
Event: 17.463 Thread 0x0000020f5427d5c0 nmethod 6181 0x0000020f43af5590 code [0x0000020f43af57a0, 0x0000020f43af5d08]
Event: 17.463 Thread 0x0000020f5427d5c0 6183       2       org.eclipse.jdt.core.dom.ASTNode$NodeList$Cursor::hasNext (21 bytes)
Event: 17.464 Thread 0x0000020f5427d5c0 nmethod 6183 0x0000020f43b69310 code [0x0000020f43b694a0, 0x0000020f43b695f8]
Event: 17.464 Thread 0x0000020f5427d5c0 6182   !   2       org.eclipse.jdt.core.dom.ASTNode$NodeList::newCursor (50 bytes)
Event: 17.464 Thread 0x0000020f5427d5c0 nmethod 6182 0x0000020f43af4f10 code [0x0000020f43af50c0, 0x0000020f43af5418]
Event: 17.464 Thread 0x0000020f5427d5c0 6184       2       org.eclipse.jdt.core.dom.ASTNode::acceptChild (11 bytes)
Event: 17.465 Thread 0x0000020f5427d5c0 nmethod 6184 0x0000020f43af4990 code [0x0000020f43af4b60, 0x0000020f43af4dc8]
Event: 17.465 Thread 0x0000020f54278090 nmethod 6147 0x0000020f4abe9110 code [0x0000020f4abe9280, 0x0000020f4abe9398]
Event: 17.465 Thread 0x0000020f5427d5c0 6185       2       java.io.BufferedInputStream::read1 (108 bytes)
Event: 17.465 Thread 0x0000020f54278090 6151       4       com.google.gson.internal.LinkedTreeMap::rotateLeft (118 bytes)
Event: 17.467 Thread 0x0000020f5427d5c0 nmethod 6185 0x0000020f43af4010 code [0x0000020f43af4220, 0x0000020f43af4758]
Event: 17.468 Thread 0x0000020f5427d5c0 6187       3       java.util.concurrent.ConcurrentHashMap$KeyIterator::next (34 bytes)
Event: 17.468 Thread 0x0000020f5427d5c0 nmethod 6187 0x0000020f43af3990 code [0x0000020f43af3b40, 0x0000020f43af3db8]
Event: 17.468 Thread 0x0000020f54278090 nmethod 6151 0x0000020f4abe8d10 code [0x0000020f4abe8e80, 0x0000020f4abe9018]
Event: 17.469 Thread 0x0000020f54278090 6186       4       java.io.DataInputStream::readUTF (501 bytes)

GC Heap History (20 events):
Event: 14.178 GC heap after
{Heap after GC invocations=14 (full 2):
 PSYoungGen      total 24576K, used 2432K [0x00000000eab00000, 0x00000000ec680000, 0x0000000100000000)
  eden space 22016K, 0% used [0x00000000eab00000,0x00000000eab00000,0x00000000ec080000)
  from space 2560K, 95% used [0x00000000ec400000,0x00000000ec660000,0x00000000ec680000)
  to   space 3072K, 0% used [0x00000000ec080000,0x00000000ec080000,0x00000000ec380000)
 ParOldGen       total 68608K, used 27209K [0x00000000c0000000, 0x00000000c4300000, 0x00000000eab00000)
  object space 68608K, 39% used [0x00000000c0000000,0x00000000c1a927d0,0x00000000c4300000)
 Metaspace       used 41861K, committed 42688K, reserved 1089536K
  class space    used 4503K, committed 4864K, reserved 1048576K
}
Event: 14.598 GC heap before
{Heap before GC invocations=15 (full 2):
 PSYoungGen      total 24576K, used 24448K [0x00000000eab00000, 0x00000000ec680000, 0x0000000100000000)
  eden space 22016K, 100% used [0x00000000eab00000,0x00000000ec080000,0x00000000ec080000)
  from space 2560K, 95% used [0x00000000ec400000,0x00000000ec660000,0x00000000ec680000)
  to   space 3072K, 0% used [0x00000000ec080000,0x00000000ec080000,0x00000000ec380000)
 ParOldGen       total 68608K, used 27209K [0x00000000c0000000, 0x00000000c4300000, 0x00000000eab00000)
  object space 68608K, 39% used [0x00000000c0000000,0x00000000c1a927d0,0x00000000c4300000)
 Metaspace       used 43264K, committed 44032K, reserved 1089536K
  class space    used 4648K, committed 4992K, reserved 1048576K
}
Event: 14.612 GC heap after
{Heap after GC invocations=15 (full 2):
 PSYoungGen      total 25088K, used 3055K [0x00000000eab00000, 0x00000000ed880000, 0x0000000100000000)
  eden space 22016K, 0% used [0x00000000eab00000,0x00000000eab00000,0x00000000ec080000)
  from space 3072K, 99% used [0x00000000ec080000,0x00000000ec37bf60,0x00000000ec380000)
  to   space 12288K, 0% used [0x00000000ecc80000,0x00000000ecc80000,0x00000000ed880000)
 ParOldGen       total 68608K, used 34888K [0x00000000c0000000, 0x00000000c4300000, 0x00000000eab00000)
  object space 68608K, 50% used [0x00000000c0000000,0x00000000c2212050,0x00000000c4300000)
 Metaspace       used 43264K, committed 44032K, reserved 1089536K
  class space    used 4648K, committed 4992K, reserved 1048576K
}
Event: 15.970 GC heap before
{Heap before GC invocations=16 (full 2):
 PSYoungGen      total 25088K, used 25071K [0x00000000eab00000, 0x00000000ed880000, 0x0000000100000000)
  eden space 22016K, 100% used [0x00000000eab00000,0x00000000ec080000,0x00000000ec080000)
  from space 3072K, 99% used [0x00000000ec080000,0x00000000ec37bf60,0x00000000ec380000)
  to   space 12288K, 0% used [0x00000000ecc80000,0x00000000ecc80000,0x00000000ed880000)
 ParOldGen       total 68608K, used 34888K [0x00000000c0000000, 0x00000000c4300000, 0x00000000eab00000)
  object space 68608K, 50% used [0x00000000c0000000,0x00000000c2212050,0x00000000c4300000)
 Metaspace       used 44448K, committed 45248K, reserved 1089536K
  class space    used 4754K, committed 5120K, reserved 1048576K
}
Event: 15.974 GC heap after
{Heap after GC invocations=16 (full 2):
 PSYoungGen      total 25600K, used 3559K [0x00000000eab00000, 0x00000000ed000000, 0x0000000100000000)
  eden space 22016K, 0% used [0x00000000eab00000,0x00000000eab00000,0x00000000ec080000)
  from space 3584K, 99% used [0x00000000ecc80000,0x00000000ecff9fb0,0x00000000ed000000)
  to   space 6144K, 0% used [0x00000000ec400000,0x00000000ec400000,0x00000000eca00000)
 ParOldGen       total 68608K, used 35497K [0x00000000c0000000, 0x00000000c4300000, 0x00000000eab00000)
  object space 68608K, 51% used [0x00000000c0000000,0x00000000c22aa7f0,0x00000000c4300000)
 Metaspace       used 44448K, committed 45248K, reserved 1089536K
  class space    used 4754K, committed 5120K, reserved 1048576K
}
Event: 16.641 GC heap before
{Heap before GC invocations=17 (full 2):
 PSYoungGen      total 25600K, used 25575K [0x00000000eab00000, 0x00000000ed000000, 0x0000000100000000)
  eden space 22016K, 100% used [0x00000000eab00000,0x00000000ec080000,0x00000000ec080000)
  from space 3584K, 99% used [0x00000000ecc80000,0x00000000ecff9fb0,0x00000000ed000000)
  to   space 6144K, 0% used [0x00000000ec400000,0x00000000ec400000,0x00000000eca00000)
 ParOldGen       total 68608K, used 35497K [0x00000000c0000000, 0x00000000c4300000, 0x00000000eab00000)
  object space 68608K, 51% used [0x00000000c0000000,0x00000000c22aa7f0,0x00000000c4300000)
 Metaspace       used 47382K, committed 48256K, reserved 1097728K
  class space    used 5042K, committed 5440K, reserved 1048576K
}
Event: 16.651 GC heap after
{Heap after GC invocations=17 (full 2):
 PSYoungGen      total 25088K, used 3035K [0x00000000eab00000, 0x00000000ecd00000, 0x0000000100000000)
  eden space 22016K, 0% used [0x00000000eab00000,0x00000000eab00000,0x00000000ec080000)
  from space 3072K, 98% used [0x00000000ec400000,0x00000000ec6f6ea8,0x00000000ec700000)
  to   space 4096K, 0% used [0x00000000ec900000,0x00000000ec900000,0x00000000ecd00000)
 ParOldGen       total 68608K, used 38769K [0x00000000c0000000, 0x00000000c4300000, 0x00000000eab00000)
  object space 68608K, 56% used [0x00000000c0000000,0x00000000c25dc790,0x00000000c4300000)
 Metaspace       used 47382K, committed 48256K, reserved 1097728K
  class space    used 5042K, committed 5440K, reserved 1048576K
}
Event: 16.742 GC heap before
{Heap before GC invocations=18 (full 2):
 PSYoungGen      total 25088K, used 25051K [0x00000000eab00000, 0x00000000ecd00000, 0x0000000100000000)
  eden space 22016K, 100% used [0x00000000eab00000,0x00000000ec080000,0x00000000ec080000)
  from space 3072K, 98% used [0x00000000ec400000,0x00000000ec6f6ea8,0x00000000ec700000)
  to   space 4096K, 0% used [0x00000000ec900000,0x00000000ec900000,0x00000000ecd00000)
 ParOldGen       total 68608K, used 38769K [0x00000000c0000000, 0x00000000c4300000, 0x00000000eab00000)
  object space 68608K, 56% used [0x00000000c0000000,0x00000000c25dc790,0x00000000c4300000)
 Metaspace       used 47588K, committed 48448K, reserved 1097728K
  class space    used 5060K, committed 5440K, reserved 1048576K
}
Event: 16.747 GC heap after
{Heap after GC invocations=18 (full 2):
 PSYoungGen      total 23040K, used 992K [0x00000000eab00000, 0x00000000eca00000, 0x0000000100000000)
  eden space 22016K, 0% used [0x00000000eab00000,0x00000000eab00000,0x00000000ec080000)
  from space 1024K, 96% used [0x00000000ec900000,0x00000000ec9f8000,0x00000000eca00000)
  to   space 2048K, 0% used [0x00000000ec600000,0x00000000ec600000,0x00000000ec800000)
 ParOldGen       total 68608K, used 41656K [0x00000000c0000000, 0x00000000c4300000, 0x00000000eab00000)
  object space 68608K, 60% used [0x00000000c0000000,0x00000000c28ae1d0,0x00000000c4300000)
 Metaspace       used 47588K, committed 48448K, reserved 1097728K
  class space    used 5060K, committed 5440K, reserved 1048576K
}
Event: 16.828 GC heap before
{Heap before GC invocations=19 (full 2):
 PSYoungGen      total 23040K, used 23008K [0x00000000eab00000, 0x00000000eca00000, 0x0000000100000000)
  eden space 22016K, 100% used [0x00000000eab00000,0x00000000ec080000,0x00000000ec080000)
  from space 1024K, 96% used [0x00000000ec900000,0x00000000ec9f8000,0x00000000eca00000)
  to   space 2048K, 0% used [0x00000000ec600000,0x00000000ec600000,0x00000000ec800000)
 ParOldGen       total 68608K, used 41656K [0x00000000c0000000, 0x00000000c4300000, 0x00000000eab00000)
  object space 68608K, 60% used [0x00000000c0000000,0x00000000c28ae1d0,0x00000000c4300000)
 Metaspace       used 47618K, committed 48448K, reserved 1097728K
  class space    used 5066K, committed 5440K, reserved 1048576K
}
Event: 16.833 GC heap after
{Heap after GC invocations=19 (full 2):
 PSYoungGen      total 24064K, used 1705K [0x00000000eab00000, 0x00000000ec980000, 0x0000000100000000)
  eden space 22016K, 0% used [0x00000000eab00000,0x00000000eab00000,0x00000000ec080000)
  from space 2048K, 83% used [0x00000000ec600000,0x00000000ec7aa780,0x00000000ec800000)
  to   space 1536K, 0% used [0x00000000ec800000,0x00000000ec800000,0x00000000ec980000)
 ParOldGen       total 68608K, used 42052K [0x00000000c0000000, 0x00000000c4300000, 0x00000000eab00000)
  object space 68608K, 61% used [0x00000000c0000000,0x00000000c29111e0,0x00000000c4300000)
 Metaspace       used 47618K, committed 48448K, reserved 1097728K
  class space    used 5066K, committed 5440K, reserved 1048576K
}
Event: 16.924 GC heap before
{Heap before GC invocations=20 (full 2):
 PSYoungGen      total 24064K, used 19319K [0x00000000eab00000, 0x00000000ec980000, 0x0000000100000000)
  eden space 22016K, 80% used [0x00000000eab00000,0x00000000ebc33618,0x00000000ec080000)
  from space 2048K, 83% used [0x00000000ec600000,0x00000000ec7aa780,0x00000000ec800000)
  to   space 1536K, 0% used [0x00000000ec800000,0x00000000ec800000,0x00000000ec980000)
 ParOldGen       total 68608K, used 42052K [0x00000000c0000000, 0x00000000c4300000, 0x00000000eab00000)
  object space 68608K, 61% used [0x00000000c0000000,0x00000000c29111e0,0x00000000c4300000)
 Metaspace       used 47690K, committed 48448K, reserved 1097728K
  class space    used 5086K, committed 5440K, reserved 1048576K
}
Event: 16.935 GC heap after
{Heap after GC invocations=20 (full 2):
 PSYoungGen      total 23040K, used 800K [0x00000000eab00000, 0x00000000ec900000, 0x0000000100000000)
  eden space 22016K, 0% used [0x00000000eab00000,0x00000000eab00000,0x00000000ec080000)
  from space 1024K, 78% used [0x00000000ec800000,0x00000000ec8c8000,0x00000000ec900000)
  to   space 1536K, 0% used [0x00000000ec600000,0x00000000ec600000,0x00000000ec780000)
 ParOldGen       total 68608K, used 51188K [0x00000000c0000000, 0x00000000c4300000, 0x00000000eab00000)
  object space 68608K, 74% used [0x00000000c0000000,0x00000000c31fd2a0,0x00000000c4300000)
 Metaspace       used 47690K, committed 48448K, reserved 1097728K
  class space    used 5086K, committed 5440K, reserved 1048576K
}
Event: 17.135 GC heap before
{Heap before GC invocations=21 (full 3):
 PSYoungGen      total 23040K, used 22816K [0x00000000eab00000, 0x00000000ec900000, 0x0000000100000000)
  eden space 22016K, 100% used [0x00000000eab00000,0x00000000ec080000,0x00000000ec080000)
  from space 1024K, 78% used [0x00000000ec800000,0x00000000ec8c8000,0x00000000ec900000)
  to   space 1536K, 0% used [0x00000000ec600000,0x00000000ec600000,0x00000000ec780000)
 ParOldGen       total 79872K, used 77518K [0x00000000c0000000, 0x00000000c4e00000, 0x00000000eab00000)
  object space 79872K, 97% used [0x00000000c0000000,0x00000000c4bb3850,0x00000000c4e00000)
 Metaspace       used 47944K, committed 48704K, reserved 1097728K
  class space    used 5141K, committed 5504K, reserved 1048576K
}
Event: 17.224 GC heap after
{Heap after GC invocations=21 (full 3):
 PSYoungGen      total 22528K, used 0K [0x00000000eab00000, 0x00000000ec880000, 0x0000000100000000)
  eden space 22016K, 0% used [0x00000000eab00000,0x00000000eab00000,0x00000000ec080000)
  from space 512K, 0% used [0x00000000ec600000,0x00000000ec600000,0x00000000ec680000)
  to   space 1536K, 0% used [0x00000000ec700000,0x00000000ec700000,0x00000000ec880000)
 ParOldGen       total 79872K, used 44094K [0x00000000c0000000, 0x00000000c4e00000, 0x00000000eab00000)
  object space 79872K, 55% used [0x00000000c0000000,0x00000000c2b0fb88,0x00000000c4e00000)
 Metaspace       used 47944K, committed 48704K, reserved 1097728K
  class space    used 5141K, committed 5504K, reserved 1048576K
}
Event: 17.310 GC heap before
{Heap before GC invocations=22 (full 3):
 PSYoungGen      total 22528K, used 22016K [0x00000000eab00000, 0x00000000ec880000, 0x0000000100000000)
  eden space 22016K, 100% used [0x00000000eab00000,0x00000000ec080000,0x00000000ec080000)
  from space 512K, 0% used [0x00000000ec600000,0x00000000ec600000,0x00000000ec680000)
  to   space 1536K, 0% used [0x00000000ec700000,0x00000000ec700000,0x00000000ec880000)
 ParOldGen       total 79872K, used 44094K [0x00000000c0000000, 0x00000000c4e00000, 0x00000000eab00000)
  object space 79872K, 55% used [0x00000000c0000000,0x00000000c2b0fb88,0x00000000c4e00000)
 Metaspace       used 48232K, committed 49024K, reserved 1097728K
  class space    used 5165K, committed 5504K, reserved 1048576K
}
Event: 17.320 GC heap after
{Heap after GC invocations=22 (full 3):
 PSYoungGen      total 23552K, used 1536K [0x00000000eab00000, 0x00000000ec880000, 0x0000000100000000)
  eden space 22016K, 0% used [0x00000000eab00000,0x00000000eab00000,0x00000000ec080000)
  from space 1536K, 100% used [0x00000000ec700000,0x00000000ec880000,0x00000000ec880000)
  to   space 512K, 0% used [0x00000000ec600000,0x00000000ec600000,0x00000000ec680000)
 ParOldGen       total 79872K, used 60096K [0x00000000c0000000, 0x00000000c4e00000, 0x00000000eab00000)
  object space 79872K, 75% used [0x00000000c0000000,0x00000000c3ab0128,0x00000000c4e00000)
 Metaspace       used 48232K, committed 49024K, reserved 1097728K
  class space    used 5165K, committed 5504K, reserved 1048576K
}
Event: 17.484 GC heap before
{Heap before GC invocations=23 (full 3):
 PSYoungGen      total 23552K, used 23552K [0x00000000eab00000, 0x00000000ec880000, 0x0000000100000000)
  eden space 22016K, 100% used [0x00000000eab00000,0x00000000ec080000,0x00000000ec080000)
  from space 1536K, 100% used [0x00000000ec700000,0x00000000ec880000,0x00000000ec880000)
  to   space 512K, 0% used [0x00000000ec600000,0x00000000ec600000,0x00000000ec680000)
 ParOldGen       total 79872K, used 60223K [0x00000000c0000000, 0x00000000c4e00000, 0x00000000eab00000)
  object space 79872K, 75% used [0x00000000c0000000,0x00000000c3acff40,0x00000000c4e00000)
 Metaspace       used 49257K, committed 50048K, reserved 1097728K
  class space    used 5269K, committed 5632K, reserved 1048576K
}
Event: 17.497 GC heap after
{Heap after GC invocations=23 (full 3):
 PSYoungGen      total 22016K, used 512K [0x00000000eab00000, 0x00000000edf00000, 0x0000000100000000)
  eden space 21504K, 0% used [0x00000000eab00000,0x00000000eab00000,0x00000000ec000000)
  from space 512K, 100% used [0x00000000ec600000,0x00000000ec680000,0x00000000ec680000)
  to   space 15872K, 0% used [0x00000000ecf80000,0x00000000ecf80000,0x00000000edf00000)
 ParOldGen       total 79872K, used 74646K [0x00000000c0000000, 0x00000000c4e00000, 0x00000000eab00000)
  object space 79872K, 93% used [0x00000000c0000000,0x00000000c48e59f0,0x00000000c4e00000)
 Metaspace       used 49257K, committed 50048K, reserved 1097728K
  class space    used 5269K, committed 5632K, reserved 1048576K
}
Event: 17.497 GC heap before
{Heap before GC invocations=24 (full 4):
 PSYoungGen      total 22016K, used 512K [0x00000000eab00000, 0x00000000edf00000, 0x0000000100000000)
  eden space 21504K, 0% used [0x00000000eab00000,0x00000000eab00000,0x00000000ec000000)
  from space 512K, 100% used [0x00000000ec600000,0x00000000ec680000,0x00000000ec680000)
  to   space 15872K, 0% used [0x00000000ecf80000,0x00000000ecf80000,0x00000000edf00000)
 ParOldGen       total 79872K, used 74646K [0x00000000c0000000, 0x00000000c4e00000, 0x00000000eab00000)
  object space 79872K, 93% used [0x00000000c0000000,0x00000000c48e59f0,0x00000000c4e00000)
 Metaspace       used 49257K, committed 50048K, reserved 1097728K
  class space    used 5269K, committed 5632K, reserved 1048576K
}

Deoptimization events (20 events):
Event: 17.235 Thread 0x0000020f56df6e60 DEOPT PACKING pc=0x0000020f4ad54ae0 sp=0x00000047e8efe410
Event: 17.235 Thread 0x0000020f56df6e60 DEOPT UNPACKING pc=0x0000020f431020a3 sp=0x00000047e8efe388 mode 2
Event: 17.284 Thread 0x0000020f56df64c0 Uncommon trap: trap_request=0xffffff45 fr.pc=0x0000020f4ae184f0 relative=0x0000000000000150
Event: 17.284 Thread 0x0000020f56df64c0 Uncommon trap: reason=unstable_if action=reinterpret pc=0x0000020f4ae184f0 method=org.eclipse.jdt.internal.core.index.DiskIndex.writeStreamChars(Ljava/io/FileOutputStream;[CII)V @ 24 c2
Event: 17.284 Thread 0x0000020f56df64c0 DEOPT PACKING pc=0x0000020f4ae184f0 sp=0x00000047e8dfeab0
Event: 17.284 Thread 0x0000020f56df64c0 DEOPT UNPACKING pc=0x0000020f431020a3 sp=0x00000047e8dfea28 mode 2
Event: 17.327 Thread 0x0000020f56df5ff0 Uncommon trap: trap_request=0xffffff45 fr.pc=0x0000020f4ad7a7dc relative=0x0000000000000cdc
Event: 17.327 Thread 0x0000020f56df5ff0 Uncommon trap: reason=unstable_if action=reinterpret pc=0x0000020f4ad7a7dc method=org.eclipse.jdt.internal.core.util.Util.splitOn(CLjava/lang/String;II)[Ljava/lang/String; @ 16 c2
Event: 17.327 Thread 0x0000020f56df5ff0 DEOPT PACKING pc=0x0000020f4ad7a7dc sp=0x00000047e78fdac0
Event: 17.327 Thread 0x0000020f56df5ff0 DEOPT UNPACKING pc=0x0000020f431020a3 sp=0x00000047e78fdaa0 mode 2
Event: 17.361 Thread 0x0000020f56df7cd0 Uncommon trap: trap_request=0xffffff6e fr.pc=0x0000020f4aba5ef8 relative=0x0000000000000178
Event: 17.361 Thread 0x0000020f56df7cd0 Uncommon trap: reason=loop_limit_check action=maybe_recompile pc=0x0000020f4aba5ef8 method=org.eclipse.jdt.internal.compiler.lookup.ReferenceBinding.compare([C[CII)I @ 46 c2
Event: 17.361 Thread 0x0000020f56df7cd0 DEOPT PACKING pc=0x0000020f4aba5ef8 sp=0x00000047e86fe060
Event: 17.361 Thread 0x0000020f56df7cd0 DEOPT UNPACKING pc=0x0000020f431020a3 sp=0x00000047e86fdfd0 mode 2
Event: 17.436 Thread 0x0000020f56df5ff0 Uncommon trap: trap_request=0xffffff45 fr.pc=0x0000020f4ad5f2fc relative=0x000000000000015c
Event: 17.436 Thread 0x0000020f56df5ff0 Uncommon trap: reason=unstable_if action=reinterpret pc=0x0000020f4ad5f2fc method=java.lang.ThreadLocal$ThreadLocalMap.getEntryAfterMiss(Ljava/lang/ThreadLocal;ILjava/lang/ThreadLocal$ThreadLocalMap$Entry;)Ljava/lang/ThreadLocal$ThreadLocalMap$Entry; @ 30
Event: 17.436 Thread 0x0000020f56df5ff0 DEOPT PACKING pc=0x0000020f4ad5f2fc sp=0x00000047e78fe880
Event: 17.436 Thread 0x0000020f56df5ff0 DEOPT UNPACKING pc=0x0000020f431020a3 sp=0x00000047e78fe718 mode 2
Event: 17.465 Thread 0x0000020f56df99b0 DEOPT PACKING pc=0x0000020f43aec0ce sp=0x00000047e8afd6b0
Event: 17.465 Thread 0x0000020f56df99b0 DEOPT UNPACKING pc=0x0000020f43102843 sp=0x00000047e8afcbc0 mode 0

Classes unloaded (0 events):
No events

Classes redefined (0 events):
No events

Internal exceptions (20 events):
Event: 16.151 Thread 0x0000020f56df8b40 Exception <a 'sun/nio/fs/WindowsException'{0x00000000eb0745b8}> (0x00000000eb0745b8) 
thrown [e:\jenkins\tmp\workspace\build\src\src\hotspot\share\prims\jni.cpp, line 516]
Event: 16.158 Thread 0x0000020f56df8b40 Exception <a 'sun/nio/fs/WindowsException'{0x00000000eb081278}> (0x00000000eb081278) 
thrown [e:\jenkins\tmp\workspace\build\src\src\hotspot\share\prims\jni.cpp, line 516]
Event: 16.194 Thread 0x0000020f56df8b40 Exception <a 'sun/nio/fs/WindowsException'{0x00000000eb0d3728}> (0x00000000eb0d3728) 
thrown [e:\jenkins\tmp\workspace\build\src\src\hotspot\share\prims\jni.cpp, line 516]
Event: 16.205 Thread 0x0000020f56df8b40 Exception <a 'sun/nio/fs/WindowsException'{0x00000000eb0e0628}> (0x00000000eb0e0628) 
thrown [e:\jenkins\tmp\workspace\build\src\src\hotspot\share\prims\jni.cpp, line 516]
Event: 16.217 Thread 0x0000020f56df8b40 Exception <a 'sun/nio/fs/WindowsException'{0x00000000eb1fb948}> (0x00000000eb1fb948) 
thrown [e:\jenkins\tmp\workspace\build\src\src\hotspot\share\prims\jni.cpp, line 516]
Event: 16.225 Thread 0x0000020f56df8b40 Exception <a 'sun/nio/fs/WindowsException'{0x00000000eb208578}> (0x00000000eb208578) 
thrown [e:\jenkins\tmp\workspace\build\src\src\hotspot\share\prims\jni.cpp, line 516]
Event: 16.260 Thread 0x0000020f56df8b40 Exception <a 'sun/nio/fs/WindowsException'{0x00000000eb216588}> (0x00000000eb216588) 
thrown [e:\jenkins\tmp\workspace\build\src\src\hotspot\share\prims\jni.cpp, line 516]
Event: 16.311 Thread 0x0000020f56df8b40 Exception <a 'sun/nio/fs/WindowsException'{0x00000000eb393f70}> (0x00000000eb393f70) 
thrown [e:\jenkins\tmp\workspace\build\src\src\hotspot\share\prims\jni.cpp, line 516]
Event: 16.321 Thread 0x0000020f56df8b40 Exception <a 'sun/nio/fs/WindowsException'{0x00000000eb3a2488}> (0x00000000eb3a2488) 
thrown [e:\jenkins\tmp\workspace\build\src\src\hotspot\share\prims\jni.cpp, line 516]
Event: 16.328 Thread 0x0000020f56df8b40 Exception <a 'sun/nio/fs/WindowsException'{0x00000000eb3af2c0}> (0x00000000eb3af2c0) 
thrown [e:\jenkins\tmp\workspace\build\src\src\hotspot\share\prims\jni.cpp, line 516]
Event: 16.431 Thread 0x0000020f56df99b0 Exception <a 'java/lang/ArrayIndexOutOfBoundsException'{0x00000000eb56d178}> (0x00000000eb56d178) 
thrown [e:\jenkins\tmp\workspace\build\src\src\hotspot\share\runtime\sharedRuntime.cpp, line 628]
Event: 16.473 Thread 0x0000020f56df99b0 Exception <a 'java/lang/ArrayIndexOutOfBoundsException'{0x00000000eb5f3900}> (0x00000000eb5f3900) 
thrown [e:\jenkins\tmp\workspace\build\src\src\hotspot\share\runtime\sharedRuntime.cpp, line 628]
Event: 16.488 Thread 0x0000020f56df8b40 Exception <a 'java/lang/ArrayIndexOutOfBoundsException'{0x00000000eb6306d0}> (0x00000000eb6306d0) 
thrown [e:\jenkins\tmp\workspace\build\src\src\hotspot\share\runtime\sharedRuntime.cpp, line 628]
Event: 16.535 Thread 0x0000020f56df8b40 Exception <a 'java/lang/ArrayIndexOutOfBoundsException'{0x00000000eb901d20}> (0x00000000eb901d20) 
thrown [e:\jenkins\tmp\workspace\build\src\src\hotspot\share\runtime\sharedRuntime.cpp, line 628]
Event: 16.541 Thread 0x0000020f56df64c0 Exception <a 'java/lang/ArrayIndexOutOfBoundsException'{0x00000000eb92e298}: Index 1714 out of bounds for length 1714> (0x00000000eb92e298) 
thrown [e:\jenkins\tmp\workspace\build\src\src\hotspot\share\interpreter\interpreterRuntime.cpp, line 428]
Event: 16.541 Thread 0x0000020f56df64c0 Exception <a 'java/lang/ArrayIndexOutOfBoundsException'{0x00000000eb92e5b8}: Index 1715 out of bounds for length 1714> (0x00000000eb92e5b8) 
thrown [e:\jenkins\tmp\workspace\build\src\src\hotspot\share\interpreter\interpreterRuntime.cpp, line 428]
Event: 16.541 Thread 0x0000020f56df64c0 Exception <a 'java/lang/ArrayIndexOutOfBoundsException'{0x00000000eb92e8d8}: Index 1715 out of bounds for length 1714> (0x00000000eb92e8d8) 
thrown [e:\jenkins\tmp\workspace\build\src\src\hotspot\share\interpreter\interpreterRuntime.cpp, line 428]
Event: 16.667 Thread 0x0000020f56df6e60 Exception <a 'sun/nio/fs/WindowsException'{0x00000000eab83ba0}> (0x00000000eab83ba0) 
thrown [e:\jenkins\tmp\workspace\build\src\src\hotspot\share\prims\jni.cpp, line 516]
Event: 16.840 Thread 0x0000020f56df7cd0 Exception <a 'java/lang/NoSuchMethodError'{0x00000000eab08570}: 'int java.lang.invoke.DirectMethodHandle$Holder.invokeSpecial(java.lang.Object, java.lang.Object, java.lang.Object)'> (0x00000000eab08570) 
thrown [e:\jenkins\tmp\workspace\build\src\src\hotspot\share\interpreter\linkResolver.cpp, line 766]
Event: 17.061 Thread 0x0000020f56df5ff0 Exception <a 'java/lang/ArrayIndexOutOfBoundsException'{0x00000000eb855e28}: Index 1715 out of bounds for length 1715> (0x00000000eb855e28) 
thrown [e:\jenkins\tmp\workspace\build\src\src\hotspot\share\interpreter\interpreterRuntime.cpp, line 428]

VM Operations (20 events):
Event: 16.935 Executing VM operation: ParallelGCFailedAllocation done
Event: 16.936 Executing VM operation: HandshakeAllThreads
Event: 16.941 Executing VM operation: HandshakeAllThreads done
Event: 16.952 Executing VM operation: HandshakeAllThreads
Event: 16.952 Executing VM operation: HandshakeAllThreads done
Event: 17.021 Executing VM operation: HandshakeAllThreads
Event: 17.033 Executing VM operation: HandshakeAllThreads done
Event: 17.041 Executing VM operation: HandshakeAllThreads
Event: 17.041 Executing VM operation: HandshakeAllThreads done
Event: 17.116 Executing VM operation: HandshakeAllThreads
Event: 17.123 Executing VM operation: HandshakeAllThreads done
Event: 17.132 Executing VM operation: ParallelGCFailedAllocation
Event: 17.224 Executing VM operation: ParallelGCFailedAllocation done
Event: 17.234 Executing VM operation: HandshakeAllThreads
Event: 17.234 Executing VM operation: HandshakeAllThreads done
Event: 17.310 Executing VM operation: ParallelGCFailedAllocation
Event: 17.320 Executing VM operation: ParallelGCFailedAllocation done
Event: 17.480 Executing VM operation: ParallelGCFailedAllocation
Event: 17.480 Executing VM operation: ParallelGCFailedAllocation done
Event: 17.484 Executing VM operation: ParallelGCSystemGC

Events (20 events):
Event: 17.473 loading class java/time/ZonedDateTime
Event: 17.473 loading class java/time/chrono/ChronoZonedDateTime
Event: 17.474 loading class java/time/chrono/ChronoZonedDateTime done
Event: 17.474 loading class java/time/ZonedDateTime done
Event: 17.474 loading class java/util/logging/LogRecord$CallerFinder
Event: 17.475 loading class java/util/logging/LogRecord$CallerFinder done
Event: 17.477 loading class java/lang/StackStreamFactory
Event: 17.477 loading class java/lang/StackStreamFactory done
Event: 17.478 loading class java/lang/StackWalker$ExtendedOption
Event: 17.478 loading class java/lang/StackWalker$ExtendedOption done
Event: 17.480 loading class java/lang/StackStreamFactory$StackFrameTraverser
Event: 17.481 loading class java/lang/StackStreamFactory$StackFrameTraverser done
Event: 17.481 loading class java/lang/StackStreamFactory$WalkerState
Event: 17.482 loading class java/lang/StackStreamFactory$WalkerState done
Event: 17.482 loading class java/lang/StackStreamFactory$1
Event: 17.482 loading class java/lang/StackStreamFactory$1 done
Event: 17.482 loading class java/lang/StackStreamFactory$StackFrameTraverser$StackFrameBuffer
Event: 17.482 loading class java/lang/StackStreamFactory$FrameBuffer
Event: 17.482 loading class java/lang/StackStreamFactory$FrameBuffer done
Event: 17.482 loading class java/lang/StackStreamFactory$StackFrameTraverser$StackFrameBuffer done


Dynamic libraries:
0x00007ff66d4a0000 - 0x00007ff66d4ae000 	C:\Program Files\Eclipse Adoptium\jdk-17.0.1.12-hotspot\bin\java.exe
0x00007ffb11470000 - 0x00007ffb11665000 	C:\WINDOWS\SYSTEM32\ntdll.dll
0x00007ffb10100000 - 0x00007ffb101be000 	C:\WINDOWS\System32\KERNEL32.DLL
0x00007ffb0eed0000 - 0x00007ffb0f198000 	C:\WINDOWS\System32\KERNELBASE.dll
0x00007ffb0f250000 - 0x00007ffb0f350000 	C:\WINDOWS\System32\ucrtbase.dll
0x00007ffb044c0000 - 0x00007ffb044d8000 	C:\Program Files\Eclipse Adoptium\jdk-17.0.1.12-hotspot\bin\jli.dll
0x00007ffb01330000 - 0x00007ffb01349000 	C:\Program Files\Eclipse Adoptium\jdk-17.0.1.12-hotspot\bin\VCRUNTIME140.dll
0x00007ffb0ff20000 - 0x00007ffb100c1000 	C:\WINDOWS\System32\USER32.dll
0x00007ffb0df90000 - 0x00007ffb0e22a000 	C:\WINDOWS\WinSxS\amd64_microsoft.windows.common-controls_6595b64144ccf1df_6.0.19041.1110_none_60b5254171f9507e\COMCTL32.dll
0x00007ffb0f490000 - 0x00007ffb0f4b2000 	C:\WINDOWS\System32\win32u.dll
0x00007ffb100d0000 - 0x00007ffb100fb000 	C:\WINDOWS\System32\GDI32.dll
0x00007ffb0f760000 - 0x00007ffb0f7fe000 	C:\WINDOWS\System32\msvcrt.dll
0x00007ffb0f380000 - 0x00007ffb0f48b000 	C:\WINDOWS\System32\gdi32full.dll
0x00007ffb0ee30000 - 0x00007ffb0eecd000 	C:\WINDOWS\System32\msvcp_win.dll
0x00007ffb11350000 - 0x00007ffb11380000 	C:\WINDOWS\System32\IMM32.DLL
0x00007ffb0b9f0000 - 0x00007ffb0b9fc000 	C:\Program Files\Eclipse Adoptium\jdk-17.0.1.12-hotspot\bin\vcruntime140_1.dll
0x00007ffaeda60000 - 0x00007ffaedaf1000 	C:\Program Files\Eclipse Adoptium\jdk-17.0.1.12-hotspot\bin\msvcp140.dll
0x00007ffad2350000 - 0x00007ffad2f96000 	C:\Program Files\Eclipse Adoptium\jdk-17.0.1.12-hotspot\bin\server\jvm.dll
0x00007ffb0fc60000 - 0x00007ffb0fd0c000 	C:\WINDOWS\System32\ADVAPI32.dll
0x00007ffb10b10000 - 0x00007ffb10bab000 	C:\WINDOWS\System32\sechost.dll
0x00007ffb109e0000 - 0x00007ffb10b0a000 	C:\WINDOWS\System32\RPCRT4.dll
0x00007ffb0fc50000 - 0x00007ffb0fc58000 	C:\WINDOWS\System32\PSAPI.DLL
0x00007ffb0b9d0000 - 0x00007ffb0b9d9000 	C:\WINDOWS\SYSTEM32\WSOCK32.dll
0x00007ffb045e0000 - 0x00007ffb04607000 	C:\WINDOWS\SYSTEM32\WINMM.dll
0x00007ffb0bd20000 - 0x00007ffb0bd2a000 	C:\WINDOWS\SYSTEM32\VERSION.dll
0x00007ffb0fb80000 - 0x00007ffb0fbeb000 	C:\WINDOWS\System32\WS2_32.dll
0x00007ffb0bd40000 - 0x00007ffb0bd52000 	C:\WINDOWS\SYSTEM32\kernel.appcore.dll
0x00007ffb0b9a0000 - 0x00007ffb0b9aa000 	C:\Program Files\Eclipse Adoptium\jdk-17.0.1.12-hotspot\bin\jimage.dll
0x00007ffb0e590000 - 0x00007ffb0e774000 	C:\WINDOWS\SYSTEM32\DBGHELP.DLL
0x00007ffb0e4e0000 - 0x00007ffb0e50c000 	C:\WINDOWS\SYSTEM32\dbgcore.DLL
0x00007ffb0ed40000 - 0x00007ffb0edc3000 	C:\WINDOWS\System32\bcryptPrimitives.dll
0x00007ffaf8a80000 - 0x00007ffaf8aa5000 	C:\Program Files\Eclipse Adoptium\jdk-17.0.1.12-hotspot\bin\java.dll
0x00007ffaed390000 - 0x00007ffaed466000 	C:\Program Files\Eclipse Adoptium\jdk-17.0.1.12-hotspot\bin\svml.dll
0x00007ffb10c10000 - 0x00007ffb1134f000 	C:\WINDOWS\System32\SHELL32.dll
0x00007ffb0beb0000 - 0x00007ffb0c640000 	C:\WINDOWS\SYSTEM32\windows.storage.dll
0x00007ffb0f800000 - 0x00007ffb0fb55000 	C:\WINDOWS\System32\combase.dll
0x00007ffb0def0000 - 0x00007ffb0df1e000 	C:\WINDOWS\SYSTEM32\Wldp.dll
0x00007ffb10220000 - 0x00007ffb102cd000 	C:\WINDOWS\System32\SHCORE.dll
0x00007ffb0fda0000 - 0x00007ffb0fdf5000 	C:\WINDOWS\System32\shlwapi.dll
0x00007ffb0ead0000 - 0x00007ffb0eaef000 	C:\WINDOWS\SYSTEM32\profapi.dll
0x00007ffb00830000 - 0x00007ffb00849000 	C:\Program Files\Eclipse Adoptium\jdk-17.0.1.12-hotspot\bin\net.dll
0x00007ffb02c20000 - 0x00007ffb02d2c000 	C:\WINDOWS\SYSTEM32\WINHTTP.dll
0x00007ffb0dde0000 - 0x00007ffb0de4a000 	C:\WINDOWS\system32\mswsock.dll
0x00007ffaffb10000 - 0x00007ffaffb25000 	C:\Program Files\Eclipse Adoptium\jdk-17.0.1.12-hotspot\bin\nio.dll
0x00007ffafc5e0000 - 0x00007ffafc5f8000 	C:\Program Files\Eclipse Adoptium\jdk-17.0.1.12-hotspot\bin\zip.dll
0x00007ffb0e8a0000 - 0x00007ffb0e8b8000 	C:\WINDOWS\SYSTEM32\CRYPTSP.dll
0x00007ffb0d550000 - 0x00007ffb0d584000 	C:\WINDOWS\system32\rsaenh.dll
0x00007ffb0f350000 - 0x00007ffb0f377000 	C:\WINDOWS\System32\bcrypt.dll
0x00007ffb0ea50000 - 0x00007ffb0ea7e000 	C:\WINDOWS\SYSTEM32\USERENV.dll
0x00007ffb0deb0000 - 0x00007ffb0debc000 	C:\WINDOWS\SYSTEM32\CRYPTBASE.dll
0x00007ffb0d930000 - 0x00007ffb0d96b000 	C:\WINDOWS\SYSTEM32\IPHLPAPI.DLL
0x00007ffb0fd10000 - 0x00007ffb0fd18000 	C:\WINDOWS\System32\NSI.dll
0x00007ffb027b0000 - 0x00007ffb027c7000 	C:\WINDOWS\SYSTEM32\dhcpcsvc6.DLL
0x00007ffb02dc0000 - 0x00007ffb02ddd000 	C:\WINDOWS\SYSTEM32\dhcpcsvc.DLL
0x00007ffb0d810000 - 0x00007ffb0d8db000 	C:\WINDOWS\SYSTEM32\DNSAPI.dll
0x00007ffaf5070000 - 0x00007ffaf50ae000 	C:\Users\royst\AppData\Roaming\Code\User\globalStorage\redhat.java\1.1.0\config_win\org.eclipse.equinox.launcher\org.eclipse.equinox.launcher.win32.win32.x86_64_1.2.400.v20211116-1129\eclipse_11601.dll
0x00007ffb0f5a0000 - 0x00007ffb0f6ca000 	C:\WINDOWS\System32\ole32.dll
0x00007ffb07b90000 - 0x00007ffb07ba0000 	C:\Program Files\Eclipse Adoptium\jdk-17.0.1.12-hotspot\bin\verify.dll
0x00007ffaf8690000 - 0x00007ffaf86a1000 	C:\Users\royst\AppData\Roaming\Code\User\globalStorage\redhat.java\1.1.0\config_win\org.eclipse.osgi\23\0\.cp\jWinHttp-1.0.0.dll
0x00007ffb074b0000 - 0x00007ffb074be000 	C:\Program Files\Eclipse Adoptium\jdk-17.0.1.12-hotspot\bin\sunmscapi.dll
0x00007ffb0eb90000 - 0x00007ffb0ece6000 	C:\WINDOWS\System32\CRYPT32.dll
0x00007ffb0df60000 - 0x00007ffb0df87000 	C:\WINDOWS\SYSTEM32\ncrypt.dll
0x00007ffb0df20000 - 0x00007ffb0df5b000 	C:\WINDOWS\SYSTEM32\NTASN1.dll

dbghelp: loaded successfully - version: 4.0.5 - missing functions: none
symbol engine: initialized successfully - sym options: 0x614 - pdb path: .;C:\Program Files\Eclipse Adoptium\jdk-17.0.1.12-hotspot\bin;C:\WINDOWS\SYSTEM32;C:\WINDOWS\WinSxS\amd64_microsoft.windows.common-controls_6595b64144ccf1df_6.0.19041.1110_none_60b5254171f9507e;C:\Program Files\Eclipse Adoptium\jdk-17.0.1.12-hotspot\bin\server;C:\Users\royst\AppData\Roaming\Code\User\globalStorage\redhat.java\1.1.0\config_win\org.eclipse.equinox.launcher\org.eclipse.equinox.launcher.win32.win32.x86_64_1.2.400.v20211116-1129;C:\Users\royst\AppData\Roaming\Code\User\globalStorage\redhat.java\1.1.0\config_win\org.eclipse.osgi\23\0\.cp

VM Arguments:
jvm_args: --add-modules=ALL-SYSTEM --add-opens=java.base/java.util=ALL-UNNAMED --add-opens=java.base/java.lang=ALL-UNNAMED -Declipse.application=org.eclipse.jdt.ls.core.id1 -Dosgi.bundles.defaultStartLevel=4 -Declipse.product=org.eclipse.jdt.ls.core.product -Djava.import.generatesMetadataFilesAtProjectRoot=false -Dfile.encoding=utf8 -DwatchParentProcess=false -XX:+UseParallelGC -XX:GCTimeRatio=4 -XX:AdaptiveSizePolicyWeight=90 -Dsun.zip.disableMemoryMapping=true -Xmx1G -Xms100m -XX:+HeapDumpOnOutOfMemoryError -XX:HeapDumpPath=c:\Users\royst\AppData\Roaming\Code\User\workspaceStorage\cf0cd3ddf5c7265b3d7a65041989eda1\redhat.java 
java_command: c:\Users\royst\.vscode\extensions\redhat.java-1.1.0\server\plugins\org.eclipse.equinox.launcher_1.6.400.v20210924-0641.jar -configuration c:\Users\royst\AppData\Roaming\Code\User\globalStorage\redhat.java\1.1.0\config_win -data c:\Users\royst\AppData\Roaming\Code\User\workspaceStorage\cf0cd3ddf5c7265b3d7a65041989eda1\redhat.java\jdt_ws
java_class_path (initial): c:\Users\royst\.vscode\extensions\redhat.java-1.1.0\server\plugins\org.eclipse.equinox.launcher_1.6.400.v20210924-0641.jar
Launcher Type: SUN_STANDARD

[Global flags]
    uintx AdaptiveSizePolicyWeight                 = 90                                        {product} {command line}
     intx CICompilerCount                          = 4                                         {product} {ergonomic}
    uintx GCTimeRatio                              = 4                                         {product} {command line}
     bool HeapDumpOnOutOfMemoryError               = true                                   {manageable} {command line}
    ccstr HeapDumpPath                             = c:\Users\royst\AppData\Roaming\Code\User\workspaceStorage\cf0cd3ddf5c7265b3d7a65041989eda1\redhat.java         {manageable} {command line}
   size_t InitialHeapSize                          = 104857600                                 {product} {command line}
   size_t MaxHeapSize                              = 1073741824                                {product} {command line}
   size_t MaxNewSize                               = 357564416                                 {product} {ergonomic}
   size_t MinHeapDeltaBytes                        = 524288                                    {product} {ergonomic}
   size_t MinHeapSize                              = 104857600                                 {product} {command line}
   size_t NewSize                                  = 34603008                                  {product} {ergonomic}
    uintx NonNMethodCodeHeapSize                   = 5839372                                {pd product} {ergonomic}
    uintx NonProfiledCodeHeapSize                  = 122909434                              {pd product} {ergonomic}
   size_t OldSize                                  = 70254592                                  {product} {ergonomic}
    uintx ProfiledCodeHeapSize                     = 122909434                              {pd product} {ergonomic}
    uintx ReservedCodeCacheSize                    = 251658240                              {pd product} {ergonomic}
     bool SegmentedCodeCache                       = true                                      {product} {ergonomic}
   size_t SoftMaxHeapSize                          = 1073741824                             {manageable} {ergonomic}
     bool UseCompressedClassPointers               = true                           {product lp64_product} {ergonomic}
     bool UseCompressedOops                        = true                           {product lp64_product} {ergonomic}
     bool UseLargePagesIndividualAllocation        = false                                  {pd product} {ergonomic}
     bool UseParallelGC                            = true                                      {product} {command line}

Logging:
Log output configuration:
 #0: stdout all=warning uptime,level,tags
 #1: stderr all=off uptime,level,tags

Environment Variables:
PATH=C:\Program Files\Java\jdk-17.0.1;C:\Program Files\Common Files\Oracle\Java\javapath;C:\Program Files\Eclipse Adoptium\jdk-17.0.1.12-hotspot\bin;C:\Python310\Scripts\;C:\Python310\;C:\WINDOWS\system32;C:\WINDOWS;C:\WINDOWS\System32\Wbem;C:\WINDOWS\System32\WindowsPowerShell\v1.0\;C:\WINDOWS\System32\OpenSSH\;C:\Program Files\nodejs\;C:\ProgramData\chocolatey\bin;C:\Users\royst\AppData\Local\Microsoft\WindowsApps;C:\Users\royst\AppData\Local\Programs\Microsoft VS Code\bin;C:\Users\royst\AppData\Roaming\npm;C:\Users\royst\AppData\Local\GitHubDesktop\bin;C:\msys64\mingw64\bin;
USERNAME=royce
OS=Windows_NT
PROCESSOR_IDENTIFIER=AMD64 Family 23 Model 17 Stepping 0, AuthenticAMD



---------------  S Y S T E M  ---------------

OS:
 Windows 10 , 64 bit Build 19041 (10.0.19041.1348)
OS uptime: 23 days 9:09 hours

CPU: total 8 (initial active 8) (8 cores per cpu, 2 threads per core) family 23 model 17 stepping 0 microcode 0x0, cx8, cmov, fxsr, ht, mmx, 3dnowpref, sse, sse2, sse3, ssse3, sse4a, sse4.1, sse4.2, popcnt, lzcnt, tsc, tscinvbit, avx, avx2, aes, clmul, bmi1, bmi2, adx, sha, fma, vzeroupper, clflush, clflushopt

Memory: 4k page, system-wide physical 7069M (1735M free)
TotalPageFile size 9569M (AvailPageFile size 11M)
current process WorkingSet (physical memory assigned to process): 297M, peak: 297M
current process commit charge ("private bytes"): 359M, peak: 967M

vm_info: OpenJDK 64-Bit Server VM (17.0.1+12) for windows-amd64 JRE (17.0.1+12), built on Oct 20 2021 07:42:55 by "" with MS VC++ 16.7 (VS2019)

END.
