#
# There is insufficient memory for the Java Runtime Environment to continue.
# Native memory allocation (mmap) failed to map 117440512 bytes for G1 virtual space
# Possible reasons:
#   The system is out of physical RAM or swap space
#   The process is running with CompressedOops enabled, and the Java Heap may be blocking the growth of the native heap
# Possible solutions:
#   Reduce memory load on the system
#   Increase physical memory or swap space
#   Check if swap backing store is full
#   Decrease Java heap size (-Xmx/-Xms)
#   Decrease number of Java threads
#   Decrease Java thread stack sizes (-Xss)
#   Set larger code cache with -XX:ReservedCodeCacheSize=
#   JVM is running with Unscaled Compressed Oops mode in which the Java heap is
#     placed in the first 4GB address space. The Java Heap base address is the
#     maximum limit for the native heap growth. Please use -XX:HeapBaseMinAddress
#     to set the Java Heap base and to place the Java Heap above 4GB virtual address.
# This output file may be truncated or incomplete.
#
#  Out of Memory Error (os_windows.cpp:3469), pid=11720, tid=4188
#
# JRE version:  (17.0.1+12) (build )
# Java VM: Java HotSpot(TM) 64-Bit Server VM (17.0.1+12-LTS-39, mixed mode, sharing, tiered, compressed oops, compressed class ptrs, g1 gc, windows-amd64)
# No core dump will be written. Minidumps are not enabled by default on client versions of Windows
#

---------------  S U M M A R Y ------------

Command Line: --add-modules=ALL-DEFAULT jdk.compiler/com.sun.tools.javac.launcher.Main .\CoinFlip.java

Host: AMD Ryzen 5 2500U with Radeon Vega Mobile Gfx  , 8 cores, 6G,  Windows 10 , 64 bit Build 19041 (10.0.19041.1348)
Time: Tue Dec 14 21:05:24 2021 India Standard Time elapsed time: 0.022043 seconds (0d 0h 0m 0s)

---------------  T H R E A D  ---------------

Current thread (0x000001de8913abe0):  JavaThread "Unknown thread" [_thread_in_vm, id=4188, stack(0x0000007964300000,0x0000007964400000)]

Stack: [0x0000007964300000,0x0000007964400000]
Native frames: (J=compiled Java code, j=interpreted, Vv=VM code, C=native code)
V  [jvm.dll+0x66fa1a]
V  [jvm.dll+0x7ce5a4]
V  [jvm.dll+0x7cfd4e]
V  [jvm.dll+0x7d03b3]
V  [jvm.dll+0x242b05]
V  [jvm.dll+0x66ca39]
V  [jvm.dll+0x661502]
V  [jvm.dll+0x30081b]
V  [jvm.dll+0x307da6]
V  [jvm.dll+0x357a1e]
V  [jvm.dll+0x357c4f]
V  [jvm.dll+0x2d7ad8]
V  [jvm.dll+0x2d8a44]
V  [jvm.dll+0x7a01e1]
V  [jvm.dll+0x365791]
V  [jvm.dll+0x77f6cc]
V  [jvm.dll+0x3e812f]
V  [jvm.dll+0x3e9bd1]
C  [jli.dll+0x527b]
C  [ucrtbase.dll+0x21bb2]
C  [KERNEL32.DLL+0x17034]
C  [ntdll.dll+0x52651]


---------------  P R O C E S S  ---------------

Threads class SMR info:
_java_thread_list=0x00007ffae5717818, length=0, elements={
}

Java Threads: ( => current thread )

Other Threads:
  0x000001de8b1b5d80 GCTaskThread "GC Thread#0" [stack: 0x0000007964400000,0x0000007964500000] [id=12072]
  0x000001de8b1c58e0 ConcurrentGCThread "G1 Main Marker" [stack: 0x0000007964500000,0x0000007964600000] [id=13852]
  0x000001de8b1c6200 ConcurrentGCThread "G1 Conc#0" [stack: 0x0000007964600000,0x0000007964700000] [id=6552]

[error occurred during error reporting (printing all threads), id 0xc0000005, EXCEPTION_ACCESS_VIOLATION (0xc0000005) at pc=0x00007ffae4f684b7]

VM state: not at safepoint (not fully initialized)

VM Mutex/Monitor currently owned by a thread:  ([mutex/lock_event])
[0x000001de8b17a290] Heap_lock - owner thread: 0x000001de8913abe0

Heap address: 0x0000000091800000, size: 1768 MB, Compressed Oops mode: 32-bit

CDS archive(s) mapped at: [0x0000000000000000-0x0000000000000000-0x0000000000000000), size 0, SharedBaseAddress: 0x0000000800000000, ArchiveRelocationMode: 0.
Narrow klass base: 0x0000000000000000, Narrow klass shift: 0, Narrow klass range: 0x0

GC Precious Log:
<Empty>

Heap:
 garbage-first heap   total 0K, used 0K [0x0000000091800000, 0x0000000100000000)
  region size 1024K, 0 young (0K), 0 survivors (0K)

[error occurred during error reporting (printing heap information), id 0xc0000005, EXCEPTION_ACCESS_VIOLATION (0xc0000005) at pc=0x00007ffae5348d89]

GC Heap History (0 events):
No events

Deoptimization events (0 events):
No events

Classes unloaded (0 events):
No events

Classes redefined (0 events):
No events

Internal exceptions (0 events):
No events

VM Operations (0 events):
No events

Events (1 events):
Event: 0.013 Loaded shared library C:\Program Files\Java\jdk-17.0.1\bin\java.dll


Dynamic libraries:
0x00007ff6c3470000 - 0x00007ff6c3480000 	C:\Program Files\Java\jdk-17.0.1\bin\java.exe
0x00007ffb11470000 - 0x00007ffb11665000 	C:\WINDOWS\SYSTEM32\ntdll.dll
0x00007ffb10100000 - 0x00007ffb101be000 	C:\WINDOWS\System32\KERNEL32.DLL
0x00007ffb0eed0000 - 0x00007ffb0f198000 	C:\WINDOWS\System32\KERNELBASE.dll
0x00007ffb0f250000 - 0x00007ffb0f350000 	C:\WINDOWS\System32\ucrtbase.dll
0x00007ffb0bc80000 - 0x00007ffb0bc9a000 	C:\Program Files\Java\jdk-17.0.1\bin\VCRUNTIME140.dll
0x00007ffb0bc60000 - 0x00007ffb0bc78000 	C:\Program Files\Java\jdk-17.0.1\bin\jli.dll
0x00007ffb0fc60000 - 0x00007ffb0fd0c000 	C:\WINDOWS\System32\ADVAPI32.dll
0x00007ffb0f760000 - 0x00007ffb0f7fe000 	C:\WINDOWS\System32\msvcrt.dll
0x00007ffb10b10000 - 0x00007ffb10bab000 	C:\WINDOWS\System32\sechost.dll
0x00007ffb109e0000 - 0x00007ffb10b0a000 	C:\WINDOWS\System32\RPCRT4.dll
0x00007ffb0ff20000 - 0x00007ffb100c1000 	C:\WINDOWS\System32\USER32.dll
0x00007ffb0df90000 - 0x00007ffb0e22a000 	C:\WINDOWS\WinSxS\amd64_microsoft.windows.common-controls_6595b64144ccf1df_6.0.19041.1110_none_60b5254171f9507e\COMCTL32.dll
0x00007ffb0f490000 - 0x00007ffb0f4b2000 	C:\WINDOWS\System32\win32u.dll
0x00007ffb100d0000 - 0x00007ffb100fb000 	C:\WINDOWS\System32\GDI32.dll
0x00007ffb0f380000 - 0x00007ffb0f48b000 	C:\WINDOWS\System32\gdi32full.dll
0x00007ffb0bd20000 - 0x00007ffb0bd2a000 	C:\WINDOWS\SYSTEM32\VERSION.dll
0x00007ffb0ee30000 - 0x00007ffb0eecd000 	C:\WINDOWS\System32\msvcp_win.dll
0x00007ffb11350000 - 0x00007ffb11380000 	C:\WINDOWS\System32\IMM32.DLL
0x00007ffb0b9f0000 - 0x00007ffb0b9fc000 	C:\Program Files\Java\jdk-17.0.1\bin\vcruntime140_1.dll
0x00007ffaed500000 - 0x00007ffaed58d000 	C:\Program Files\Java\jdk-17.0.1\bin\msvcp140.dll
0x00007ffae4c80000 - 0x00007ffae583e000 	C:\Program Files\Java\jdk-17.0.1\bin\server\jvm.dll
0x00007ffb0fc50000 - 0x00007ffb0fc58000 	C:\WINDOWS\System32\PSAPI.DLL
0x00007ffb045e0000 - 0x00007ffb04607000 	C:\WINDOWS\SYSTEM32\WINMM.dll
0x00007ffb0b9a0000 - 0x00007ffb0b9a9000 	C:\WINDOWS\SYSTEM32\WSOCK32.dll
0x00007ffb0fb80000 - 0x00007ffb0fbeb000 	C:\WINDOWS\System32\WS2_32.dll
0x00007ffb0bd40000 - 0x00007ffb0bd52000 	C:\WINDOWS\SYSTEM32\kernel.appcore.dll
0x00007ffb0b9e0000 - 0x00007ffb0b9ea000 	C:\Program Files\Java\jdk-17.0.1\bin\jimage.dll
0x00007ffb0e590000 - 0x00007ffb0e774000 	C:\WINDOWS\SYSTEM32\DBGHELP.DLL
0x00007ffb0e4e0000 - 0x00007ffb0e50c000 	C:\WINDOWS\SYSTEM32\dbgcore.DLL
0x00007ffb0ed40000 - 0x00007ffb0edc3000 	C:\WINDOWS\System32\bcryptPrimitives.dll
0x00007ffaf9b50000 - 0x00007ffaf9b75000 	C:\Program Files\Java\jdk-17.0.1\bin\java.dll

dbghelp: loaded successfully - version: 4.0.5 - missing functions: none
symbol engine: initialized successfully - sym options: 0x614 - pdb path: .;C:\Program Files\Java\jdk-17.0.1\bin;C:\WINDOWS\SYSTEM32;C:\WINDOWS\WinSxS\amd64_microsoft.windows.common-controls_6595b64144ccf1df_6.0.19041.1110_none_60b5254171f9507e;C:\Program Files\Java\jdk-17.0.1\bin\server

VM Arguments:
jvm_args: --add-modules=ALL-DEFAULT 
java_command: jdk.compiler/com.sun.tools.javac.launcher.Main .\CoinFlip.java
java_class_path (initial): .
Launcher Type: SUN_STANDARD

[Global flags]
     intx CICompilerCount                          = 4                                         {product} {ergonomic}
     uint ConcGCThreads                            = 2                                         {product} {ergonomic}
     uint G1ConcRefinementThreads                  = 8                                         {product} {ergonomic}
   size_t G1HeapRegionSize                         = 1048576                                   {product} {ergonomic}
    uintx GCDrainStackTargetSize                   = 64                                        {product} {ergonomic}
   size_t InitialHeapSize                          = 117440512                                 {product} {ergonomic}
   size_t MarkStackSize                            = 4194304                                   {product} {ergonomic}
   size_t MaxHeapSize                              = 1853882368                                {product} {ergonomic}
   size_t MinHeapDeltaBytes                        = 1048576                                   {product} {ergonomic}
   size_t MinHeapSize                              = 8388608                                   {product} {ergonomic}
    uintx NonNMethodCodeHeapSize                   = 5839372                                {pd product} {ergonomic}
    uintx NonProfiledCodeHeapSize                  = 122909434                              {pd product} {ergonomic}
    uintx ProfiledCodeHeapSize                     = 122909434                              {pd product} {ergonomic}
    uintx ReservedCodeCacheSize                    = 251658240                              {pd product} {ergonomic}
     bool SegmentedCodeCache                       = true                                      {product} {ergonomic}
   size_t SoftMaxHeapSize                          = 1853882368                             {manageable} {ergonomic}
     bool UseCompressedClassPointers               = true                           {product lp64_product} {ergonomic}
     bool UseCompressedOops                        = true                           {product lp64_product} {ergonomic}
     bool UseG1GC                                  = true                                      {product} {ergonomic}
     bool UseLargePagesIndividualAllocation        = false                                  {pd product} {ergonomic}

Logging:
Log output configuration:
 #0: stdout all=warning uptime,level,tags
 #1: stderr all=off uptime,level,tags

Environment Variables:
PATH=C:\Program Files\Java\jdk-17.0.1;C:\Program Files\Common Files\Oracle\Java\javapath;C:\Program Files\Eclipse Adoptium\jdk-17.0.1.12-hotspot\bin;C:\Python310\Scripts\;C:\Python310\;C:\WINDOWS\system32;C:\WINDOWS;C:\WINDOWS\System32\Wbem;C:\WINDOWS\System32\WindowsPowerShell\v1.0\;C:\WINDOWS\System32\OpenSSH\;C:\Program Files\nodejs\;C:\ProgramData\chocolatey\bin;C:\Users\royst\AppData\Local\Microsoft\WindowsApps;C:\Users\royst\AppData\Local\Programs\Microsoft VS Code\bin;C:\Users\royst\AppData\Roaming\npm;C:\Users\royst\AppData\Local\GitHubDesktop\bin;C:\msys64\mingw64\bin;
USERNAME=royce
LANG=en_US.UTF-8
OS=Windows_NT
PROCESSOR_IDENTIFIER=AMD64 Family 23 Model 17 Stepping 0, AuthenticAMD



---------------  S Y S T E M  ---------------

OS:
 Windows 10 , 64 bit Build 19041 (10.0.19041.1348)
OS uptime: 23 days 7:26 hours

CPU: total 8 (initial active 8) (8 cores per cpu, 2 threads per core) family 23 model 17 stepping 0 microcode 0x0, cx8, cmov, fxsr, ht, mmx, 3dnowpref, sse, sse2, sse3, ssse3, sse4a, sse4.1, sse4.2, popcnt, lzcnt, tsc, tscinvbit, avx, avx2, aes, clmul, bmi1, bmi2, adx, sha, fma, vzeroupper, clflush, clflushopt

Memory: 4k page, system-wide physical 7069M (2285M free)
TotalPageFile size 9569M (AvailPageFile size 94M)
current process WorkingSet (physical memory assigned to process): 10M, peak: 10M
current process commit charge ("private bytes"): 59M, peak: 171M

vm_info: Java HotSpot(TM) 64-Bit Server VM (17.0.1+12-LTS-39) for windows-amd64 JRE (17.0.1+12-LTS-39), built on Sep 27 2021 18:41:35 by "mach5one" with MS VC++ 16.8 (VS2019)

END.
